2023-07-12 14:21:54,224 - root - INFO - 端口对应的pid:['21989', '']
2023-07-12 14:21:54,225 - root - INFO - pid数量:5
2023-07-12 14:21:54,225 - root - INFO - pid:21989
2023-07-12 14:21:54,225 - root - INFO - kill -s 9 21989
2023-07-12 14:21:54,228 - root - INFO - kill 21989 success
2023-07-12 14:21:54,296 - root - INFO - 端口对应的pid:['']
2023-07-12 14:21:54,297 - root - INFO - pid数量:0
2023-07-12 14:21:54,297 - root - INFO - pid:
2023-07-12 14:21:54,297 - root - INFO - 未查到端口-65535进程:
2023-07-12 14:21:54,363 - root - INFO - 端口对应的pid:['']
2023-07-12 14:21:54,363 - root - INFO - pid数量:0
2023-07-12 14:21:54,364 - root - INFO - pid:
2023-07-12 14:21:54,364 - root - INFO - 未查到端口-65535进程:
2023-07-12 14:21:54,364 - root - INFO - /Users/lilei/Desktop/AutoTestDome
2023-07-12 14:21:54,364 - root - INFO - 临时文件存放路径：/Users/lilei/Desktop/AutoTestDome/output/report/temporaryAllureFile/2023-07-12/14-21-54
2023-07-12 14:21:54,365 - root - INFO - 报告文件：：/Users/lilei/Desktop/AutoTestDome/output/report/allureResult/2023-07-12/14-21-54
2023-07-12 14:21:54,365 - root - INFO - 测试用例地址：/Users/lilei/Desktop/AutoTestDome/test_case/test_dome.py
2023-07-12 14:21:54,570 - root - INFO - 请求URL：http://8.140.20.209:8877/updateUserInfo?tel=11111111111
2023-07-12 14:21:54,571 - root - INFO - 请求信息头：{'Content-Type': 'application/json'}
2023-07-12 14:21:54,693 - root - INFO - 返回参数:{'code': 1, 'msg': '请检查手机号是否正确'}
2023-07-12 14:21:54,694 - root - INFO - ------------TEST RESULT-------------
2023-07-12 14:21:54,694 - root - INFO - reponse_data:{'code': 1, 'msg': '请检查手机号是否正确'}
2023-07-12 14:21:56,852 - root - INFO - 请求参数：{"msg_type": "text", "content": {"msg": "zeppelin0.9\u544a\u8b66\u901a\u77e5", "text": "test_dome\u811a\u672c\u8fd0\u884c\u5b8c\u6210\uff0c\u6d4b\u8bd5\u62a5\u544a\u5730\u5740\uff1ahttp://123.125.172.125:65535"}}
2023-07-12 14:21:56,852 - root - INFO - 请求信息头：{'Content-Type': 'application/json;charset=utf-8'}
2023-07-12 14:21:57,255 - root - INFO - 返回参数:{'StatusCode': 0, 'StatusMessage': 'success', 'code': 0, 'data': {}, 'msg': 'success'}
2023-07-12 14:21:57,255 - root - INFO - 发送飞书消息。返回结果：{'StatusCode': 0, 'StatusMessage': 'success', 'code': 0, 'data': {}, 'msg': 'success'}
2023-07-12 14:22:31,745 - root - INFO - 端口对应的pid:['83885', '']
2023-07-12 14:22:31,746 - root - INFO - pid数量:5
2023-07-12 14:22:31,746 - root - INFO - pid:83885
2023-07-12 14:22:31,746 - root - INFO - kill -s 9 83885
2023-07-12 14:22:31,750 - root - INFO - kill 83885 success
2023-07-12 14:22:31,816 - root - INFO - 端口对应的pid:['']
2023-07-12 14:22:31,816 - root - INFO - pid数量:0
2023-07-12 14:22:31,817 - root - INFO - pid:
2023-07-12 14:22:31,817 - root - INFO - 未查到端口-65535进程:
2023-07-12 14:22:31,883 - root - INFO - 端口对应的pid:['']
2023-07-12 14:22:31,883 - root - INFO - pid数量:0
2023-07-12 14:22:31,884 - root - INFO - pid:
2023-07-12 14:22:31,884 - root - INFO - 未查到端口-65535进程:
2023-07-12 14:22:31,884 - root - INFO - /Users/lilei/Desktop/AutoTestDome
2023-07-12 14:22:31,884 - root - INFO - 临时文件存放路径：/Users/lilei/Desktop/AutoTestDome/output/report/temporaryAllureFile/2023-07-12/14-22-31
2023-07-12 14:22:31,884 - root - INFO - 报告文件：：/Users/lilei/Desktop/AutoTestDome/output/report/allureResult/2023-07-12/14-22-31
2023-07-12 14:22:31,885 - root - INFO - 测试用例地址：/Users/lilei/Desktop/AutoTestDome/test_case/test_dome.py
2023-07-12 14:22:31,966 - root - INFO - 请求URL：http://8.140.20.209:8877/updateUserInfo?tel=11111111111
2023-07-12 14:22:31,966 - root - INFO - 请求信息头：{'Content-Type': 'application/json'}
2023-07-12 14:22:32,035 - root - INFO - 返回参数:{'code': 1, 'msg': '请检查手机号是否正确'}
2023-07-12 14:22:32,036 - root - INFO - ------------TEST RESULT-------------
2023-07-12 14:22:32,036 - root - INFO - reponse_data:{'code': 1, 'msg': '请检查手机号是否正确'}
2023-07-12 14:22:33,888 - root - INFO - 请求参数：{"msg_type": "text", "content": {"msg": "zeppelin0.9\u544a\u8b66\u901a\u77e5", "text": "test_dome\u811a\u672c\u8fd0\u884c\u5b8c\u6210\uff0c\u6d4b\u8bd5\u62a5\u544a\u5730\u5740\uff1ahttp://123.125.172.125:65535"}}
2023-07-12 14:22:33,888 - root - INFO - 请求信息头：{'Content-Type': 'application/json;charset=utf-8'}
2023-07-12 14:22:34,360 - root - INFO - 返回参数:{'StatusCode': 0, 'StatusMessage': 'success', 'code': 0, 'data': {}, 'msg': 'success'}
2023-07-12 14:22:34,361 - root - INFO - 发送飞书消息。返回结果：{'StatusCode': 0, 'StatusMessage': 'success', 'code': 0, 'data': {}, 'msg': 'success'}
2023-07-12 14:23:07,721 - root - INFO - /Users/lilei/Desktop/AutoTestDome/commons
2023-07-12 14:23:07,721 - root - INFO - 临时文件存放路径：/Users/lilei/Desktop/AutoTestDome/output/report/temporaryAllureFile/2023-07-12/14-23-07
2023-07-12 14:23:07,722 - root - INFO - 报告文件：：/Users/lilei/Desktop/AutoTestDome/output/report/allureResult/2023-07-12/14-23-07
2023-07-12 14:23:07,722 - root - INFO - 测试用例地址：/Users/lilei/Desktop/AutoTestDome/test_case/test_dame.py
2023-07-12 14:23:24,540 - root - INFO - /Users/lilei/Desktop/AutoTestDome/commons
2023-07-12 14:23:24,540 - root - INFO - 临时文件存放路径：/Users/lilei/Desktop/AutoTestDome/output/report/temporaryAllureFile/2023-07-12/14-23-24
2023-07-12 14:23:24,541 - root - INFO - 报告文件：：/Users/lilei/Desktop/AutoTestDome/output/report/allureResult/2023-07-12/14-23-24
2023-07-12 14:23:24,541 - root - INFO - 测试用例地址：/Users/lilei/Desktop/AutoTestDome/test_case/test_dame.py
2023-07-12 14:24:14,183 - root - INFO - 端口对应的pid:['84206', '']
2023-07-12 14:24:14,184 - root - INFO - pid数量:5
2023-07-12 14:24:14,184 - root - INFO - pid:84206
2023-07-12 14:24:14,185 - root - INFO - kill -s 9 84206
2023-07-12 14:24:14,188 - root - INFO - kill 84206 success
2023-07-12 14:24:14,256 - root - INFO - 端口对应的pid:['']
2023-07-12 14:24:14,256 - root - INFO - pid数量:0
2023-07-12 14:24:14,257 - root - INFO - pid:
2023-07-12 14:24:14,257 - root - INFO - 未查到端口-65535进程:
2023-07-12 14:24:14,321 - root - INFO - 端口对应的pid:['']
2023-07-12 14:24:14,322 - root - INFO - pid数量:0
2023-07-12 14:24:14,322 - root - INFO - pid:
2023-07-12 14:24:14,322 - root - INFO - 未查到端口-65535进程:
2023-07-12 14:24:14,322 - root - INFO - /Users/lilei/Desktop/AutoTestDome
2023-07-12 14:24:14,323 - root - INFO - 临时文件存放路径：/Users/lilei/Desktop/AutoTestDome/output/report/temporaryAllureFile/2023-07-12/14-24-14
2023-07-12 14:24:14,323 - root - INFO - 报告文件：：/Users/lilei/Desktop/AutoTestDome/output/report/allureResult/2023-07-12/14-24-14
2023-07-12 14:24:14,323 - root - INFO - 测试用例地址：/Users/lilei/Desktop/AutoTestDome/test_case/test_dome.py
2023-07-12 14:24:14,527 - root - INFO - 请求URL：http://8.140.20.209:8877/updateUserInfo?tel=11111111111
2023-07-12 14:24:14,527 - root - INFO - 请求信息头：{'Content-Type': 'application/json'}
2023-07-12 14:24:14,585 - root - INFO - 返回参数:{'code': 1, 'msg': '请检查手机号是否正确'}
2023-07-12 14:24:14,586 - root - INFO - ------------TEST RESULT-------------
2023-07-12 14:24:14,586 - root - INFO - reponse_data:{'code': 1, 'msg': '请检查手机号是否正确'}
2023-07-12 14:24:16,697 - root - INFO - 请求参数：{"msg_type": "text", "content": {"msg": "zeppelin0.9\u544a\u8b66\u901a\u77e5", "text": "test_dome\u811a\u672c\u8fd0\u884c\u5b8c\u6210\uff0c\u6d4b\u8bd5\u62a5\u544a\u5730\u5740\uff1ahttp://123.125.172.125:65535"}}
2023-07-12 14:24:16,697 - root - INFO - 请求信息头：{'Content-Type': 'application/json;charset=utf-8'}
2023-07-12 14:24:17,068 - root - INFO - 返回参数:{'StatusCode': 0, 'StatusMessage': 'success', 'code': 0, 'data': {}, 'msg': 'success'}
2023-07-12 14:24:17,068 - root - INFO - 发送飞书消息。返回结果：{'StatusCode': 0, 'StatusMessage': 'success', 'code': 0, 'data': {}, 'msg': 'success'}
2023-07-12 14:48:27,231 - root - INFO - 端口对应的pid:['85134', '']
2023-07-12 14:48:27,232 - root - INFO - pid数量:5
2023-07-12 14:48:27,232 - root - INFO - pid:85134
2023-07-12 14:48:27,232 - root - INFO - kill -s 9 85134
2023-07-12 14:48:27,235 - root - INFO - kill 85134 success
2023-07-12 14:48:27,304 - root - INFO - 端口对应的pid:['']
2023-07-12 14:48:27,305 - root - INFO - pid数量:0
2023-07-12 14:48:27,305 - root - INFO - pid:
2023-07-12 14:48:27,305 - root - INFO - 未查到端口-65535进程:
2023-07-12 14:48:27,371 - root - INFO - 端口对应的pid:['']
2023-07-12 14:48:27,372 - root - INFO - pid数量:0
2023-07-12 14:48:27,372 - root - INFO - pid:
2023-07-12 14:48:27,372 - root - INFO - 未查到端口-65535进程:
2023-07-12 14:48:27,372 - root - INFO - /Users/lilei/Desktop/AutoTestDome
2023-07-12 14:48:27,373 - root - INFO - 临时文件存放路径：/Users/lilei/Desktop/AutoTestDome/output/report/temporaryAllureFile/2023-07-12/14-48-27
2023-07-12 14:48:27,373 - root - INFO - 报告文件：：/Users/lilei/Desktop/AutoTestDome/output/report/allureResult/2023-07-12/14-48-27
2023-07-12 14:48:27,373 - root - INFO - 测试用例地址：/Users/lilei/Desktop/AutoTestDome/test_case/test_dome.py
2023-07-12 14:48:27,570 - root - INFO - 请求URL：http://8.140.20.209:8877/updateUserInfo?tel=11111111111
2023-07-12 14:48:27,587 - root - INFO - 请求信息头：{'Content-Type': 'application/json'}
2023-07-12 14:48:27,646 - root - INFO - 返回参数:{'code': 1, 'msg': '请检查手机号是否正确'}
2023-07-12 14:48:27,647 - root - INFO - ------------TEST RESULT-------------
2023-07-12 14:48:27,647 - root - INFO - reponse_data:{'code': 1, 'msg': '请检查手机号是否正确'}
2023-07-12 14:48:30,449 - root - INFO - 请求参数：{"msg_type": "text", "content": {"msg": "zeppelin0.9\u544a\u8b66\u901a\u77e5", "text": "test_dome\u811a\u672c\u8fd0\u884c\u5b8c\u6210\uff0c\u6d4b\u8bd5\u62a5\u544a\u5730\u5740\uff1ahttp://123.125.172.124:65535"}}
2023-07-12 14:48:30,450 - root - INFO - 请求信息头：{'Content-Type': 'application/json;charset=utf-8'}
2023-07-12 14:48:30,796 - root - INFO - 返回参数:{'StatusCode': 0, 'StatusMessage': 'success', 'code': 0, 'data': {}, 'msg': 'success'}
2023-07-12 14:48:30,797 - root - INFO - 发送飞书消息。返回结果：{'StatusCode': 0, 'StatusMessage': 'success', 'code': 0, 'data': {}, 'msg': 'success'}
2023-07-12 14:53:07,898 - root - INFO - 端口对应的pid:['5548', '']
2023-07-12 14:53:07,899 - root - INFO - pid数量:4
2023-07-12 14:53:07,899 - root - INFO - pid:5548
2023-07-12 14:53:07,899 - root - INFO - kill -s 9 5548
2023-07-12 14:53:07,903 - root - INFO - kill 5548 success
2023-07-12 14:53:08,090 - root - INFO - 端口对应的pid:['95690', '']
2023-07-12 14:53:08,091 - root - INFO - pid数量:5
2023-07-12 14:53:08,092 - root - INFO - pid:95690
2023-07-12 14:53:08,092 - root - INFO - kill -s 9 95690
2023-07-12 14:53:08,106 - root - INFO - kill 95690 success
2023-07-12 14:53:08,207 - root - INFO - 端口对应的pid:['']
2023-07-12 14:53:08,208 - root - INFO - pid数量:0
2023-07-12 14:53:08,208 - root - INFO - pid:
2023-07-12 14:53:08,208 - root - INFO - 未查到端口-65535进程:
2023-07-12 14:53:08,210 - root - INFO - /Users/lilei/Desktop/AutoTestDome
2023-07-12 14:53:08,210 - root - INFO - 临时文件存放路径：/Users/lilei/Desktop/AutoTestDome/output/report/temporaryAllureFile/2023-07-12/14-53-08
2023-07-12 14:53:08,210 - root - INFO - 报告文件：：/Users/lilei/Desktop/AutoTestDome/output/report/allureResult/2023-07-12/14-53-08
2023-07-12 14:53:08,211 - root - INFO - 测试用例地址：/Users/lilei/Desktop/AutoTestDome/test_case/test_dome.py
2023-07-12 14:53:08,478 - root - INFO - 请求URL：http://8.140.20.209:8877/updateUserInfo?tel=11111111111
2023-07-12 14:53:08,479 - root - INFO - 请求信息头：{'Content-Type': 'application/json'}
2023-07-12 14:53:08,555 - root - INFO - 返回参数:{'code': 1, 'msg': '请检查手机号是否正确'}
2023-07-12 14:53:08,556 - root - INFO - ------------TEST RESULT-------------
2023-07-12 14:53:08,557 - root - INFO - reponse_data:{'code': 1, 'msg': '请检查手机号是否正确'}
2023-07-12 14:53:10,973 - root - INFO - 请求参数：{"msg_type": "text", "content": {"msg": "zeppelin0.9\u544a\u8b66\u901a\u77e5", "text": "test_dome\u811a\u672c\u8fd0\u884c\u5b8c\u6210\uff0c\u6d4b\u8bd5\u62a5\u544a\u5730\u5740\uff1ahttp://123.125.172.124:65535"}}
2023-07-12 14:53:10,974 - root - INFO - 请求信息头：{'Content-Type': 'application/json;charset=utf-8'}
2023-07-12 14:53:11,343 - root - INFO - 返回参数:{'StatusCode': 0, 'StatusMessage': 'success', 'code': 0, 'data': {}, 'msg': 'success'}
2023-07-12 14:53:11,343 - root - INFO - 发送飞书消息。返回结果：{'StatusCode': 0, 'StatusMessage': 'success', 'code': 0, 'data': {}, 'msg': 'success'}
2023-07-12 14:53:29,921 - root - INFO - 端口对应的pid:['']
2023-07-12 14:53:29,922 - root - INFO - pid数量:0
2023-07-12 14:53:29,922 - root - INFO - pid:
2023-07-12 14:53:29,922 - root - INFO - 未查到端口-65535进程:
2023-07-12 14:53:29,923 - root - INFO - /Users/lilei/Desktop/AutoTestDome
2023-07-12 14:53:29,923 - root - INFO - 临时文件存放路径：/Users/lilei/Desktop/AutoTestDome/output/report/temporaryAllureFile/2023-07-12/14-53-29
2023-07-12 14:53:29,923 - root - INFO - 报告文件：：/Users/lilei/Desktop/AutoTestDome/output/report/allureResult/2023-07-12/14-53-29
2023-07-12 14:53:29,923 - root - INFO - 测试用例地址：/Users/lilei/Desktop/AutoTestDome/test_case/test_dome.py
2023-07-12 14:53:30,108 - root - INFO - 请求URL：http://8.140.20.209:8877/updateUserInfo?tel=11111111111
2023-07-12 14:53:30,108 - root - INFO - 请求信息头：{'Content-Type': 'application/json'}
2023-07-12 14:53:30,182 - root - INFO - 返回参数:{'code': 1, 'msg': '请检查手机号是否正确'}
2023-07-12 14:53:30,182 - root - INFO - ------------TEST RESULT-------------
2023-07-12 14:53:30,182 - root - INFO - reponse_data:{'code': 1, 'msg': '请检查手机号是否正确'}
2023-07-12 14:53:32,828 - root - INFO - 请求参数：{"msg_type": "text", "content": {"msg": "zeppelin0.9\u544a\u8b66\u901a\u77e5", "text": "test_dome\u811a\u672c\u8fd0\u884c\u5b8c\u6210\uff0c\u6d4b\u8bd5\u62a5\u544a\u5730\u5740\uff1ahttp://123.125.172.124:65535"}}
2023-07-12 14:53:32,828 - root - INFO - 请求信息头：{'Content-Type': 'application/json;charset=utf-8'}
2023-07-12 14:53:33,209 - root - INFO - 返回参数:{'StatusCode': 0, 'StatusMessage': 'success', 'code': 0, 'data': {}, 'msg': 'success'}
2023-07-12 14:53:33,209 - root - INFO - 发送飞书消息。返回结果：{'StatusCode': 0, 'StatusMessage': 'success', 'code': 0, 'data': {}, 'msg': 'success'}
2023-07-12 14:54:48,574 - root - INFO - 端口对应的pid:['98031', '']
2023-07-12 14:54:48,575 - root - INFO - pid数量:5
2023-07-12 14:54:48,575 - root - INFO - pid:98031
2023-07-12 14:54:48,575 - root - INFO - kill -s 9 98031
2023-07-12 14:54:48,578 - root - INFO - kill 98031 success
2023-07-12 14:54:48,645 - root - INFO - 端口对应的pid:['']
2023-07-12 14:54:48,645 - root - INFO - pid数量:0
2023-07-12 14:54:48,646 - root - INFO - pid:
2023-07-12 14:54:48,646 - root - INFO - 未查到端口-65535进程:
2023-07-12 14:54:48,711 - root - INFO - 端口对应的pid:['']
2023-07-12 14:54:48,711 - root - INFO - pid数量:0
2023-07-12 14:54:48,711 - root - INFO - pid:
2023-07-12 14:54:48,712 - root - INFO - 未查到端口-65535进程:
2023-07-12 14:54:48,712 - root - INFO - /Users/lilei/Desktop/AutoTestDome
2023-07-12 14:54:48,712 - root - INFO - 临时文件存放路径：/Users/lilei/Desktop/AutoTestDome/output/report/temporaryAllureFile/2023-07-12/14-54-48
2023-07-12 14:54:48,712 - root - INFO - 报告文件：：/Users/lilei/Desktop/AutoTestDome/output/report/allureResult/2023-07-12/14-54-48
2023-07-12 14:54:48,713 - root - INFO - 测试用例地址：/Users/lilei/Desktop/AutoTestDome/test_case/test_dome.py
2023-07-12 14:54:48,906 - root - INFO - 请求URL：http://8.140.20.209:8877/updateUserInfo?tel=11111111111
2023-07-12 14:54:48,906 - root - INFO - 请求信息头：{'Content-Type': 'application/json'}
2023-07-12 14:54:48,981 - root - INFO - 返回参数:{'code': 1, 'msg': '请检查手机号是否正确'}
2023-07-12 14:54:48,982 - root - INFO - ------------TEST RESULT-------------
2023-07-12 14:54:48,982 - root - INFO - reponse_data:{'code': 1, 'msg': '请检查手机号是否正确'}
2023-07-12 14:54:51,320 - root - INFO - 请求参数：{"msg_type": "text", "content": {"msg": "zeppelin0.9\u544a\u8b66\u901a\u77e5", "text": "test_dome\u811a\u672c\u8fd0\u884c\u5b8c\u6210\uff0c\u6d4b\u8bd5\u62a5\u544a\u5730\u5740\uff1ahttp://123.125.172.124:65535"}}
2023-07-12 14:54:51,320 - root - INFO - 请求信息头：{'Content-Type': 'application/json;charset=utf-8'}
2023-07-12 14:54:51,689 - root - INFO - 返回参数:{'StatusCode': 0, 'StatusMessage': 'success', 'code': 0, 'data': {}, 'msg': 'success'}
2023-07-12 14:54:51,689 - root - INFO - 发送飞书消息。返回结果：{'StatusCode': 0, 'StatusMessage': 'success', 'code': 0, 'data': {}, 'msg': 'success'}
2023-07-12 14:59:00,555 - root - INFO - 端口对应的pid:['']
2023-07-12 14:59:00,556 - root - INFO - pid数量:0
2023-07-12 14:59:00,556 - root - INFO - pid:
2023-07-12 14:59:00,556 - root - INFO - 未查到端口-65535进程:
2023-07-12 14:59:00,556 - root - INFO - /Users/lilei/Desktop/AutoTestDome
2023-07-12 14:59:00,557 - root - INFO - 临时文件存放路径：/Users/lilei/Desktop/AutoTestDome/output/report/temporaryAllureFile/2023-07-12/14-59-00
2023-07-12 14:59:00,557 - root - INFO - 报告文件：：/Users/lilei/Desktop/AutoTestDome/output/report/allureResult/2023-07-12/14-59-00
2023-07-12 14:59:00,557 - root - INFO - 测试用例地址：/Users/lilei/Desktop/AutoTestDome/test_case/test_dome.py
2023-07-12 14:59:00,749 - root - INFO - 请求URL：http://8.140.20.209:8877/updateUserInfo?tel=11111111111
2023-07-12 14:59:00,751 - root - INFO - 请求信息头：{'Content-Type': 'application/json'}
2023-07-12 14:59:00,813 - root - INFO - 返回参数:{'code': 1, 'msg': '请检查手机号是否正确'}
2023-07-12 14:59:00,814 - root - INFO - ------------TEST RESULT-------------
2023-07-12 14:59:00,814 - root - INFO - reponse_data:{'code': 1, 'msg': '请检查手机号是否正确'}
2023-07-12 14:59:23,961 - root - INFO - 端口对应的pid:['1001', '']
2023-07-12 14:59:23,962 - root - INFO - pid数量:4
2023-07-12 14:59:23,962 - root - INFO - pid:1001
2023-07-12 14:59:23,962 - root - INFO - kill -s 9 1001
2023-07-12 14:59:23,966 - root - INFO - kill 1001 success
2023-07-12 14:59:24,035 - root - INFO - 端口对应的pid:['']
2023-07-12 14:59:24,035 - root - INFO - pid数量:0
2023-07-12 14:59:24,035 - root - INFO - pid:
2023-07-12 14:59:24,035 - root - INFO - 未查到端口-65535进程:
2023-07-12 14:59:24,101 - root - INFO - 端口对应的pid:['']
2023-07-12 14:59:24,102 - root - INFO - pid数量:0
2023-07-12 14:59:24,102 - root - INFO - pid:
2023-07-12 14:59:24,102 - root - INFO - 未查到端口-65535进程:
2023-07-12 14:59:24,102 - root - INFO - /Users/lilei/Desktop/AutoTestDome
2023-07-12 14:59:24,103 - root - INFO - 临时文件存放路径：/Users/lilei/Desktop/AutoTestDome/output/report/temporaryAllureFile/2023-07-12/14-59-24
2023-07-12 14:59:24,103 - root - INFO - 报告文件：：/Users/lilei/Desktop/AutoTestDome/output/report/allureResult/2023-07-12/14-59-24
2023-07-12 14:59:24,103 - root - INFO - 测试用例地址：/Users/lilei/Desktop/AutoTestDome/test_case/test_dome.py
2023-07-12 14:59:24,290 - root - INFO - 请求URL：http://8.140.20.209:8877/updateUserInfo?tel=11111111111
2023-07-12 14:59:24,290 - root - INFO - 请求信息头：{'Content-Type': 'application/json'}
2023-07-12 14:59:24,361 - root - INFO - 返回参数:{'code': 1, 'msg': '请检查手机号是否正确'}
2023-07-12 14:59:24,362 - root - INFO - ------------TEST RESULT-------------
2023-07-12 14:59:24,362 - root - INFO - reponse_data:{'code': 1, 'msg': '请检查手机号是否正确'}
2023-07-12 14:59:26,157 - root - INFO - 请求参数：{"msg_type": "text", "content": {"msg": "zeppelin0.9\u544a\u8b66\u901a\u77e5", "text": "test_dome\u811a\u672c\u8fd0\u884c\u5b8c\u6210\uff0c\u6d4b\u8bd5\u62a5\u544a\u5730\u5740\uff1ahttp://123.125.172.125:65535"}}
2023-07-12 14:59:26,157 - root - INFO - 请求信息头：{'Content-Type': 'application/json;charset=utf-8'}
2023-07-12 14:59:26,481 - root - INFO - 返回参数:{'StatusCode': 0, 'StatusMessage': 'success', 'code': 0, 'data': {}, 'msg': 'success'}
2023-07-12 14:59:26,482 - root - INFO - 发送飞书消息。返回结果：{'StatusCode': 0, 'StatusMessage': 'success', 'code': 0, 'data': {}, 'msg': 'success'}
2023-07-12 15:00:47,867 - root - INFO - 端口对应的pid:['1222', '']
2023-07-12 15:00:47,867 - root - INFO - pid数量:4
2023-07-12 15:00:47,867 - root - INFO - pid:1222
2023-07-12 15:00:47,868 - root - INFO - kill -s 9 1222
2023-07-12 15:00:47,871 - root - INFO - kill 1222 success
2023-07-12 15:00:47,939 - root - INFO - 端口对应的pid:['']
2023-07-12 15:00:47,940 - root - INFO - pid数量:0
2023-07-12 15:00:47,940 - root - INFO - pid:
2023-07-12 15:00:47,940 - root - INFO - 未查到端口-65535进程:
2023-07-12 15:00:48,006 - root - INFO - 端口对应的pid:['']
2023-07-12 15:00:48,006 - root - INFO - pid数量:0
2023-07-12 15:00:48,006 - root - INFO - pid:
2023-07-12 15:00:48,007 - root - INFO - 未查到端口-65535进程:
2023-07-12 15:00:48,007 - root - INFO - /Users/lilei/Desktop/AutoTestDome
2023-07-12 15:00:48,007 - root - INFO - 临时文件存放路径：/Users/lilei/Desktop/AutoTestDome/output/report/temporaryAllureFile/2023-07-12/15-00-48
2023-07-12 15:00:48,007 - root - INFO - 报告文件：：/Users/lilei/Desktop/AutoTestDome/output/report/allureResult/2023-07-12/15-00-48
2023-07-12 15:00:48,007 - root - INFO - 测试用例地址：/Users/lilei/Desktop/AutoTestDome/test_case/test_dome.py
2023-07-12 15:00:48,198 - root - INFO - 请求URL：http://8.140.20.209:8877/updateUserInfo?tel=11111111111
2023-07-12 15:00:48,198 - root - INFO - 请求信息头：{'Content-Type': 'application/json'}
2023-07-12 15:00:48,271 - root - INFO - 返回参数:{'code': 1, 'msg': '请检查手机号是否正确'}
2023-07-12 15:00:48,271 - root - INFO - ------------TEST RESULT-------------
2023-07-12 15:00:48,271 - root - INFO - reponse_data:{'code': 1, 'msg': '请检查手机号是否正确'}
2023-07-12 15:00:50,357 - root - INFO - command:allure open /Users/lilei/Desktop/AutoTestDome/output/report/allureResult/2023-07-12/15-00-48 -h 123.125.172.125 -p 65535 &
2023-07-12 15:00:50,439 - root - INFO - 请求参数：{"msg_type": "text", "content": {"msg": "zeppelin0.9\u544a\u8b66\u901a\u77e5", "text": "test_dome\u811a\u672c\u8fd0\u884c\u5b8c\u6210\uff0c\u6d4b\u8bd5\u62a5\u544a\u5730\u5740\uff1ahttp://123.125.172.124:65535"}}
2023-07-12 15:00:50,455 - root - INFO - 请求信息头：{'Content-Type': 'application/json;charset=utf-8'}
2023-07-12 15:00:50,795 - root - INFO - 返回参数:{'StatusCode': 0, 'StatusMessage': 'success', 'code': 0, 'data': {}, 'msg': 'success'}
2023-07-12 15:00:50,796 - root - INFO - 发送飞书消息。返回结果：{'StatusCode': 0, 'StatusMessage': 'success', 'code': 0, 'data': {}, 'msg': 'success'}
2023-07-12 15:02:49,247 - root - INFO - 端口对应的pid:['']
2023-07-12 15:02:49,248 - root - INFO - pid数量:0
2023-07-12 15:02:49,248 - root - INFO - pid:
2023-07-12 15:02:49,248 - root - INFO - 未查到端口-65535进程:
2023-07-12 15:02:49,249 - root - INFO - /Users/lilei/Desktop/AutoTestDome
2023-07-12 15:02:49,249 - root - INFO - 临时文件存放路径：/Users/lilei/Desktop/AutoTestDome/output/report/temporaryAllureFile/2023-07-12/15-02-49
2023-07-12 15:02:49,249 - root - INFO - 报告文件：：/Users/lilei/Desktop/AutoTestDome/output/report/allureResult/2023-07-12/15-02-49
2023-07-12 15:02:49,249 - root - INFO - 测试用例地址：/Users/lilei/Desktop/AutoTestDome/test_case/test_dome.py
2023-07-12 15:02:49,455 - root - INFO - 请求URL：http://8.140.20.209:8877/updateUserInfo?tel=11111111111
2023-07-12 15:02:49,456 - root - INFO - 请求信息头：{'Content-Type': 'application/json'}
2023-07-12 15:02:49,519 - root - INFO - 返回参数:{'code': 1, 'msg': '请检查手机号是否正确'}
2023-07-12 15:02:49,519 - root - INFO - ------------TEST RESULT-------------
2023-07-12 15:02:49,519 - root - INFO - reponse_data:{'code': 1, 'msg': '请检查手机号是否正确'}
2023-07-12 15:02:51,583 - root - INFO - command:allure open /Users/lilei/Desktop/AutoTestDome/output/report/allureResult/2023-07-12/15-02-49 -h 123.125.172.124 -p 65535 &
2023-07-12 15:02:51,687 - root - INFO - 请求参数：{"msg_type": "text", "content": {"msg": "zeppelin0.9\u544a\u8b66\u901a\u77e5", "text": "test_dome\u811a\u672c\u8fd0\u884c\u5b8c\u6210\uff0c\u6d4b\u8bd5\u62a5\u544a\u5730\u5740\uff1ahttp://123.125.172.125:65535"}}
2023-07-12 15:02:51,687 - root - INFO - 请求信息头：{'Content-Type': 'application/json;charset=utf-8'}
2023-07-12 15:02:52,142 - root - INFO - 返回参数:{'StatusCode': 0, 'StatusMessage': 'success', 'code': 0, 'data': {}, 'msg': 'success'}
2023-07-12 15:02:52,155 - root - INFO - 发送飞书消息。返回结果：{'StatusCode': 0, 'StatusMessage': 'success', 'code': 0, 'data': {}, 'msg': 'success'}
2023-07-12 15:03:10,765 - root - INFO - 端口对应的pid:['']
2023-07-12 15:03:10,766 - root - INFO - pid数量:0
2023-07-12 15:03:10,766 - root - INFO - pid:
2023-07-12 15:03:10,766 - root - INFO - 未查到端口-65535进程:
2023-07-12 15:03:10,766 - root - INFO - /Users/lilei/Desktop/AutoTestDome
2023-07-12 15:03:10,767 - root - INFO - 临时文件存放路径：/Users/lilei/Desktop/AutoTestDome/output/report/temporaryAllureFile/2023-07-12/15-03-10
2023-07-12 15:03:10,767 - root - INFO - 报告文件：：/Users/lilei/Desktop/AutoTestDome/output/report/allureResult/2023-07-12/15-03-10
2023-07-12 15:03:10,767 - root - INFO - 测试用例地址：/Users/lilei/Desktop/AutoTestDome/test_case/test_dome.py
2023-07-12 15:03:10,947 - root - INFO - 请求URL：http://8.140.20.209:8877/updateUserInfo?tel=11111111111
2023-07-12 15:03:10,947 - root - INFO - 请求信息头：{'Content-Type': 'application/json'}
2023-07-12 15:03:11,017 - root - INFO - 返回参数:{'code': 1, 'msg': '请检查手机号是否正确'}
2023-07-12 15:03:11,018 - root - INFO - ------------TEST RESULT-------------
2023-07-12 15:03:11,018 - root - INFO - reponse_data:{'code': 1, 'msg': '请检查手机号是否正确'}
2023-07-12 15:03:22,119 - root - INFO - 端口对应的pid:['']
2023-07-12 15:03:22,120 - root - INFO - pid数量:0
2023-07-12 15:03:22,120 - root - INFO - pid:
2023-07-12 15:03:22,120 - root - INFO - 未查到端口-65535进程:
2023-07-12 15:03:22,121 - root - INFO - /Users/lilei/Desktop/AutoTestDome
2023-07-12 15:03:22,121 - root - INFO - 临时文件存放路径：/Users/lilei/Desktop/AutoTestDome/output/report/temporaryAllureFile/2023-07-12/15-03-22
2023-07-12 15:03:22,121 - root - INFO - 报告文件：：/Users/lilei/Desktop/AutoTestDome/output/report/allureResult/2023-07-12/15-03-22
2023-07-12 15:03:22,121 - root - INFO - 测试用例地址：/Users/lilei/Desktop/AutoTestDome/test_case/test_dome.py
2023-07-12 15:03:22,283 - root - INFO - 请求URL：http://8.140.20.209:8877/updateUserInfo?tel=11111111111
2023-07-12 15:03:22,283 - root - INFO - 请求信息头：{'Content-Type': 'application/json'}
2023-07-12 15:03:22,341 - root - INFO - 返回参数:{'code': 1, 'msg': '请检查手机号是否正确'}
2023-07-12 15:03:22,341 - root - INFO - ------------TEST RESULT-------------
2023-07-12 15:03:22,342 - root - INFO - reponse_data:{'code': 1, 'msg': '请检查手机号是否正确'}
2023-07-12 15:03:24,395 - root - INFO - 请求参数：{"msg_type": "text", "content": {"msg": "zeppelin0.9\u544a\u8b66\u901a\u77e5", "text": "test_dome\u811a\u672c\u8fd0\u884c\u5b8c\u6210\uff0c\u6d4b\u8bd5\u62a5\u544a\u5730\u5740\uff1ahttp://123.125.172.124:65535"}}
2023-07-12 15:03:24,396 - root - INFO - 请求信息头：{'Content-Type': 'application/json;charset=utf-8'}
2023-07-12 15:03:24,824 - root - INFO - 返回参数:{'StatusCode': 0, 'StatusMessage': 'success', 'code': 0, 'data': {}, 'msg': 'success'}
2023-07-12 15:03:24,824 - root - INFO - 发送飞书消息。返回结果：{'StatusCode': 0, 'StatusMessage': 'success', 'code': 0, 'data': {}, 'msg': 'success'}
2023-07-12 15:04:11,992 - root - INFO - 端口对应的pid:['3202', '']
2023-07-12 15:04:11,992 - root - INFO - pid数量:4
2023-07-12 15:04:11,993 - root - INFO - pid:3202
2023-07-12 15:04:11,993 - root - INFO - kill -s 9 3202
2023-07-12 15:04:11,996 - root - INFO - kill 3202 success
2023-07-12 15:04:12,102 - root - INFO - 端口对应的pid:['97785', '']
2023-07-12 15:04:12,102 - root - INFO - pid数量:5
2023-07-12 15:04:12,102 - root - INFO - pid:97785
2023-07-12 15:04:12,102 - root - INFO - kill -s 9 97785
2023-07-12 15:04:12,106 - root - INFO - kill 97785 success
2023-07-12 15:04:12,223 - root - INFO - 端口对应的pid:['']
2023-07-12 15:04:12,227 - root - INFO - pid数量:0
2023-07-12 15:04:12,228 - root - INFO - pid:
2023-07-12 15:04:12,228 - root - INFO - 未查到端口-65535进程:
2023-07-12 15:04:12,228 - root - INFO - /Users/lilei/Desktop/AutoTestDome
2023-07-12 15:04:12,229 - root - INFO - 临时文件存放路径：/Users/lilei/Desktop/AutoTestDome/output/report/temporaryAllureFile/2023-07-12/15-04-12
2023-07-12 15:04:12,229 - root - INFO - 报告文件：：/Users/lilei/Desktop/AutoTestDome/output/report/allureResult/2023-07-12/15-04-12
2023-07-12 15:04:12,229 - root - INFO - 测试用例地址：/Users/lilei/Desktop/AutoTestDome/test_case/test_dome.py
2023-07-12 15:04:12,437 - root - INFO - 请求URL：http://8.140.20.209:8877/updateUserInfo?tel=11111111111
2023-07-12 15:04:12,437 - root - INFO - 请求信息头：{'Content-Type': 'application/json'}
2023-07-12 15:04:12,499 - root - INFO - 返回参数:{'code': 1, 'msg': '请检查手机号是否正确'}
2023-07-12 15:04:12,500 - root - INFO - ------------TEST RESULT-------------
2023-07-12 15:04:12,500 - root - INFO - reponse_data:{'code': 1, 'msg': '请检查手机号是否正确'}
2023-07-12 15:04:14,314 - root - INFO - 请求参数：{"msg_type": "text", "content": {"msg": "zeppelin0.9\u544a\u8b66\u901a\u77e5", "text": "test_dome\u811a\u672c\u8fd0\u884c\u5b8c\u6210\uff0c\u6d4b\u8bd5\u62a5\u544a\u5730\u5740\uff1ahttp://123.125.172.125:65535"}}
2023-07-12 15:04:14,314 - root - INFO - 请求信息头：{'Content-Type': 'application/json;charset=utf-8'}
2023-07-12 15:04:14,684 - root - INFO - 返回参数:{'StatusCode': 0, 'StatusMessage': 'success', 'code': 0, 'data': {}, 'msg': 'success'}
2023-07-12 15:04:14,684 - root - INFO - 发送飞书消息。返回结果：{'StatusCode': 0, 'StatusMessage': 'success', 'code': 0, 'data': {}, 'msg': 'success'}
2023-07-12 15:05:29,147 - root - INFO - 端口对应的pid:['3650', '']
2023-07-12 15:05:29,148 - root - INFO - pid数量:4
2023-07-12 15:05:29,148 - root - INFO - pid:3650
2023-07-12 15:05:29,148 - root - INFO - kill -s 9 3650
2023-07-12 15:05:29,151 - root - INFO - kill 3650 success
2023-07-12 15:05:29,221 - root - INFO - 端口对应的pid:['']
2023-07-12 15:05:29,221 - root - INFO - pid数量:0
2023-07-12 15:05:29,221 - root - INFO - pid:
2023-07-12 15:05:29,221 - root - INFO - 未查到端口-65535进程:
2023-07-12 15:05:29,289 - root - INFO - 端口对应的pid:['']
2023-07-12 15:05:29,289 - root - INFO - pid数量:0
2023-07-12 15:05:29,289 - root - INFO - pid:
2023-07-12 15:05:29,290 - root - INFO - 未查到端口-65535进程:
2023-07-12 15:05:29,290 - root - INFO - /Users/lilei/Desktop/AutoTestDome
2023-07-12 15:05:29,290 - root - INFO - 临时文件存放路径：/Users/lilei/Desktop/AutoTestDome/output/report/temporaryAllureFile/2023-07-12/15-05-29
2023-07-12 15:05:29,291 - root - INFO - 报告文件：：/Users/lilei/Desktop/AutoTestDome/output/report/allureResult/2023-07-12/15-05-29
2023-07-12 15:05:29,291 - root - INFO - 测试用例地址：/Users/lilei/Desktop/AutoTestDome/test_case/test_dome.py
2023-07-12 15:05:29,449 - root - INFO - 请求URL：http://8.140.20.209:8877/updateUserInfo?tel=11111111111
2023-07-12 15:05:29,449 - root - INFO - 请求信息头：{'Content-Type': 'application/json'}
2023-07-12 15:05:29,515 - root - INFO - 返回参数:{'code': 1, 'msg': '请检查手机号是否正确'}
2023-07-12 15:05:29,515 - root - INFO - ------------TEST RESULT-------------
2023-07-12 15:05:29,515 - root - INFO - reponse_data:{'code': 1, 'msg': '请检查手机号是否正确'}
2023-07-12 15:05:31,265 - root - INFO - command:allure open /Users/lilei/Desktop/AutoTestDome/output/report/allureResult/2023-07-12/15-05-29 -h 123.125.172.124 -p 65536 &
2023-07-12 15:05:31,353 - root - INFO - 请求参数：{"msg_type": "text", "content": {"msg": "zeppelin0.9\u544a\u8b66\u901a\u77e5", "text": "test_dome\u811a\u672c\u8fd0\u884c\u5b8c\u6210\uff0c\u6d4b\u8bd5\u62a5\u544a\u5730\u5740\uff1ahttp://123.125.172.124:65535"}}
2023-07-12 15:05:31,354 - root - INFO - 请求信息头：{'Content-Type': 'application/json;charset=utf-8'}
2023-07-12 15:05:31,802 - root - INFO - 返回参数:{'StatusCode': 0, 'StatusMessage': 'success', 'code': 0, 'data': {}, 'msg': 'success'}
2023-07-12 15:05:31,803 - root - INFO - 发送飞书消息。返回结果：{'StatusCode': 0, 'StatusMessage': 'success', 'code': 0, 'data': {}, 'msg': 'success'}
2023-07-12 15:05:51,781 - root - INFO - 端口对应的pid:['']
2023-07-12 15:05:51,781 - root - INFO - pid数量:0
2023-07-12 15:05:51,782 - root - INFO - pid:
2023-07-12 15:05:51,782 - root - INFO - 未查到端口-65535进程:
2023-07-12 15:05:51,782 - root - INFO - /Users/lilei/Desktop/AutoTestDome
2023-07-12 15:05:51,783 - root - INFO - 临时文件存放路径：/Users/lilei/Desktop/AutoTestDome/output/report/temporaryAllureFile/2023-07-12/15-05-51
2023-07-12 15:05:51,783 - root - INFO - 报告文件：：/Users/lilei/Desktop/AutoTestDome/output/report/allureResult/2023-07-12/15-05-51
2023-07-12 15:05:51,783 - root - INFO - 测试用例地址：/Users/lilei/Desktop/AutoTestDome/test_case/test_dome.py
2023-07-12 15:05:51,932 - root - INFO - 请求URL：http://8.140.20.209:8877/updateUserInfo?tel=11111111111
2023-07-12 15:05:51,932 - root - INFO - 请求信息头：{'Content-Type': 'application/json'}
2023-07-12 15:05:52,009 - root - INFO - 返回参数:{'code': 1, 'msg': '请检查手机号是否正确'}
2023-07-12 15:05:52,009 - root - INFO - ------------TEST RESULT-------------
2023-07-12 15:05:52,009 - root - INFO - reponse_data:{'code': 1, 'msg': '请检查手机号是否正确'}
2023-07-12 15:05:53,776 - root - INFO - command:allure open /Users/lilei/Desktop/AutoTestDome/output/report/allureResult/2023-07-12/15-05-51 -h 123.125.172.124 -p 65534 &
2023-07-12 15:05:53,859 - root - INFO - 请求参数：{"msg_type": "text", "content": {"msg": "zeppelin0.9\u544a\u8b66\u901a\u77e5", "text": "test_dome\u811a\u672c\u8fd0\u884c\u5b8c\u6210\uff0c\u6d4b\u8bd5\u62a5\u544a\u5730\u5740\uff1ahttp://123.125.172.124:65535"}}
2023-07-12 15:05:53,859 - root - INFO - 请求信息头：{'Content-Type': 'application/json;charset=utf-8'}
2023-07-12 15:05:55,336 - root - INFO - 返回参数:{'StatusCode': 0, 'StatusMessage': 'success', 'code': 0, 'data': {}, 'msg': 'success'}
2023-07-12 15:05:55,336 - root - INFO - 发送飞书消息。返回结果：{'StatusCode': 0, 'StatusMessage': 'success', 'code': 0, 'data': {}, 'msg': 'success'}
2023-07-12 15:06:28,100 - root - INFO - 端口对应的pid:['']
2023-07-12 15:06:28,101 - root - INFO - pid数量:0
2023-07-12 15:06:28,101 - root - INFO - pid:
2023-07-12 15:06:28,101 - root - INFO - 未查到端口-65535进程:
2023-07-12 15:06:28,102 - root - INFO - /Users/lilei/Desktop/AutoTestDome
2023-07-12 15:06:28,102 - root - INFO - 临时文件存放路径：/Users/lilei/Desktop/AutoTestDome/output/report/temporaryAllureFile/2023-07-12/15-06-28
2023-07-12 15:06:28,102 - root - INFO - 报告文件：：/Users/lilei/Desktop/AutoTestDome/output/report/allureResult/2023-07-12/15-06-28
2023-07-12 15:06:28,102 - root - INFO - 测试用例地址：/Users/lilei/Desktop/AutoTestDome/test_case/test_dome.py
2023-07-12 15:06:28,253 - root - INFO - 请求URL：http://8.140.20.209:8877/updateUserInfo?tel=11111111111
2023-07-12 15:06:28,254 - root - INFO - 请求信息头：{'Content-Type': 'application/json'}
2023-07-12 15:06:28,314 - root - INFO - 返回参数:{'code': 1, 'msg': '请检查手机号是否正确'}
2023-07-12 15:06:28,315 - root - INFO - ------------TEST RESULT-------------
2023-07-12 15:06:28,315 - root - INFO - reponse_data:{'code': 1, 'msg': '请检查手机号是否正确'}
2023-07-12 15:06:30,116 - root - INFO - 请求参数：{"msg_type": "text", "content": {"msg": "zeppelin0.9\u544a\u8b66\u901a\u77e5", "text": "test_dome\u811a\u672c\u8fd0\u884c\u5b8c\u6210\uff0c\u6d4b\u8bd5\u62a5\u544a\u5730\u5740\uff1ahttp://123.125.172.124:65535"}}
2023-07-12 15:06:30,116 - root - INFO - 请求信息头：{'Content-Type': 'application/json;charset=utf-8'}
2023-07-12 15:06:30,538 - root - INFO - 返回参数:{'StatusCode': 0, 'StatusMessage': 'success', 'code': 0, 'data': {}, 'msg': 'success'}
2023-07-12 15:06:30,539 - root - INFO - 发送飞书消息。返回结果：{'StatusCode': 0, 'StatusMessage': 'success', 'code': 0, 'data': {}, 'msg': 'success'}
2023-07-12 15:25:29,552 - root - INFO - 端口对应的pid:['3605', '']
2023-07-12 15:25:29,553 - root - INFO - pid数量:4
2023-07-12 15:25:29,553 - root - INFO - pid:3605
2023-07-12 15:25:29,553 - root - INFO - kill -s 9 3605
2023-07-12 15:25:29,557 - root - INFO - kill 3605 success
2023-07-12 15:25:29,653 - root - INFO - 端口对应的pid:['4794', '']
2023-07-12 15:25:29,654 - root - INFO - pid数量:4
2023-07-12 15:25:29,654 - root - INFO - pid:4794
2023-07-12 15:25:29,654 - root - INFO - kill -s 9 4794
2023-07-12 15:25:29,658 - root - INFO - kill 4794 success
2023-07-12 15:25:29,728 - root - INFO - 端口对应的pid:['']
2023-07-12 15:25:29,728 - root - INFO - pid数量:0
2023-07-12 15:25:29,728 - root - INFO - pid:
2023-07-12 15:25:29,728 - root - INFO - 未查到端口-65535进程:
2023-07-12 15:25:29,729 - root - INFO - /Users/lilei/Desktop/AutoTestDome
2023-07-12 15:25:29,729 - root - INFO - 临时文件存放路径：/Users/lilei/Desktop/AutoTestDome/output/report/temporaryAllureFile/2023-07-12/15-25-29
2023-07-12 15:25:29,729 - root - INFO - 报告文件：：/Users/lilei/Desktop/AutoTestDome/output/report/allureResult/2023-07-12/15-25-29
2023-07-12 15:25:29,729 - root - INFO - 测试用例地址：/Users/lilei/Desktop/AutoTestDome/test_case/test_dome.py
2023-07-12 15:25:29,942 - root - INFO - 请求URL：http://8.140.20.209:8877/updateUserInfo?tel=11111111111
2023-07-12 15:25:29,942 - root - INFO - 请求信息头：{'Content-Type': 'application/json'}
2023-07-12 15:25:30,008 - root - INFO - 返回参数:{'code': 1, 'msg': '请检查手机号是否正确'}
2023-07-12 15:25:30,009 - root - INFO - ------------TEST RESULT-------------
2023-07-12 15:25:30,009 - root - INFO - reponse_data:{'code': 1, 'msg': '请检查手机号是否正确'}
2023-07-12 15:25:31,886 - root - INFO - 请求参数：{"msg_type": "text", "content": {"msg": "zeppelin0.9\u544a\u8b66\u901a\u77e5", "text": "test_dome\u811a\u672c\u8fd0\u884c\u5b8c\u6210\uff0c\u6d4b\u8bd5\u62a5\u544a\u5730\u5740\uff1ahttp://123.125.172.124:65535"}}
2023-07-12 15:25:31,895 - root - INFO - 请求信息头：{'Content-Type': 'application/json;charset=utf-8'}
2023-07-12 15:25:32,247 - root - INFO - 返回参数:{'StatusCode': 0, 'StatusMessage': 'success', 'code': 0, 'data': {}, 'msg': 'success'}
2023-07-12 15:25:32,248 - root - INFO - 发送飞书消息。返回结果：{'StatusCode': 0, 'StatusMessage': 'success', 'code': 0, 'data': {}, 'msg': 'success'}
2023-07-12 15:30:36,822 - root - INFO - 端口对应的pid:['12986', '']
2023-07-12 15:30:36,823 - root - INFO - pid数量:5
2023-07-12 15:30:36,823 - root - INFO - pid:12986
2023-07-12 15:30:36,823 - root - INFO - kill -s 9 12986
2023-07-12 15:30:36,827 - root - INFO - kill 12986 success
2023-07-12 15:30:36,916 - root - INFO - 端口对应的pid:['13041', '']
2023-07-12 15:30:36,917 - root - INFO - pid数量:5
2023-07-12 15:30:36,917 - root - INFO - pid:13041
2023-07-12 15:30:36,917 - root - INFO - kill -s 9 13041
2023-07-12 15:30:36,921 - root - INFO - kill 13041 success
2023-07-12 15:30:36,990 - root - INFO - 端口对应的pid:['']
2023-07-12 15:30:37,004 - root - INFO - pid数量:0
2023-07-12 15:30:37,005 - root - INFO - pid:
2023-07-12 15:30:37,005 - root - INFO - 未查到端口-65535进程:
2023-07-12 15:30:37,005 - root - INFO - /Users/lilei/Desktop/AutoTestDome
2023-07-12 15:30:37,005 - root - INFO - 临时文件存放路径：/Users/lilei/Desktop/AutoTestDome/output/report/temporaryAllureFile/2023-07-12/15-30-37
2023-07-12 15:30:37,006 - root - INFO - 报告文件：：/Users/lilei/Desktop/AutoTestDome/output/report/allureResult/2023-07-12/15-30-37
2023-07-12 15:30:37,006 - root - INFO - 测试用例地址：/Users/lilei/Desktop/AutoTestDome/test_case/test_dome.py
2023-07-12 15:30:37,212 - root - INFO - 请求URL：http://8.140.20.209:8877/updateUserInfo?tel=11111111111
2023-07-12 15:30:37,213 - root - INFO - 请求信息头：{'Content-Type': 'application/json'}
2023-07-12 15:30:37,273 - root - INFO - 返回参数:{'code': 1, 'msg': '请检查手机号是否正确'}
2023-07-12 15:30:37,273 - root - INFO - ------------TEST RESULT-------------
2023-07-12 15:30:37,273 - root - INFO - reponse_data:{'code': 1, 'msg': '请检查手机号是否正确'}
2023-07-12 15:30:39,347 - root - INFO - 请求参数：{"msg_type": "text", "content": {"msg": "zeppelin0.9\u544a\u8b66\u901a\u77e5", "text": "test_dome\u811a\u672c\u8fd0\u884c\u5b8c\u6210\uff0c\u6d4b\u8bd5\u62a5\u544a\u5730\u5740\uff1ahttp://123.125.172.125:65535"}}
2023-07-12 15:30:39,347 - root - INFO - 请求信息头：{'Content-Type': 'application/json;charset=utf-8'}
2023-07-12 15:30:39,758 - root - INFO - 返回参数:{'StatusCode': 0, 'StatusMessage': 'success', 'code': 0, 'data': {}, 'msg': 'success'}
2023-07-12 15:30:39,759 - root - INFO - 发送飞书消息。返回结果：{'StatusCode': 0, 'StatusMessage': 'success', 'code': 0, 'data': {}, 'msg': 'success'}
2023-07-12 15:31:38,476 - root - INFO - 端口对应的pid:['']
2023-07-12 15:31:38,477 - root - INFO - pid数量:0
2023-07-12 15:31:38,478 - root - INFO - pid:
2023-07-12 15:31:38,478 - root - INFO - 未查到端口-65535进程:
2023-07-12 15:31:38,478 - root - INFO - /Users/lilei/Desktop/AutoTestDome
2023-07-12 15:31:38,478 - root - INFO - 临时文件存放路径：/Users/lilei/Desktop/AutoTestDome/output/report/temporaryAllureFile/2023-07-12/15-31-38
2023-07-12 15:31:38,479 - root - INFO - 报告文件：：/Users/lilei/Desktop/AutoTestDome/output/report/allureResult/2023-07-12/15-31-38
2023-07-12 15:31:38,479 - root - INFO - 测试用例地址：/Users/lilei/Desktop/AutoTestDome/test_case/test_dome.py
2023-07-12 15:31:38,661 - root - INFO - 请求URL：http://8.140.20.209:8877/updateUserInfo?tel=11111111111
2023-07-12 15:31:38,661 - root - INFO - 请求信息头：{'Content-Type': 'application/json'}
2023-07-12 15:31:38,726 - root - INFO - 返回参数:{'code': 1, 'msg': '请检查手机号是否正确'}
2023-07-12 15:31:38,727 - root - INFO - ------------TEST RESULT-------------
2023-07-12 15:31:38,727 - root - INFO - reponse_data:{'code': 1, 'msg': '请检查手机号是否正确'}
2023-07-12 15:31:42,615 - root - INFO - 请求参数：{"msg_type": "text", "content": {"msg": "zeppelin0.9\u544a\u8b66\u901a\u77e5", "text": "test_dome\u811a\u672c\u8fd0\u884c\u5b8c\u6210\uff0c\u6d4b\u8bd5\u62a5\u544a\u5730\u5740\uff1ahttp://123.125.172.125:65535"}}
2023-07-12 15:31:42,616 - root - INFO - 请求信息头：{'Content-Type': 'application/json;charset=utf-8'}
2023-07-12 15:31:42,951 - root - INFO - 返回参数:{'StatusCode': 0, 'StatusMessage': 'success', 'code': 0, 'data': {}, 'msg': 'success'}
2023-07-12 15:31:42,952 - root - INFO - 发送飞书消息。返回结果：{'StatusCode': 0, 'StatusMessage': 'success', 'code': 0, 'data': {}, 'msg': 'success'}
