2023-03-06 10:59:59,887 - root - INFO - 加密前字符串：sys=mini&timestamp=1678071599&token=fec2628becebb3d02a1c60df20ad4552&version=1.0.0A7C9A58F6EAD57ABB2E1C67269164DEB
2023-03-06 10:59:59,888 - root - INFO - 加密后字符串:e01870d6428da897d8ed6fe3793ede6f
2023-03-06 10:59:59,888 - root - INFO - headers:{'appKey': 'A7C9A58F6EAD57ABB2E1C67269164DEB', 'openId': 'oLmiT5Fu1K0PueT8_QZfKC6QwLOw', 'sys': 'mini', 'token': 'fec2628becebb3d02a1c60df20ad4552', 'version': '1.0.0', 'timestamp': '1678071599', 'sign': 'e01870d6428da897d8ed6fe3793ede6f'}
2023-03-06 10:59:59,889 - root - INFO - 请求参数：{'fileType': 1, 'fileList': [{'fileUrl': 'https://static.yunduoke.cn/2023011019113646b531263.png', 'width': '868', 'height': '1194'}, {'fileUrl': 'https://static.yunduoke.cn/2023011019113646b531263.png', 'width': '868', 'height': '1194'}], 'dynamicTitle': 'test图片标题', 'dynamicDescribe': 'test图片内容', 'petsId': '', 'wxapp_id': 'wx330d694f32e35d94', 'sys': 'mini', 'token': 'fec2628becebb3d02a1c60df20ad4552', 'version': '1.0.0', 'timestamp': 1678071599, 'sign': 'e01870d6428da897d8ed6fe3793ede6f', 'visitor': 'false'}
2023-03-06 10:59:59,889 - root - INFO - 请求信息头：{'appKey': 'A7C9A58F6EAD57ABB2E1C67269164DEB', 'openId': 'oLmiT5Fu1K0PueT8_QZfKC6QwLOw', 'sys': 'mini', 'token': 'fec2628becebb3d02a1c60df20ad4552', 'version': '1.0.0', 'timestamp': '1678071599', 'sign': 'e01870d6428da897d8ed6fe3793ede6f'}
2023-03-06 11:00:07,138 - root - INFO - 返回参数:{'code': 500, 'msg': '参数错误'}
2023-03-06 11:00:07,138 - root - INFO - reponse_data:{'code': 500, 'msg': '参数错误'}
2023-03-06 11:00:07,192 - root - INFO - 加密前字符串：sys=mini&timestamp=1678071607&token=fec2628becebb3d02a1c60df20ad4552&version=1.0.0A7C9A58F6EAD57ABB2E1C67269164DEB
2023-03-06 11:00:07,192 - root - INFO - 加密后字符串:4f774ed0735d5edf4c2cf0b981ffa859
2023-03-06 11:00:07,193 - root - INFO - headers:{'appKey': 'A7C9A58F6EAD57ABB2E1C67269164DEB', 'openId': 'oLmiT5Fu1K0PueT8_QZfKC6QwLOw', 'sys': 'mini', 'token': 'fec2628becebb3d02a1c60df20ad4552', 'version': '1.0.0', 'timestamp': '1678071607', 'sign': '4f774ed0735d5edf4c2cf0b981ffa859'}
2023-03-06 11:00:07,194 - root - INFO - 请求参数：{'fileType': '2', 'fileList': [{'fileUrl': 'https://static.yctmt.com/26/226/video/20232/16757571201871.mp4', 'width': 1280, 'height': 704}], 'dynamicTitle': 'test视频标题', 'dynamicDescribe': 'test视频内容', 'petsId': '', 'wxapp_id': 'wx330d694f32e35d94', 'sys': 'mini', 'token': 'fec2628becebb3d02a1c60df20ad4552', 'version': '1.0.0', 'timestamp': 1678071607, 'sign': '4f774ed0735d5edf4c2cf0b981ffa859', 'visitor': 'false'}
2023-03-06 11:00:07,194 - root - INFO - 请求信息头：{'appKey': 'A7C9A58F6EAD57ABB2E1C67269164DEB', 'openId': 'oLmiT5Fu1K0PueT8_QZfKC6QwLOw', 'sys': 'mini', 'token': 'fec2628becebb3d02a1c60df20ad4552', 'version': '1.0.0', 'timestamp': '1678071607', 'sign': '4f774ed0735d5edf4c2cf0b981ffa859'}
2023-03-06 11:00:07,264 - root - INFO - 返回参数:{'code': 500, 'msg': '参数错误'}
2023-03-06 11:00:07,265 - root - INFO - reponse_data:{'code': 500, 'msg': '参数错误'}
2023-03-06 11:00:07,276 - root - INFO - 加密前字符串：sys=mini&timestamp=1678071607&token=fec2628becebb3d02a1c60df20ad4552&version=1.0.0A7C9A58F6EAD57ABB2E1C67269164DEB
2023-03-06 11:00:07,276 - root - INFO - 加密后字符串:4f774ed0735d5edf4c2cf0b981ffa859
2023-03-06 11:00:07,336 - root - INFO - 【SQL】：SELECT count(*) FROM pets.pf_pets WHERE user_id IN (SELECT pf_user_weixin.user_id FROM pets.pf_user_weixin WHERE open_id = 'oLmiT5Fu1K0PueT8_QZfKC6QwLOw');
2023-03-06 11:00:07,336 - root - INFO - total ：1
2023-03-06 11:00:07,337 - root - INFO - 查询结果：((1,),)
2023-03-06 11:00:07,337 - root - INFO - total:1
2023-03-06 11:00:07,338 - root - INFO - ------------TEST RESULT-------------
2023-03-06 11:00:07,338 - root - INFO - reponse_data{'code': 201, 'msg': '该用户已有宠物主页,进行下一步，创建动态'}
2023-03-06 11:00:07,354 - root - INFO - 加密前字符串：sys=mini&timestamp=1678071607&token=fec2628becebb3d02a1c60df20ad4552&version=1.0.0A7C9A58F6EAD57ABB2E1C67269164DEB
2023-03-06 11:00:07,355 - root - INFO - 加密后字符串:4f774ed0735d5edf4c2cf0b981ffa859
2023-03-06 11:00:07,366 - root - INFO - 加密前字符串：sys=mini&timestamp=1678071607&token=fec2628becebb3d02a1c60df20ad4552&version=1.0.0A7C9A58F6EAD57ABB2E1C67269164DEB
2023-03-06 11:00:07,366 - root - INFO - 加密后字符串:4f774ed0735d5edf4c2cf0b981ffa859
2023-03-06 11:00:07,377 - root - INFO - 加密前字符串：sys=mini&timestamp=1678071607&token=fec2628becebb3d02a1c60df20ad4552&version=1.0.0A7C9A58F6EAD57ABB2E1C67269164DEB
2023-03-06 11:00:07,378 - root - INFO - 加密后字符串:4f774ed0735d5edf4c2cf0b981ffa859
2023-03-06 11:00:07,435 - root - INFO - 【SQL】：SELECT user_id FROM pets.pf_user_weixin WHERE open_id = 'oLmiT5Fu1K0PueT8_QZfKC6QwLOw';
2023-03-06 11:00:07,435 - root - INFO - total ：1
2023-03-06 11:00:07,436 - root - INFO - 查询结果：((381,),)
2023-03-06 11:00:07,499 - root - INFO - 【SQL】： SELECT id FROM pets.pf_pets WHERE user_id IN (SELECT user_id FROM pets.pf_user_weixin WHERE open_id = 'oLmiT5Fu1K0PueT8_QZfKC6QwLOw');
2023-03-06 11:00:07,499 - root - INFO - total ：1
2023-03-06 11:00:07,500 - root - INFO - 查询结果：((201,),)
2023-03-06 11:00:07,561 - root - INFO - 【SQL】：SELECT quantity FROM pets.pf_pets_action_quantity WHERE user_id = '381' AND pets_id = '201' AND type = 1;
2023-03-06 11:00:07,561 - root - INFO - total ：1
2023-03-06 11:00:07,562 - root - INFO - 查询结果：((33,),)
2023-03-06 11:00:07,562 - root - INFO - 请求参数：{'petsId': 201}
2023-03-06 11:00:07,563 - root - INFO - 请求信息头：{'appKey': 'A7C9A58F6EAD57ABB2E1C67269164DEB', 'openId': 'oLmiT5Fu1K0PueT8_QZfKC6QwLOw', 'sys': 'mini', 'token': 'fec2628becebb3d02a1c60df20ad4552', 'version': '1.0.0', 'timestamp': '1678071607', 'sign': '4f774ed0735d5edf4c2cf0b981ffa859'}
2023-03-06 11:00:07,831 - root - INFO - 返回参数:{'code': 200, 'msg': '成功', 'data': {'isReceive': 0, 'pointQuantity': 0}}
2023-03-06 11:00:07,831 - root - INFO - 点赞1次成功
2023-03-06 11:00:07,832 - root - INFO - 请求参数：{'petsId': 201}
2023-03-06 11:00:07,832 - root - INFO - 请求信息头：{'appKey': 'A7C9A58F6EAD57ABB2E1C67269164DEB', 'openId': 'oLmiT5Fu1K0PueT8_QZfKC6QwLOw', 'sys': 'mini', 'token': 'fec2628becebb3d02a1c60df20ad4552', 'version': '1.0.0', 'timestamp': '1678071607', 'sign': '4f774ed0735d5edf4c2cf0b981ffa859'}
2023-03-06 11:00:08,055 - root - INFO - 返回参数:{'code': 200, 'msg': '成功', 'data': {'isReceive': 0, 'pointQuantity': 0}}
2023-03-06 11:00:08,056 - root - INFO - 点赞2次成功
2023-03-06 11:00:08,056 - root - INFO - 请求参数：{'petsId': 201}
2023-03-06 11:00:08,057 - root - INFO - 请求信息头：{'appKey': 'A7C9A58F6EAD57ABB2E1C67269164DEB', 'openId': 'oLmiT5Fu1K0PueT8_QZfKC6QwLOw', 'sys': 'mini', 'token': 'fec2628becebb3d02a1c60df20ad4552', 'version': '1.0.0', 'timestamp': '1678071607', 'sign': '4f774ed0735d5edf4c2cf0b981ffa859'}
2023-03-06 11:00:08,277 - root - INFO - 返回参数:{'code': 200, 'msg': '成功', 'data': {'isReceive': 0, 'pointQuantity': 0}}
2023-03-06 11:00:08,278 - root - INFO - 点赞3次成功
2023-03-06 11:00:08,338 - root - INFO - 【SQL】：SELECT quantity FROM pets.pf_pets_action_quantity WHERE user_id = '381' AND pets_id = '201' AND type = 1;
2023-03-06 11:00:08,338 - root - INFO - total ：1
2023-03-06 11:00:08,339 - root - INFO - 查询结果：((36,),)
2023-03-06 11:00:08,339 - root - INFO - ------------TEST RESULT-------------
2023-03-06 11:00:08,340 - root - INFO - 点赞前数量：33
2023-03-06 11:00:08,340 - root - INFO - 点赞后点赞数量：36
2023-03-06 11:00:08,340 - root - INFO - 总共点赞了3次
2023-03-06 11:00:31,026 - root - INFO - 加密前字符串：sys=mini&timestamp=1678071631&token=fec2628becebb3d02a1c60df20ad4552&version=1.0.0A7C9A58F6EAD57ABB2E1C67269164DEB
2023-03-06 11:00:31,026 - root - INFO - 加密后字符串:f1f2f49ba668ce64efee25c06a081405
2023-03-06 11:00:31,027 - root - INFO - headers:{'appKey': 'A7C9A58F6EAD57ABB2E1C67269164DEB', 'openId': 'oLmiT5Fu1K0PueT8_QZfKC6QwLOw', 'sys': 'mini', 'token': 'fec2628becebb3d02a1c60df20ad4552', 'version': '1.0.0', 'timestamp': '1678071631', 'sign': 'f1f2f49ba668ce64efee25c06a081405'}
2023-03-06 11:00:31,027 - root - INFO - 请求参数：{'fileType': 1, 'fileList': [{'fileUrl': 'https://static.yunduoke.cn/2023011019113646b531263.png', 'width': '868', 'height': '1194'}, {'fileUrl': 'https://static.yunduoke.cn/2023011019113646b531263.png', 'width': '868', 'height': '1194'}], 'dynamicTitle': 'test图片标题', 'dynamicDescribe': 'test图片内容', 'petsId': '', 'wxapp_id': 'wx330d694f32e35d94', 'sys': 'mini', 'token': 'fec2628becebb3d02a1c60df20ad4552', 'version': '1.0.0', 'timestamp': 1678071631, 'sign': 'f1f2f49ba668ce64efee25c06a081405', 'visitor': 'false'}
2023-03-06 11:00:31,028 - root - INFO - 请求信息头：{'appKey': 'A7C9A58F6EAD57ABB2E1C67269164DEB', 'openId': 'oLmiT5Fu1K0PueT8_QZfKC6QwLOw', 'sys': 'mini', 'token': 'fec2628becebb3d02a1c60df20ad4552', 'version': '1.0.0', 'timestamp': '1678071631', 'sign': 'f1f2f49ba668ce64efee25c06a081405'}
2023-03-06 11:00:31,116 - root - INFO - 返回参数:{'code': 500, 'msg': '参数错误'}
2023-03-06 11:00:31,117 - root - INFO - reponse_data:{'code': 500, 'msg': '参数错误'}
2023-03-06 11:00:31,165 - root - INFO - 加密前字符串：sys=mini&timestamp=1678071631&token=fec2628becebb3d02a1c60df20ad4552&version=1.0.0A7C9A58F6EAD57ABB2E1C67269164DEB
2023-03-06 11:00:31,165 - root - INFO - 加密后字符串:f1f2f49ba668ce64efee25c06a081405
2023-03-06 11:00:31,165 - root - INFO - headers:{'appKey': 'A7C9A58F6EAD57ABB2E1C67269164DEB', 'openId': 'oLmiT5Fu1K0PueT8_QZfKC6QwLOw', 'sys': 'mini', 'token': 'fec2628becebb3d02a1c60df20ad4552', 'version': '1.0.0', 'timestamp': '1678071631', 'sign': 'f1f2f49ba668ce64efee25c06a081405'}
2023-03-06 11:00:31,166 - root - INFO - 请求参数：{'fileType': '2', 'fileList': [{'fileUrl': 'https://static.yctmt.com/26/226/video/20232/16757571201871.mp4', 'width': 1280, 'height': 704}], 'dynamicTitle': 'test视频标题', 'dynamicDescribe': 'test视频内容', 'petsId': '', 'wxapp_id': 'wx330d694f32e35d94', 'sys': 'mini', 'token': 'fec2628becebb3d02a1c60df20ad4552', 'version': '1.0.0', 'timestamp': 1678071631, 'sign': 'f1f2f49ba668ce64efee25c06a081405', 'visitor': 'false'}
2023-03-06 11:00:31,167 - root - INFO - 请求信息头：{'appKey': 'A7C9A58F6EAD57ABB2E1C67269164DEB', 'openId': 'oLmiT5Fu1K0PueT8_QZfKC6QwLOw', 'sys': 'mini', 'token': 'fec2628becebb3d02a1c60df20ad4552', 'version': '1.0.0', 'timestamp': '1678071631', 'sign': 'f1f2f49ba668ce64efee25c06a081405'}
2023-03-06 11:00:31,235 - root - INFO - 返回参数:{'code': 500, 'msg': '参数错误'}
2023-03-06 11:00:31,235 - root - INFO - reponse_data:{'code': 500, 'msg': '参数错误'}
2023-03-06 11:00:31,248 - root - INFO - 加密前字符串：sys=mini&timestamp=1678071631&token=fec2628becebb3d02a1c60df20ad4552&version=1.0.0A7C9A58F6EAD57ABB2E1C67269164DEB
2023-03-06 11:00:31,248 - root - INFO - 加密后字符串:f1f2f49ba668ce64efee25c06a081405
2023-03-06 11:00:31,310 - root - INFO - 【SQL】：SELECT count(*) FROM pets.pf_pets WHERE user_id IN (SELECT pf_user_weixin.user_id FROM pets.pf_user_weixin WHERE open_id = 'oLmiT5Fu1K0PueT8_QZfKC6QwLOw');
2023-03-06 11:00:31,311 - root - INFO - total ：1
2023-03-06 11:00:31,311 - root - INFO - 查询结果：((1,),)
2023-03-06 11:00:31,312 - root - INFO - total:1
2023-03-06 11:00:31,312 - root - INFO - ------------TEST RESULT-------------
2023-03-06 11:00:31,313 - root - INFO - reponse_data{'code': 201, 'msg': '该用户已有宠物主页,进行下一步，创建动态'}
2023-03-06 11:00:31,330 - root - INFO - 加密前字符串：sys=mini&timestamp=1678071631&token=fec2628becebb3d02a1c60df20ad4552&version=1.0.0A7C9A58F6EAD57ABB2E1C67269164DEB
2023-03-06 11:00:31,330 - root - INFO - 加密后字符串:f1f2f49ba668ce64efee25c06a081405
2023-03-06 11:00:31,341 - root - INFO - 加密前字符串：sys=mini&timestamp=1678071631&token=fec2628becebb3d02a1c60df20ad4552&version=1.0.0A7C9A58F6EAD57ABB2E1C67269164DEB
2023-03-06 11:00:31,342 - root - INFO - 加密后字符串:f1f2f49ba668ce64efee25c06a081405
2023-03-06 11:00:31,353 - root - INFO - 加密前字符串：sys=mini&timestamp=1678071631&token=fec2628becebb3d02a1c60df20ad4552&version=1.0.0A7C9A58F6EAD57ABB2E1C67269164DEB
2023-03-06 11:00:31,353 - root - INFO - 加密后字符串:f1f2f49ba668ce64efee25c06a081405
2023-03-06 11:00:31,421 - root - INFO - 【SQL】：SELECT user_id FROM pets.pf_user_weixin WHERE open_id = 'oLmiT5Fu1K0PueT8_QZfKC6QwLOw';
2023-03-06 11:00:31,424 - root - INFO - total ：1
2023-03-06 11:00:31,443 - root - INFO - 查询结果：((381,),)
2023-03-06 11:00:31,518 - root - INFO - 【SQL】： SELECT id FROM pets.pf_pets WHERE user_id IN (SELECT user_id FROM pets.pf_user_weixin WHERE open_id = 'oLmiT5Fu1K0PueT8_QZfKC6QwLOw');
2023-03-06 11:00:31,519 - root - INFO - total ：1
2023-03-06 11:00:31,519 - root - INFO - 查询结果：((201,),)
2023-03-06 11:00:31,590 - root - INFO - 【SQL】：SELECT quantity FROM pets.pf_pets_action_quantity WHERE user_id = '381' AND pets_id = '201' AND type = 1;
2023-03-06 11:00:31,591 - root - INFO - total ：1
2023-03-06 11:00:31,591 - root - INFO - 查询结果：((36,),)
2023-03-06 11:00:31,592 - root - INFO - 请求参数：{'petsId': 201}
2023-03-06 11:00:31,592 - root - INFO - 请求信息头：{'appKey': 'A7C9A58F6EAD57ABB2E1C67269164DEB', 'openId': 'oLmiT5Fu1K0PueT8_QZfKC6QwLOw', 'sys': 'mini', 'token': 'fec2628becebb3d02a1c60df20ad4552', 'version': '1.0.0', 'timestamp': '1678071631', 'sign': 'f1f2f49ba668ce64efee25c06a081405'}
2023-03-06 11:00:31,948 - root - INFO - 返回参数:{'code': 200, 'msg': '成功', 'data': {'isReceive': 0, 'pointQuantity': 0}}
2023-03-06 11:00:31,949 - root - INFO - 点赞1次成功
2023-03-06 11:00:31,949 - root - INFO - 请求参数：{'petsId': 201}
2023-03-06 11:00:31,950 - root - INFO - 请求信息头：{'appKey': 'A7C9A58F6EAD57ABB2E1C67269164DEB', 'openId': 'oLmiT5Fu1K0PueT8_QZfKC6QwLOw', 'sys': 'mini', 'token': 'fec2628becebb3d02a1c60df20ad4552', 'version': '1.0.0', 'timestamp': '1678071631', 'sign': 'f1f2f49ba668ce64efee25c06a081405'}
2023-03-06 11:00:32,179 - root - INFO - 返回参数:{'code': 200, 'msg': '成功', 'data': {'isReceive': 0, 'pointQuantity': 0}}
2023-03-06 11:00:32,179 - root - INFO - 点赞2次成功
2023-03-06 11:00:32,180 - root - INFO - 请求参数：{'petsId': 201}
2023-03-06 11:00:32,180 - root - INFO - 请求信息头：{'appKey': 'A7C9A58F6EAD57ABB2E1C67269164DEB', 'openId': 'oLmiT5Fu1K0PueT8_QZfKC6QwLOw', 'sys': 'mini', 'token': 'fec2628becebb3d02a1c60df20ad4552', 'version': '1.0.0', 'timestamp': '1678071631', 'sign': 'f1f2f49ba668ce64efee25c06a081405'}
2023-03-06 11:00:32,393 - root - INFO - 返回参数:{'code': 200, 'msg': '成功', 'data': {'isReceive': 0, 'pointQuantity': 0}}
2023-03-06 11:00:32,394 - root - INFO - 点赞3次成功
2023-03-06 11:00:32,455 - root - INFO - 【SQL】：SELECT quantity FROM pets.pf_pets_action_quantity WHERE user_id = '381' AND pets_id = '201' AND type = 1;
2023-03-06 11:00:32,456 - root - INFO - total ：1
2023-03-06 11:00:32,456 - root - INFO - 查询结果：((39,),)
2023-03-06 11:00:32,457 - root - INFO - ------------TEST RESULT-------------
2023-03-06 11:00:32,457 - root - INFO - 点赞前数量：36
2023-03-06 11:00:32,458 - root - INFO - 点赞后点赞数量：39
2023-03-06 11:00:32,458 - root - INFO - 总共点赞了3次
2023-03-06 11:05:49,379 - root - INFO - 端口对应的pid:['']
2023-03-06 11:05:49,380 - root - INFO - pid数量:0
2023-03-06 11:05:49,380 - root - INFO - pid:
2023-03-06 11:05:49,380 - root - INFO - 未查到端口-65535进程:
2023-03-06 11:05:49,390 - root - INFO - 临时文件存放路径：/Users/lilei/Desktop/pyAutoTest/output/report/temporaryAllureFile/2023-03-06/11:05:49
2023-03-06 11:05:49,391 - root - INFO - 报告文件：：/Users/lilei/Desktop/pyAutoTest/output/report/allureResult/2023-03-06/11:05:49
2023-03-06 11:05:49,391 - root - INFO - 测试用例地址：/Users/lilei/Desktop/pyAutoTest/test_case/pets/test_pets.py
2023-03-06 11:07:10,408 - root - INFO - 端口对应的pid:['14277', '']
2023-03-06 11:07:10,409 - root - INFO - pid数量:5
2023-03-06 11:07:10,409 - root - INFO - pid:14277
2023-03-06 11:07:10,409 - root - INFO - kill -s 9 14277
2023-03-06 11:07:10,413 - root - INFO - kill 14277 success
2023-03-06 11:07:10,472 - root - INFO - 端口对应的pid:['53801', '']
2023-03-06 11:07:10,473 - root - INFO - pid数量:5
2023-03-06 11:07:10,473 - root - INFO - pid:53801
2023-03-06 11:07:10,473 - root - INFO - kill -s 9 53801
2023-03-06 11:07:10,476 - root - INFO - kill 53801 success
2023-03-06 11:07:10,524 - root - INFO - 端口对应的pid:['']
2023-03-06 11:07:10,525 - root - INFO - pid数量:0
2023-03-06 11:07:10,525 - root - INFO - pid:
2023-03-06 11:07:10,525 - root - INFO - 未查到端口-65535进程:
2023-03-06 11:07:10,536 - root - INFO - 临时文件存放路径：/Users/lilei/Desktop/pyAutoTest/output/report/temporaryAllureFile/2023-03-06/11:07:10
2023-03-06 11:07:10,536 - root - INFO - 报告文件：：/Users/lilei/Desktop/pyAutoTest/output/report/allureResult/2023-03-06/11:07:10
2023-03-06 11:07:10,536 - root - INFO - 测试用例地址：/Users/lilei/Desktop/pyAutoTest/test_case/pets/test_pets.py
2023-03-06 11:08:52,541 - root - INFO - 端口对应的pid:['15038', '']
2023-03-06 11:08:52,541 - root - INFO - pid数量:5
2023-03-06 11:08:52,541 - root - INFO - pid:15038
2023-03-06 11:08:52,542 - root - INFO - kill -s 9 15038
2023-03-06 11:08:52,545 - root - INFO - kill 15038 success
2023-03-06 11:08:52,592 - root - INFO - 端口对应的pid:['']
2023-03-06 11:08:52,592 - root - INFO - pid数量:0
2023-03-06 11:08:52,593 - root - INFO - pid:
2023-03-06 11:08:52,593 - root - INFO - 未查到端口-65535进程:
2023-03-06 11:08:52,639 - root - INFO - 端口对应的pid:['']
2023-03-06 11:08:52,639 - root - INFO - pid数量:0
2023-03-06 11:08:52,639 - root - INFO - pid:
2023-03-06 11:08:52,640 - root - INFO - 未查到端口-65535进程:
2023-03-06 11:08:52,650 - root - INFO - 临时文件存放路径：/Users/lilei/Desktop/pyAutoTest/output/report/temporaryAllureFile/2023-03-06/11:08:52
2023-03-06 11:08:52,650 - root - INFO - 报告文件：：/Users/lilei/Desktop/pyAutoTest/output/report/allureResult/2023-03-06/11:08:52
2023-03-06 11:08:52,650 - root - INFO - 测试用例地址：/Users/lilei/Desktop/pyAutoTest/test_case/pets/test_pets.py
2023-03-06 11:08:52,868 - root - INFO - 加密前字符串：sys=mini&timestamp=1678072132&token=fec2628becebb3d02a1c60df20ad4552&version=1.0.0A7C9A58F6EAD57ABB2E1C67269164DEB
2023-03-06 11:08:52,868 - root - INFO - 加密后字符串:8890307ed27f9b72b5cc44afbf8ced0b
2023-03-06 11:08:52,935 - root - INFO - 【SQL】：SELECT count(*) FROM pets.pf_pets WHERE user_id IN (SELECT pf_user_weixin.user_id FROM pets.pf_user_weixin WHERE open_id = 'oLmiT5Fu1K0PueT8_QZfKC6QwLOw');
2023-03-06 11:08:52,935 - root - INFO - total ：1
2023-03-06 11:08:52,936 - root - INFO - 查询结果：((1,),)
2023-03-06 11:08:52,936 - root - INFO - total:1
2023-03-06 11:08:52,936 - root - INFO - ------------TEST RESULT-------------
2023-03-06 11:08:52,937 - root - INFO - reponse_data{'code': 201, 'msg': '该用户已有宠物主页,进行下一步，创建动态'}
2023-03-06 11:08:53,005 - root - INFO - 加密前字符串：sys=mini&timestamp=1678072133&token=fec2628becebb3d02a1c60df20ad4552&version=1.0.0A7C9A58F6EAD57ABB2E1C67269164DEB
2023-03-06 11:08:53,006 - root - INFO - 加密后字符串:e37c711896c48a6f5558a1bc74655fdc
2023-03-06 11:08:53,020 - root - INFO - 加密前字符串：sys=mini&timestamp=1678072133&token=fec2628becebb3d02a1c60df20ad4552&version=1.0.0A7C9A58F6EAD57ABB2E1C67269164DEB
2023-03-06 11:08:53,020 - root - INFO - 加密后字符串:e37c711896c48a6f5558a1bc74655fdc
2023-03-06 11:08:53,033 - root - INFO - 加密前字符串：sys=mini&timestamp=1678072133&token=fec2628becebb3d02a1c60df20ad4552&version=1.0.0A7C9A58F6EAD57ABB2E1C67269164DEB
2023-03-06 11:08:53,034 - root - INFO - 加密后字符串:e37c711896c48a6f5558a1bc74655fdc
2023-03-06 11:10:21,384 - root - INFO - 端口对应的pid:['16002', '']
2023-03-06 11:10:21,384 - root - INFO - pid数量:5
2023-03-06 11:10:21,384 - root - INFO - pid:16002
2023-03-06 11:10:21,385 - root - INFO - kill -s 9 16002
2023-03-06 11:10:21,388 - root - INFO - kill 16002 success
2023-03-06 11:10:21,436 - root - INFO - 端口对应的pid:['']
2023-03-06 11:10:21,437 - root - INFO - pid数量:0
2023-03-06 11:10:21,437 - root - INFO - pid:
2023-03-06 11:10:21,437 - root - INFO - 未查到端口-65535进程:
2023-03-06 11:10:21,482 - root - INFO - 端口对应的pid:['']
2023-03-06 11:10:21,501 - root - INFO - pid数量:0
2023-03-06 11:10:21,502 - root - INFO - pid:
2023-03-06 11:10:21,502 - root - INFO - 未查到端口-65535进程:
2023-03-06 11:10:21,515 - root - INFO - 临时文件存放路径：/Users/lilei/Desktop/pyAutoTest/output/report/temporaryAllureFile/2023-03-06/11:10:21
2023-03-06 11:10:21,515 - root - INFO - 报告文件：：/Users/lilei/Desktop/pyAutoTest/output/report/allureResult/2023-03-06/11:10:21
2023-03-06 11:10:21,515 - root - INFO - 测试用例地址：/Users/lilei/Desktop/pyAutoTest/test_case/pets/test_pets.py
2023-03-06 11:10:21,667 - root - INFO - 加密前字符串：sys=mini&timestamp=1678072221&token=fec2628becebb3d02a1c60df20ad4552&version=1.0.0A7C9A58F6EAD57ABB2E1C67269164DEB
2023-03-06 11:10:21,668 - root - INFO - 加密后字符串:a0cffd2b53baf20c93a72c35f558a911
2023-03-06 11:12:13,406 - root - INFO - 端口对应的pid:['16839', '']
2023-03-06 11:12:13,406 - root - INFO - pid数量:5
2023-03-06 11:12:13,407 - root - INFO - pid:16839
2023-03-06 11:12:13,407 - root - INFO - kill -s 9 16839
2023-03-06 11:12:13,410 - root - INFO - kill 16839 success
2023-03-06 11:12:13,458 - root - INFO - 端口对应的pid:['']
2023-03-06 11:12:13,458 - root - INFO - pid数量:0
2023-03-06 11:12:13,458 - root - INFO - pid:
2023-03-06 11:12:13,459 - root - INFO - 未查到端口-65535进程:
2023-03-06 11:12:13,505 - root - INFO - 端口对应的pid:['']
2023-03-06 11:12:13,508 - root - INFO - pid数量:0
2023-03-06 11:12:13,510 - root - INFO - pid:
2023-03-06 11:12:13,510 - root - INFO - 未查到端口-65535进程:
2023-03-06 11:12:13,520 - root - INFO - 临时文件存放路径：/Users/lilei/Desktop/pyAutoTest/output/report/temporaryAllureFile/2023-03-06/11:12:13
2023-03-06 11:12:13,520 - root - INFO - 报告文件：：/Users/lilei/Desktop/pyAutoTest/output/report/allureResult/2023-03-06/11:12:13
2023-03-06 11:12:13,521 - root - INFO - 测试用例地址：/Users/lilei/Desktop/pyAutoTest/test_case/pets/test_pets.py
2023-03-06 11:12:13,675 - root - INFO - 加密前字符串：sys=mini&timestamp=1678072333&token=fec2628becebb3d02a1c60df20ad4552&version=1.0.0A7C9A58F6EAD57ABB2E1C67269164DEB
2023-03-06 11:12:13,675 - root - INFO - 加密后字符串:8097da92299a56f17c636804f7703817
2023-03-06 11:13:53,268 - root - INFO - 端口对应的pid:['17896', '']
2023-03-06 11:13:53,268 - root - INFO - pid数量:5
2023-03-06 11:13:53,268 - root - INFO - pid:17896
2023-03-06 11:13:53,268 - root - INFO - kill -s 9 17896
2023-03-06 11:13:53,272 - root - INFO - kill 17896 success
2023-03-06 11:13:53,320 - root - INFO - 端口对应的pid:['']
2023-03-06 11:13:53,321 - root - INFO - pid数量:0
2023-03-06 11:13:53,321 - root - INFO - pid:
2023-03-06 11:13:53,321 - root - INFO - 未查到端口-65535进程:
2023-03-06 11:13:53,368 - root - INFO - 端口对应的pid:['']
2023-03-06 11:13:53,369 - root - INFO - pid数量:0
2023-03-06 11:13:53,369 - root - INFO - pid:
2023-03-06 11:13:53,369 - root - INFO - 未查到端口-65535进程:
2023-03-06 11:13:53,379 - root - INFO - 临时文件存放路径：/Users/lilei/Desktop/pyAutoTest/output/report/temporaryAllureFile/2023-03-06/11:13:53
2023-03-06 11:13:53,380 - root - INFO - 报告文件：：/Users/lilei/Desktop/pyAutoTest/output/report/allureResult/2023-03-06/11:13:53
2023-03-06 11:13:53,380 - root - INFO - 测试用例地址：/Users/lilei/Desktop/pyAutoTest/test_case/pets/test_pets.py
2023-03-06 11:13:53,543 - root - INFO - 加密前字符串：sys=mini&timestamp=1678072433&token=fec2628becebb3d02a1c60df20ad4552&version=1.0.0A7C9A58F6EAD57ABB2E1C67269164DEB
2023-03-06 11:13:53,543 - root - INFO - 加密后字符串:19c7911f52c19814918ce12f1a35ebc3
2023-03-06 11:14:49,265 - root - INFO - 端口对应的pid:['14985', '']
2023-03-06 11:14:49,265 - root - INFO - pid数量:5
2023-03-06 11:14:49,266 - root - INFO - pid:14985
2023-03-06 11:14:49,266 - root - INFO - kill -s 9 14985
2023-03-06 11:14:49,269 - root - INFO - kill 14985 success
2023-03-06 11:14:49,323 - root - INFO - 端口对应的pid:['18867', '']
2023-03-06 11:14:49,324 - root - INFO - pid数量:5
2023-03-06 11:14:49,324 - root - INFO - pid:18867
2023-03-06 11:14:49,324 - root - INFO - kill -s 9 18867
2023-03-06 11:14:49,327 - root - INFO - kill 18867 success
2023-03-06 11:14:49,376 - root - INFO - 端口对应的pid:['']
2023-03-06 11:14:49,377 - root - INFO - pid数量:0
2023-03-06 11:14:49,377 - root - INFO - pid:
2023-03-06 11:14:49,377 - root - INFO - 未查到端口-65535进程:
2023-03-06 11:14:49,387 - root - INFO - 临时文件存放路径：/Users/lilei/Desktop/pyAutoTest/output/report/temporaryAllureFile/2023-03-06/11:14:49
2023-03-06 11:14:49,388 - root - INFO - 报告文件：：/Users/lilei/Desktop/pyAutoTest/output/report/allureResult/2023-03-06/11:14:49
2023-03-06 11:14:49,388 - root - INFO - 测试用例地址：/Users/lilei/Desktop/pyAutoTest/test_case/pets/test_pets.py
2023-03-06 11:16:54,632 - root - INFO - 端口对应的pid:['19371', '']
2023-03-06 11:16:54,633 - root - INFO - pid数量:5
2023-03-06 11:16:54,633 - root - INFO - pid:19371
2023-03-06 11:16:54,633 - root - INFO - kill -s 9 19371
2023-03-06 11:16:54,636 - root - INFO - kill 19371 success
2023-03-06 11:16:54,683 - root - INFO - 端口对应的pid:['']
2023-03-06 11:16:54,684 - root - INFO - pid数量:0
2023-03-06 11:16:54,684 - root - INFO - pid:
2023-03-06 11:16:54,684 - root - INFO - 未查到端口-65535进程:
2023-03-06 11:16:54,729 - root - INFO - 端口对应的pid:['']
2023-03-06 11:16:54,729 - root - INFO - pid数量:0
2023-03-06 11:16:54,729 - root - INFO - pid:
2023-03-06 11:16:54,730 - root - INFO - 未查到端口-65535进程:
2023-03-06 11:16:54,739 - root - INFO - 临时文件存放路径：/Users/lilei/Desktop/pyAutoTest/output/report/temporaryAllureFile/2023-03-06/11:16:54
2023-03-06 11:16:54,740 - root - INFO - 报告文件：：/Users/lilei/Desktop/pyAutoTest/output/report/allureResult/2023-03-06/11:16:54
2023-03-06 11:16:54,740 - root - INFO - 测试用例地址：/Users/lilei/Desktop/pyAutoTest/test_case/pets/test_pets.py
2023-03-06 11:17:08,180 - root - INFO - 端口对应的pid:['19318', '']
2023-03-06 11:17:08,181 - root - INFO - pid数量:5
2023-03-06 11:17:08,181 - root - INFO - pid:19318
2023-03-06 11:17:08,181 - root - INFO - kill -s 9 19318
2023-03-06 11:17:08,185 - root - INFO - kill 19318 success
2023-03-06 11:17:08,241 - root - INFO - 端口对应的pid:['20525', '']
2023-03-06 11:17:08,241 - root - INFO - pid数量:5
2023-03-06 11:17:08,241 - root - INFO - pid:20525
2023-03-06 11:17:08,242 - root - INFO - kill -s 9 20525
2023-03-06 11:17:08,245 - root - INFO - kill 20525 success
2023-03-06 11:17:08,294 - root - INFO - 端口对应的pid:['']
2023-03-06 11:17:08,294 - root - INFO - pid数量:0
2023-03-06 11:17:08,294 - root - INFO - pid:
2023-03-06 11:17:08,294 - root - INFO - 未查到端口-65535进程:
2023-03-06 11:17:08,305 - root - INFO - 临时文件存放路径：/Users/lilei/Desktop/pyAutoTest/output/report/temporaryAllureFile/2023-03-06/11:17:08
2023-03-06 11:17:08,305 - root - INFO - 报告文件：：/Users/lilei/Desktop/pyAutoTest/output/report/allureResult/2023-03-06/11:17:08
2023-03-06 11:17:08,306 - root - INFO - 测试用例地址：/Users/lilei/Desktop/pyAutoTest/test_case/pets/test_pets.py
2023-03-06 11:17:08,471 - root - INFO - 加密前字符串：sys=mini&timestamp=1678072628&token=fec2628becebb3d02a1c60df20ad4552&version=1.0.0A7C9A58F6EAD57ABB2E1C67269164DEB
2023-03-06 11:17:08,471 - root - INFO - 加密后字符串:56e54d13df470a2b75880f6f052b0fdb
2023-03-06 11:17:08,535 - root - INFO - 【SQL】：SELECT user_id FROM pets.pf_user_weixin WHERE open_id = 'oLmiT5Fu1K0PueT8_QZfKC6QwLOw';
2023-03-06 11:17:08,536 - root - INFO - total ：1
2023-03-06 11:17:08,536 - root - INFO - 查询结果：((381,),)
2023-03-06 11:17:08,598 - root - INFO - 【SQL】： SELECT id FROM pets.pf_pets WHERE user_id IN (SELECT user_id FROM pets.pf_user_weixin WHERE open_id = 'oLmiT5Fu1K0PueT8_QZfKC6QwLOw');
2023-03-06 11:17:08,599 - root - INFO - total ：1
2023-03-06 11:17:08,599 - root - INFO - 查询结果：((201,),)
2023-03-06 11:17:52,853 - root - INFO - 端口对应的pid:['20660', '']
2023-03-06 11:17:52,854 - root - INFO - pid数量:5
2023-03-06 11:17:52,854 - root - INFO - pid:20660
2023-03-06 11:17:52,855 - root - INFO - kill -s 9 20660
2023-03-06 11:17:52,858 - root - INFO - kill 20660 success
2023-03-06 11:17:52,911 - root - INFO - 端口对应的pid:['20701', '']
2023-03-06 11:17:52,912 - root - INFO - pid数量:5
2023-03-06 11:17:52,912 - root - INFO - pid:20701
2023-03-06 11:17:52,912 - root - INFO - kill -s 9 20701
2023-03-06 11:17:52,915 - root - INFO - kill 20701 success
2023-03-06 11:17:52,965 - root - INFO - 端口对应的pid:['']
2023-03-06 11:17:52,965 - root - INFO - pid数量:0
2023-03-06 11:17:52,966 - root - INFO - pid:
2023-03-06 11:17:52,966 - root - INFO - 未查到端口-65535进程:
2023-03-06 11:17:52,976 - root - INFO - 临时文件存放路径：/Users/lilei/Desktop/pyAutoTest/output/report/temporaryAllureFile/2023-03-06/11:17:52
2023-03-06 11:17:52,976 - root - INFO - 报告文件：：/Users/lilei/Desktop/pyAutoTest/output/report/allureResult/2023-03-06/11:17:52
2023-03-06 11:17:52,976 - root - INFO - 测试用例地址：/Users/lilei/Desktop/pyAutoTest/test_case/pets/test_pets.py
2023-03-06 11:18:30,814 - root - INFO - 端口对应的pid:['21100', '']
2023-03-06 11:18:30,814 - root - INFO - pid数量:5
2023-03-06 11:18:30,815 - root - INFO - pid:21100
2023-03-06 11:18:30,815 - root - INFO - kill -s 9 21100
2023-03-06 11:18:30,818 - root - INFO - kill 21100 success
2023-03-06 11:18:30,872 - root - INFO - 端口对应的pid:['21145', '']
2023-03-06 11:18:30,872 - root - INFO - pid数量:5
2023-03-06 11:18:30,872 - root - INFO - pid:21145
2023-03-06 11:18:30,872 - root - INFO - kill -s 9 21145
2023-03-06 11:18:30,876 - root - INFO - kill 21145 success
2023-03-06 11:18:30,923 - root - INFO - 端口对应的pid:['']
2023-03-06 11:18:30,924 - root - INFO - pid数量:0
2023-03-06 11:18:30,924 - root - INFO - pid:
2023-03-06 11:18:30,924 - root - INFO - 未查到端口-65535进程:
2023-03-06 11:18:30,934 - root - INFO - 临时文件存放路径：/Users/lilei/Desktop/pyAutoTest/output/report/temporaryAllureFile/2023-03-06/11:18:30
2023-03-06 11:18:30,935 - root - INFO - 报告文件：：/Users/lilei/Desktop/pyAutoTest/output/report/allureResult/2023-03-06/11:18:30
2023-03-06 11:18:30,935 - root - INFO - 测试用例地址：/Users/lilei/Desktop/pyAutoTest/test_case/pets/test_pets.py
2023-03-06 11:18:31,144 - root - INFO - 【SQL】：SELECT user_id FROM pets.pf_user_weixin WHERE open_id = 'oLmiT5Fu1K0PueT8_QZfKC6QwLOw';
2023-03-06 11:18:31,144 - root - INFO - total ：1
2023-03-06 11:18:31,145 - root - INFO - 查询结果：((381,),)
2023-03-06 11:18:31,203 - root - INFO - 【SQL】： SELECT id FROM pets.pf_pets WHERE user_id IN (SELECT user_id FROM pets.pf_user_weixin WHERE open_id = 'oLmiT5Fu1K0PueT8_QZfKC6QwLOw');
2023-03-06 11:18:31,203 - root - INFO - total ：1
2023-03-06 11:18:31,204 - root - INFO - 查询结果：((201,),)
2023-03-06 11:18:58,149 - root - INFO - 端口对应的pid:['21480', '']
2023-03-06 11:18:58,149 - root - INFO - pid数量:5
2023-03-06 11:18:58,150 - root - INFO - pid:21480
2023-03-06 11:18:58,150 - root - INFO - kill -s 9 21480
2023-03-06 11:18:58,154 - root - INFO - kill 21480 success
2023-03-06 11:18:58,210 - root - INFO - 端口对应的pid:['21535', '']
2023-03-06 11:18:58,211 - root - INFO - pid数量:5
2023-03-06 11:18:58,211 - root - INFO - pid:21535
2023-03-06 11:18:58,212 - root - INFO - kill -s 9 21535
2023-03-06 11:18:58,215 - root - INFO - kill 21535 success
2023-03-06 11:18:58,265 - root - INFO - 端口对应的pid:['']
2023-03-06 11:18:58,265 - root - INFO - pid数量:0
2023-03-06 11:18:58,265 - root - INFO - pid:
2023-03-06 11:18:58,265 - root - INFO - 未查到端口-65535进程:
2023-03-06 11:18:58,275 - root - INFO - 临时文件存放路径：/Users/lilei/Desktop/pyAutoTest/output/report/temporaryAllureFile/2023-03-06/11:18:58
2023-03-06 11:18:58,276 - root - INFO - 报告文件：：/Users/lilei/Desktop/pyAutoTest/output/report/allureResult/2023-03-06/11:18:58
2023-03-06 11:18:58,276 - root - INFO - 测试用例地址：/Users/lilei/Desktop/pyAutoTest/test_case/pets/test_pets.py
2023-03-06 11:18:58,493 - root - INFO - 【SQL】：SELECT user_id FROM pets.pf_user_weixin WHERE open_id = 'oLmiT5Fu1K0PueT8_QZfKC6QwLOw';
2023-03-06 11:18:58,493 - root - INFO - total ：1
2023-03-06 11:18:58,494 - root - INFO - 查询结果：((381,),)
2023-03-06 11:18:58,549 - root - INFO - 【SQL】： SELECT id FROM pets.pf_pets WHERE user_id IN (SELECT user_id FROM pets.pf_user_weixin WHERE open_id = 'oLmiT5Fu1K0PueT8_QZfKC6QwLOw');
2023-03-06 11:18:58,550 - root - INFO - total ：1
2023-03-06 11:18:58,550 - root - INFO - 查询结果：((201,),)
2023-03-06 11:18:58,551 - root - INFO - type:<class 'int'>
2023-03-06 11:19:23,300 - root - INFO - 端口对应的pid:['21789', '']
2023-03-06 11:19:23,301 - root - INFO - pid数量:5
2023-03-06 11:19:23,301 - root - INFO - pid:21789
2023-03-06 11:19:23,301 - root - INFO - kill -s 9 21789
2023-03-06 11:19:23,305 - root - INFO - kill 21789 success
2023-03-06 11:19:23,360 - root - INFO - 端口对应的pid:['21829', '']
2023-03-06 11:19:23,361 - root - INFO - pid数量:5
2023-03-06 11:19:23,361 - root - INFO - pid:21829
2023-03-06 11:19:23,361 - root - INFO - kill -s 9 21829
2023-03-06 11:19:23,364 - root - INFO - kill 21829 success
2023-03-06 11:19:23,412 - root - INFO - 端口对应的pid:['']
2023-03-06 11:19:23,413 - root - INFO - pid数量:0
2023-03-06 11:19:23,413 - root - INFO - pid:
2023-03-06 11:19:23,413 - root - INFO - 未查到端口-65535进程:
2023-03-06 11:19:23,423 - root - INFO - 临时文件存放路径：/Users/lilei/Desktop/pyAutoTest/output/report/temporaryAllureFile/2023-03-06/11:19:23
2023-03-06 11:19:23,423 - root - INFO - 报告文件：：/Users/lilei/Desktop/pyAutoTest/output/report/allureResult/2023-03-06/11:19:23
2023-03-06 11:19:23,424 - root - INFO - 测试用例地址：/Users/lilei/Desktop/pyAutoTest/test_case/pets/test_pets.py
2023-03-06 11:19:23,690 - root - INFO - 【SQL】：SELECT user_id FROM pets.pf_user_weixin WHERE open_id = 'oLmiT5Fu1K0PueT8_QZfKC6QwLOw';
2023-03-06 11:19:23,691 - root - INFO - total ：1
2023-03-06 11:19:23,691 - root - INFO - 查询结果：((381,),)
2023-03-06 11:19:23,757 - root - INFO - 【SQL】： SELECT id FROM pets.pf_pets WHERE user_id IN (SELECT user_id FROM pets.pf_user_weixin WHERE open_id = 'oLmiT5Fu1K0PueT8_QZfKC6QwLOw');
2023-03-06 11:19:23,757 - root - INFO - total ：1
2023-03-06 11:19:23,758 - root - INFO - 查询结果：((201,),)
2023-03-06 11:19:23,758 - root - INFO - type:<class 'int'>
2023-03-06 11:19:23,759 - root - INFO - type:381
2023-03-06 11:21:03,181 - root - INFO - 端口对应的pid:['22106', '']
2023-03-06 11:21:03,181 - root - INFO - pid数量:5
2023-03-06 11:21:03,182 - root - INFO - pid:22106
2023-03-06 11:21:03,182 - root - INFO - kill -s 9 22106
2023-03-06 11:21:03,185 - root - INFO - kill 22106 success
2023-03-06 11:21:03,234 - root - INFO - 端口对应的pid:['']
2023-03-06 11:21:03,235 - root - INFO - pid数量:0
2023-03-06 11:21:03,235 - root - INFO - pid:
2023-03-06 11:21:03,235 - root - INFO - 未查到端口-65535进程:
2023-03-06 11:21:03,281 - root - INFO - 端口对应的pid:['']
2023-03-06 11:21:03,281 - root - INFO - pid数量:0
2023-03-06 11:21:03,282 - root - INFO - pid:
2023-03-06 11:21:03,282 - root - INFO - 未查到端口-65535进程:
2023-03-06 11:21:03,292 - root - INFO - 临时文件存放路径：/Users/lilei/Desktop/pyAutoTest/output/report/temporaryAllureFile/2023-03-06/11:21:03
2023-03-06 11:21:03,292 - root - INFO - 报告文件：：/Users/lilei/Desktop/pyAutoTest/output/report/allureResult/2023-03-06/11:21:03
2023-03-06 11:21:03,292 - root - INFO - 测试用例地址：/Users/lilei/Desktop/pyAutoTest/test_case/pets/test_pets.py
2023-03-06 11:21:41,251 - root - INFO - 端口对应的pid:['22061', '']
2023-03-06 11:21:41,252 - root - INFO - pid数量:5
2023-03-06 11:21:41,253 - root - INFO - pid:22061
2023-03-06 11:21:41,253 - root - INFO - kill -s 9 22061
2023-03-06 11:21:41,256 - root - INFO - kill 22061 success
2023-03-06 11:21:41,311 - root - INFO - 端口对应的pid:['23059', '']
2023-03-06 11:21:41,311 - root - INFO - pid数量:5
2023-03-06 11:21:41,311 - root - INFO - pid:23059
2023-03-06 11:21:41,312 - root - INFO - kill -s 9 23059
2023-03-06 11:21:41,315 - root - INFO - kill 23059 success
2023-03-06 11:21:41,364 - root - INFO - 端口对应的pid:['']
2023-03-06 11:21:41,364 - root - INFO - pid数量:0
2023-03-06 11:21:41,364 - root - INFO - pid:
2023-03-06 11:21:41,365 - root - INFO - 未查到端口-65535进程:
2023-03-06 11:21:41,376 - root - INFO - 临时文件存放路径：/Users/lilei/Desktop/pyAutoTest/output/report/temporaryAllureFile/2023-03-06/11:21:41
2023-03-06 11:21:41,376 - root - INFO - 报告文件：：/Users/lilei/Desktop/pyAutoTest/output/report/allureResult/2023-03-06/11:21:41
2023-03-06 11:21:41,377 - root - INFO - 测试用例地址：/Users/lilei/Desktop/pyAutoTest/test_case/pets/test_pets.py
2023-03-06 11:22:13,208 - root - INFO - 端口对应的pid:['23386', '']
2023-03-06 11:22:13,209 - root - INFO - pid数量:5
2023-03-06 11:22:13,209 - root - INFO - pid:23386
2023-03-06 11:22:13,209 - root - INFO - kill -s 9 23386
2023-03-06 11:22:13,215 - root - INFO - kill 23386 success
2023-03-06 11:22:13,270 - root - INFO - 端口对应的pid:['23442', '']
2023-03-06 11:22:13,271 - root - INFO - pid数量:5
2023-03-06 11:22:13,271 - root - INFO - pid:23442
2023-03-06 11:22:13,271 - root - INFO - kill -s 9 23442
2023-03-06 11:22:13,274 - root - INFO - kill 23442 success
2023-03-06 11:22:13,324 - root - INFO - 端口对应的pid:['']
2023-03-06 11:22:13,324 - root - INFO - pid数量:0
2023-03-06 11:22:13,324 - root - INFO - pid:
2023-03-06 11:22:13,325 - root - INFO - 未查到端口-65535进程:
2023-03-06 11:22:13,335 - root - INFO - 临时文件存放路径：/Users/lilei/Desktop/pyAutoTest/output/report/temporaryAllureFile/2023-03-06/11:22:13
2023-03-06 11:22:13,335 - root - INFO - 报告文件：：/Users/lilei/Desktop/pyAutoTest/output/report/allureResult/2023-03-06/11:22:13
2023-03-06 11:22:13,335 - root - INFO - 测试用例地址：/Users/lilei/Desktop/pyAutoTest/test_case/pets/test_pets.py
2023-03-06 11:25:12,018 - root - INFO - 端口对应的pid:['23783', '']
2023-03-06 11:25:12,019 - root - INFO - pid数量:5
2023-03-06 11:25:12,019 - root - INFO - pid:23783
2023-03-06 11:25:12,019 - root - INFO - kill -s 9 23783
2023-03-06 11:25:12,022 - root - INFO - kill 23783 success
2023-03-06 11:25:12,070 - root - INFO - 端口对应的pid:['']
2023-03-06 11:25:12,070 - root - INFO - pid数量:0
2023-03-06 11:25:12,071 - root - INFO - pid:
2023-03-06 11:25:12,071 - root - INFO - 未查到端口-65535进程:
2023-03-06 11:25:12,117 - root - INFO - 端口对应的pid:['']
2023-03-06 11:25:12,117 - root - INFO - pid数量:0
2023-03-06 11:25:12,117 - root - INFO - pid:
2023-03-06 11:25:12,117 - root - INFO - 未查到端口-65535进程:
2023-03-06 11:25:12,128 - root - INFO - 临时文件存放路径：/Users/lilei/Desktop/pyAutoTest/output/report/temporaryAllureFile/2023-03-06/11:25:12
2023-03-06 11:25:12,128 - root - INFO - 报告文件：：/Users/lilei/Desktop/pyAutoTest/output/report/allureResult/2023-03-06/11:25:12
2023-03-06 11:25:12,128 - root - INFO - 测试用例地址：/Users/lilei/Desktop/pyAutoTest/test_case/pets/test_pets.py
2023-03-06 11:25:12,353 - root - INFO - 【SQL】：SELECT user_id FROM pets.pf_user_weixin WHERE open_id = 'oLmiT5Fu1K0PueT8_QZfKC6QwLOw';
2023-03-06 11:25:12,354 - root - INFO - total ：1
2023-03-06 11:25:12,354 - root - INFO - 查询结果：((381,),)
2023-03-06 11:25:12,414 - root - INFO - 【SQL】： SELECT id FROM pets.pf_pets WHERE user_id IN (SELECT user_id FROM pets.pf_user_weixin WHERE open_id = 'oLmiT5Fu1K0PueT8_QZfKC6QwLOw');
2023-03-06 11:25:12,414 - root - INFO - total ：1
2023-03-06 11:25:12,415 - root - INFO - 查询结果：((201,),)
2023-03-06 11:25:12,415 - root - INFO - type:<class 'int'>
2023-03-06 11:25:12,416 - root - INFO - type:381
2023-03-06 11:25:56,264 - root - INFO - 端口对应的pid:['23740', '']
2023-03-06 11:25:56,264 - root - INFO - pid数量:5
2023-03-06 11:25:56,265 - root - INFO - pid:23740
2023-03-06 11:25:56,265 - root - INFO - kill -s 9 23740
2023-03-06 11:25:56,269 - root - INFO - kill 23740 success
2023-03-06 11:25:56,323 - root - INFO - 端口对应的pid:['25403', '']
2023-03-06 11:25:56,323 - root - INFO - pid数量:5
2023-03-06 11:25:56,324 - root - INFO - pid:25403
2023-03-06 11:25:56,324 - root - INFO - kill -s 9 25403
2023-03-06 11:25:56,327 - root - INFO - kill 25403 success
2023-03-06 11:25:56,375 - root - INFO - 端口对应的pid:['']
2023-03-06 11:25:56,375 - root - INFO - pid数量:0
2023-03-06 11:25:56,375 - root - INFO - pid:
2023-03-06 11:25:56,376 - root - INFO - 未查到端口-65535进程:
2023-03-06 11:25:56,386 - root - INFO - 临时文件存放路径：/Users/lilei/Desktop/pyAutoTest/output/report/temporaryAllureFile/2023-03-06/11:25:56
2023-03-06 11:25:56,386 - root - INFO - 报告文件：：/Users/lilei/Desktop/pyAutoTest/output/report/allureResult/2023-03-06/11:25:56
2023-03-06 11:25:56,387 - root - INFO - 测试用例地址：/Users/lilei/Desktop/pyAutoTest/test_case/pets/test_pets.py
2023-03-06 11:25:56,615 - root - INFO - 【SQL】：SELECT user_id FROM pets.pf_user_weixin WHERE open_id = 'oLmiT5Fu1K0PueT8_QZfKC6QwLOw';
2023-03-06 11:25:56,615 - root - INFO - total ：1
2023-03-06 11:25:56,616 - root - INFO - 查询结果：((381,),)
2023-03-06 11:25:56,676 - root - INFO - 【SQL】： SELECT id FROM pets.pf_pets WHERE user_id IN (SELECT user_id FROM pets.pf_user_weixin WHERE open_id = 'oLmiT5Fu1K0PueT8_QZfKC6QwLOw');
2023-03-06 11:25:56,676 - root - INFO - total ：1
2023-03-06 11:25:56,677 - root - INFO - 查询结果：((201,),)
2023-03-06 11:25:56,677 - root - INFO - type:<class 'int'>
2023-03-06 11:25:56,678 - root - INFO - type:381
2023-03-06 11:25:56,679 - root - INFO - a:381
2023-03-06 11:27:15,220 - root - INFO - 端口对应的pid:['25790', '']
2023-03-06 11:27:15,220 - root - INFO - pid数量:5
2023-03-06 11:27:15,220 - root - INFO - pid:25790
2023-03-06 11:27:15,221 - root - INFO - kill -s 9 25790
2023-03-06 11:27:15,223 - root - INFO - kill 25790 success
2023-03-06 11:27:15,277 - root - INFO - 端口对应的pid:['25849', '']
2023-03-06 11:27:15,277 - root - INFO - pid数量:5
2023-03-06 11:27:15,278 - root - INFO - pid:25849
2023-03-06 11:27:15,278 - root - INFO - kill -s 9 25849
2023-03-06 11:27:15,282 - root - INFO - kill 25849 success
2023-03-06 11:27:15,330 - root - INFO - 端口对应的pid:['']
2023-03-06 11:27:15,330 - root - INFO - pid数量:0
2023-03-06 11:27:15,330 - root - INFO - pid:
2023-03-06 11:27:15,330 - root - INFO - 未查到端口-65535进程:
2023-03-06 11:27:15,341 - root - INFO - 临时文件存放路径：/Users/lilei/Desktop/pyAutoTest/output/report/temporaryAllureFile/2023-03-06/11:27:15
2023-03-06 11:27:15,341 - root - INFO - 报告文件：：/Users/lilei/Desktop/pyAutoTest/output/report/allureResult/2023-03-06/11:27:15
2023-03-06 11:27:15,341 - root - INFO - 测试用例地址：/Users/lilei/Desktop/pyAutoTest/test_case/pets/test_pets.py
2023-03-06 11:27:15,577 - root - INFO - 加密前字符串：sys=mini&timestamp=1678073235&token=fec2628becebb3d02a1c60df20ad4552&version=1.0.0A7C9A58F6EAD57ABB2E1C67269164DEB
2023-03-06 11:27:15,577 - root - INFO - 加密后字符串:13d1ba4941dadcceda571be59cbdf248
2023-03-06 11:27:15,639 - root - INFO - 【SQL】：SELECT count(*) FROM pets.pf_pets WHERE user_id IN (SELECT pf_user_weixin.user_id FROM pets.pf_user_weixin WHERE open_id = 'oLmiT5Fu1K0PueT8_QZfKC6QwLOw');
2023-03-06 11:27:15,639 - root - INFO - total ：1
2023-03-06 11:27:15,640 - root - INFO - 查询结果：((1,),)
2023-03-06 11:27:15,640 - root - INFO - total:1
2023-03-06 11:27:15,641 - root - INFO - ------------TEST RESULT-------------
2023-03-06 11:27:15,641 - root - INFO - reponse_data{'code': 201, 'msg': '该用户已有宠物主页,进行下一步，创建动态'}
2023-03-06 11:27:15,708 - root - INFO - 加密前字符串：sys=mini&timestamp=1678073235&token=fec2628becebb3d02a1c60df20ad4552&version=1.0.0A7C9A58F6EAD57ABB2E1C67269164DEB
2023-03-06 11:27:15,709 - root - INFO - 加密后字符串:13d1ba4941dadcceda571be59cbdf248
2023-03-06 11:27:15,815 - root - INFO - 【SQL】：SELECT user_id FROM pets.pf_user_weixin WHERE open_id = 'oLmiT5Fu1K0PueT8_QZfKC6QwLOw';
2023-03-06 11:27:15,816 - root - INFO - total ：1
2023-03-06 11:27:15,816 - root - INFO - 查询结果：((381,),)
2023-03-06 11:27:15,886 - root - INFO - 【SQL】： SELECT id FROM pets.pf_pets WHERE user_id IN (SELECT user_id FROM pets.pf_user_weixin WHERE open_id = 'oLmiT5Fu1K0PueT8_QZfKC6QwLOw');
2023-03-06 11:27:15,886 - root - INFO - total ：1
2023-03-06 11:27:15,887 - root - INFO - 查询结果：((201,),)
2023-03-06 11:27:15,887 - root - INFO - type:<class 'int'>
2023-03-06 11:27:15,887 - root - INFO - type:381
2023-03-06 11:27:15,902 - root - INFO - 加密前字符串：sys=mini&timestamp=1678073235&token=fec2628becebb3d02a1c60df20ad4552&version=1.0.0A7C9A58F6EAD57ABB2E1C67269164DEB
2023-03-06 11:27:15,902 - root - INFO - 加密后字符串:13d1ba4941dadcceda571be59cbdf248
2023-03-06 11:27:15,960 - root - INFO - 【SQL】：SELECT user_id FROM pets.pf_user_weixin WHERE open_id = 'oLmiT5Fu1K0PueT8_QZfKC6QwLOw';
2023-03-06 11:27:15,961 - root - INFO - total ：1
2023-03-06 11:27:15,961 - root - INFO - 查询结果：((381,),)
2023-03-06 11:27:16,022 - root - INFO - 【SQL】： SELECT id FROM pets.pf_pets WHERE user_id IN (SELECT user_id FROM pets.pf_user_weixin WHERE open_id = 'oLmiT5Fu1K0PueT8_QZfKC6QwLOw');
2023-03-06 11:27:16,023 - root - INFO - total ：1
2023-03-06 11:27:16,023 - root - INFO - 查询结果：((201,),)
2023-03-06 11:27:16,024 - root - INFO - type:<class 'int'>
2023-03-06 11:27:16,024 - root - INFO - type:381
2023-03-06 11:27:16,040 - root - INFO - 加密前字符串：sys=mini&timestamp=1678073236&token=fec2628becebb3d02a1c60df20ad4552&version=1.0.0A7C9A58F6EAD57ABB2E1C67269164DEB
2023-03-06 11:27:16,040 - root - INFO - 加密后字符串:b143d1b90176bb982c9fee34e8169f15
2023-03-06 11:27:16,093 - root - INFO - 【SQL】：SELECT user_id FROM pets.pf_user_weixin WHERE open_id = 'oLmiT5Fu1K0PueT8_QZfKC6QwLOw';
2023-03-06 11:27:16,093 - root - INFO - total ：1
2023-03-06 11:27:16,094 - root - INFO - 查询结果：((381,),)
2023-03-06 11:27:16,147 - root - INFO - 【SQL】： SELECT id FROM pets.pf_pets WHERE user_id IN (SELECT user_id FROM pets.pf_user_weixin WHERE open_id = 'oLmiT5Fu1K0PueT8_QZfKC6QwLOw');
2023-03-06 11:27:16,148 - root - INFO - total ：1
2023-03-06 11:27:16,148 - root - INFO - 查询结果：((201,),)
2023-03-06 11:27:16,149 - root - INFO - type:<class 'int'>
2023-03-06 11:27:16,149 - root - INFO - type:381
2023-03-06 11:29:28,173 - root - INFO - 端口对应的pid:['26604', '']
2023-03-06 11:29:28,174 - root - INFO - pid数量:5
2023-03-06 11:29:28,174 - root - INFO - pid:26604
2023-03-06 11:29:28,174 - root - INFO - kill -s 9 26604
2023-03-06 11:29:28,178 - root - INFO - kill 26604 success
2023-03-06 11:29:28,227 - root - INFO - 端口对应的pid:['']
2023-03-06 11:29:28,227 - root - INFO - pid数量:0
2023-03-06 11:29:28,227 - root - INFO - pid:
2023-03-06 11:29:28,228 - root - INFO - 未查到端口-65535进程:
2023-03-06 11:29:28,273 - root - INFO - 端口对应的pid:['']
2023-03-06 11:29:28,273 - root - INFO - pid数量:0
2023-03-06 11:29:28,274 - root - INFO - pid:
2023-03-06 11:29:28,274 - root - INFO - 未查到端口-65535进程:
2023-03-06 11:29:28,284 - root - INFO - 临时文件存放路径：/Users/lilei/Desktop/pyAutoTest/output/report/temporaryAllureFile/2023-03-06/11:29:28
2023-03-06 11:29:28,284 - root - INFO - 报告文件：：/Users/lilei/Desktop/pyAutoTest/output/report/allureResult/2023-03-06/11:29:28
2023-03-06 11:29:28,284 - root - INFO - 测试用例地址：/Users/lilei/Desktop/pyAutoTest/test_case/pets/test_pets.py
2023-03-06 11:29:28,463 - root - INFO - 加密前字符串：sys=mini&timestamp=1678073368&token=fec2628becebb3d02a1c60df20ad4552&version=1.0.0A7C9A58F6EAD57ABB2E1C67269164DEB
2023-03-06 11:29:28,463 - root - INFO - 加密后字符串:d4683a2c8a9f783d25a44f7442551b7b
2023-03-06 11:29:28,464 - root - INFO - -------------
2023-03-06 11:30:03,898 - root - INFO - 端口对应的pid:['26552', '']
2023-03-06 11:30:03,898 - root - INFO - pid数量:5
2023-03-06 11:30:03,899 - root - INFO - pid:26552
2023-03-06 11:30:03,899 - root - INFO - kill -s 9 26552
2023-03-06 11:30:03,902 - root - INFO - kill 26552 success
2023-03-06 11:30:03,955 - root - INFO - 端口对应的pid:['27801', '']
2023-03-06 11:30:03,956 - root - INFO - pid数量:5
2023-03-06 11:30:03,956 - root - INFO - pid:27801
2023-03-06 11:30:03,956 - root - INFO - kill -s 9 27801
2023-03-06 11:30:03,960 - root - INFO - kill 27801 success
2023-03-06 11:30:04,008 - root - INFO - 端口对应的pid:['']
2023-03-06 11:30:04,009 - root - INFO - pid数量:0
2023-03-06 11:30:04,009 - root - INFO - pid:
2023-03-06 11:30:04,009 - root - INFO - 未查到端口-65535进程:
2023-03-06 11:30:04,020 - root - INFO - 临时文件存放路径：/Users/lilei/Desktop/pyAutoTest/output/report/temporaryAllureFile/2023-03-06/11:30:04
2023-03-06 11:30:04,020 - root - INFO - 报告文件：：/Users/lilei/Desktop/pyAutoTest/output/report/allureResult/2023-03-06/11:30:04
2023-03-06 11:30:04,021 - root - INFO - 测试用例地址：/Users/lilei/Desktop/pyAutoTest/test_case/pets/test_pets.py
2023-03-06 11:30:04,175 - root - INFO - 加密前字符串：sys=mini&timestamp=1678073404&token=fec2628becebb3d02a1c60df20ad4552&version=1.0.0A7C9A58F6EAD57ABB2E1C67269164DEB
2023-03-06 11:30:04,175 - root - INFO - 加密后字符串:2ffeac15b195dd3869d3572febd350c8
2023-03-06 11:30:04,176 - root - INFO - -------------
2023-03-06 11:30:04,176 - root - INFO - headers:{'appKey': 'A7C9A58F6EAD57ABB2E1C67269164DEB', 'openId': 'oLmiT5Fu1K0PueT8_QZfKC6QwLOw', 'sys': 'mini', 'token': 'fec2628becebb3d02a1c60df20ad4552', 'version': '1.0.0', 'timestamp': '1678073404', 'sign': '2ffeac15b195dd3869d3572febd350c8'}
2023-03-06 11:30:59,520 - root - INFO - 端口对应的pid:['28199', '']
2023-03-06 11:30:59,520 - root - INFO - pid数量:5
2023-03-06 11:30:59,521 - root - INFO - pid:28199
2023-03-06 11:30:59,521 - root - INFO - kill -s 9 28199
2023-03-06 11:30:59,524 - root - INFO - kill 28199 success
2023-03-06 11:30:59,571 - root - INFO - 端口对应的pid:['']
2023-03-06 11:30:59,571 - root - INFO - pid数量:0
2023-03-06 11:30:59,571 - root - INFO - pid:
2023-03-06 11:30:59,572 - root - INFO - 未查到端口-65535进程:
2023-03-06 11:30:59,617 - root - INFO - 端口对应的pid:['']
2023-03-06 11:30:59,618 - root - INFO - pid数量:0
2023-03-06 11:30:59,618 - root - INFO - pid:
2023-03-06 11:30:59,619 - root - INFO - 未查到端口-65535进程:
2023-03-06 11:30:59,629 - root - INFO - 临时文件存放路径：/Users/lilei/Desktop/pyAutoTest/output/report/temporaryAllureFile/2023-03-06/11:30:59
2023-03-06 11:30:59,629 - root - INFO - 报告文件：：/Users/lilei/Desktop/pyAutoTest/output/report/allureResult/2023-03-06/11:30:59
2023-03-06 11:30:59,629 - root - INFO - 测试用例地址：/Users/lilei/Desktop/pyAutoTest/test_case/pets/test_pets.py
2023-03-06 11:30:59,781 - root - INFO - 加密前字符串：sys=mini&timestamp=1678073459&token=fec2628becebb3d02a1c60df20ad4552&version=1.0.0A7C9A58F6EAD57ABB2E1C67269164DEB
2023-03-06 11:30:59,781 - root - INFO - 加密后字符串:05527e9a790812dc6a6219145343d882
2023-03-06 11:30:59,875 - root - INFO - 【SQL】：SELECT user_id FROM pets.pf_user_weixin WHERE open_id = 'oLmiT5Fu1K0PueT8_QZfKC6QwLOw';
2023-03-06 11:30:59,875 - root - INFO - total ：1
2023-03-06 11:30:59,875 - root - INFO - 查询结果：((381,),)
2023-03-06 11:31:00,013 - root - INFO - 【SQL】： SELECT id FROM pets.pf_pets WHERE user_id IN (SELECT user_id FROM pets.pf_user_weixin WHERE open_id = 'oLmiT5Fu1K0PueT8_QZfKC6QwLOw');
2023-03-06 11:31:00,014 - root - INFO - total ：1
2023-03-06 11:31:00,015 - root - INFO - 查询结果：((201,),)
2023-03-06 11:31:00,017 - root - INFO - -------------
2023-03-06 11:31:00,017 - root - INFO - headers:{'appKey': 'A7C9A58F6EAD57ABB2E1C67269164DEB', 'openId': 'oLmiT5Fu1K0PueT8_QZfKC6QwLOw', 'sys': 'mini', 'token': 'fec2628becebb3d02a1c60df20ad4552', 'version': '1.0.0', 'timestamp': '1678073459', 'sign': '05527e9a790812dc6a6219145343d882'}
2023-03-06 11:31:00,017 - root - INFO - userId:381
2023-03-06 11:31:41,540 - root - INFO - 端口对应的pid:['28131', '']
2023-03-06 11:31:41,540 - root - INFO - pid数量:5
2023-03-06 11:31:41,541 - root - INFO - pid:28131
2023-03-06 11:31:41,541 - root - INFO - kill -s 9 28131
2023-03-06 11:31:41,544 - root - INFO - kill 28131 success
2023-03-06 11:31:41,598 - root - INFO - 端口对应的pid:['28733', '']
2023-03-06 11:31:41,598 - root - INFO - pid数量:5
2023-03-06 11:31:41,599 - root - INFO - pid:28733
2023-03-06 11:31:41,599 - root - INFO - kill -s 9 28733
2023-03-06 11:31:41,602 - root - INFO - kill 28733 success
2023-03-06 11:31:41,649 - root - INFO - 端口对应的pid:['']
2023-03-06 11:31:41,650 - root - INFO - pid数量:0
2023-03-06 11:31:41,650 - root - INFO - pid:
2023-03-06 11:31:41,650 - root - INFO - 未查到端口-65535进程:
2023-03-06 11:31:41,660 - root - INFO - 临时文件存放路径：/Users/lilei/Desktop/pyAutoTest/output/report/temporaryAllureFile/2023-03-06/11:31:41
2023-03-06 11:31:41,661 - root - INFO - 报告文件：：/Users/lilei/Desktop/pyAutoTest/output/report/allureResult/2023-03-06/11:31:41
2023-03-06 11:31:41,661 - root - INFO - 测试用例地址：/Users/lilei/Desktop/pyAutoTest/test_case/pets/test_pets.py
2023-03-06 11:31:41,880 - root - INFO - 加密前字符串：sys=mini&timestamp=1678073501&token=fec2628becebb3d02a1c60df20ad4552&version=1.0.0A7C9A58F6EAD57ABB2E1C67269164DEB
2023-03-06 11:31:41,880 - root - INFO - 加密后字符串:473ff73ce437e3501d3db0be24915150
2023-03-06 11:31:41,950 - root - INFO - 【SQL】：SELECT count(*) FROM pets.pf_pets WHERE user_id IN (SELECT pf_user_weixin.user_id FROM pets.pf_user_weixin WHERE open_id = 'oLmiT5Fu1K0PueT8_QZfKC6QwLOw');
2023-03-06 11:31:41,951 - root - INFO - total ：1
2023-03-06 11:31:41,951 - root - INFO - 查询结果：((1,),)
2023-03-06 11:31:41,952 - root - INFO - total:1
2023-03-06 11:31:41,952 - root - INFO - ------------TEST RESULT-------------
2023-03-06 11:31:41,953 - root - INFO - reponse_data{'code': 201, 'msg': '该用户已有宠物主页,进行下一步，创建动态'}
2023-03-06 11:31:42,021 - root - INFO - 加密前字符串：sys=mini&timestamp=1678073502&token=fec2628becebb3d02a1c60df20ad4552&version=1.0.0A7C9A58F6EAD57ABB2E1C67269164DEB
2023-03-06 11:31:42,022 - root - INFO - 加密后字符串:5709f82129edafb915f0d5ac037aa77b
2023-03-06 11:31:42,079 - root - INFO - 【SQL】：SELECT user_id FROM pets.pf_user_weixin WHERE open_id = 'oLmiT5Fu1K0PueT8_QZfKC6QwLOw';
2023-03-06 11:31:42,079 - root - INFO - total ：1
2023-03-06 11:31:42,080 - root - INFO - 查询结果：((381,),)
2023-03-06 11:31:42,139 - root - INFO - 【SQL】： SELECT id FROM pets.pf_pets WHERE user_id IN (SELECT user_id FROM pets.pf_user_weixin WHERE open_id = 'oLmiT5Fu1K0PueT8_QZfKC6QwLOw');
2023-03-06 11:31:42,139 - root - INFO - total ：1
2023-03-06 11:31:42,140 - root - INFO - 查询结果：((201,),)
2023-03-06 11:31:42,156 - root - INFO - 加密前字符串：sys=mini&timestamp=1678073502&token=fec2628becebb3d02a1c60df20ad4552&version=1.0.0A7C9A58F6EAD57ABB2E1C67269164DEB
2023-03-06 11:31:42,156 - root - INFO - 加密后字符串:5709f82129edafb915f0d5ac037aa77b
2023-03-06 11:31:42,211 - root - INFO - 【SQL】：SELECT user_id FROM pets.pf_user_weixin WHERE open_id = 'oLmiT5Fu1K0PueT8_QZfKC6QwLOw';
2023-03-06 11:31:42,211 - root - INFO - total ：1
2023-03-06 11:31:42,212 - root - INFO - 查询结果：((381,),)
2023-03-06 11:31:42,267 - root - INFO - 【SQL】： SELECT id FROM pets.pf_pets WHERE user_id IN (SELECT user_id FROM pets.pf_user_weixin WHERE open_id = 'oLmiT5Fu1K0PueT8_QZfKC6QwLOw');
2023-03-06 11:31:42,268 - root - INFO - total ：1
2023-03-06 11:31:42,268 - root - INFO - 查询结果：((201,),)
2023-03-06 11:31:42,285 - root - INFO - 加密前字符串：sys=mini&timestamp=1678073502&token=fec2628becebb3d02a1c60df20ad4552&version=1.0.0A7C9A58F6EAD57ABB2E1C67269164DEB
2023-03-06 11:31:42,285 - root - INFO - 加密后字符串:5709f82129edafb915f0d5ac037aa77b
2023-03-06 11:31:42,340 - root - INFO - 【SQL】：SELECT user_id FROM pets.pf_user_weixin WHERE open_id = 'oLmiT5Fu1K0PueT8_QZfKC6QwLOw';
2023-03-06 11:31:42,341 - root - INFO - total ：1
2023-03-06 11:31:42,341 - root - INFO - 查询结果：((381,),)
2023-03-06 11:31:42,400 - root - INFO - 【SQL】： SELECT id FROM pets.pf_pets WHERE user_id IN (SELECT user_id FROM pets.pf_user_weixin WHERE open_id = 'oLmiT5Fu1K0PueT8_QZfKC6QwLOw');
2023-03-06 11:31:42,401 - root - INFO - total ：1
2023-03-06 11:31:42,401 - root - INFO - 查询结果：((201,),)
2023-03-06 11:32:24,270 - root - INFO - 端口对应的pid:['29145', '']
2023-03-06 11:32:24,270 - root - INFO - pid数量:5
2023-03-06 11:32:24,270 - root - INFO - pid:29145
2023-03-06 11:32:24,270 - root - INFO - kill -s 9 29145
2023-03-06 11:32:24,274 - root - INFO - kill 29145 success
2023-03-06 11:32:24,320 - root - INFO - 端口对应的pid:['']
2023-03-06 11:32:24,320 - root - INFO - pid数量:0
2023-03-06 11:32:24,320 - root - INFO - pid:
2023-03-06 11:32:24,320 - root - INFO - 未查到端口-65535进程:
2023-03-06 11:32:24,366 - root - INFO - 端口对应的pid:['']
2023-03-06 11:32:24,371 - root - INFO - pid数量:0
2023-03-06 11:32:24,371 - root - INFO - pid:
2023-03-06 11:32:24,371 - root - INFO - 未查到端口-65535进程:
2023-03-06 11:32:24,382 - root - INFO - 临时文件存放路径：/Users/lilei/Desktop/pyAutoTest/output/report/temporaryAllureFile/2023-03-06/11:32:24
2023-03-06 11:32:24,382 - root - INFO - 报告文件：：/Users/lilei/Desktop/pyAutoTest/output/report/allureResult/2023-03-06/11:32:24
2023-03-06 11:32:24,383 - root - INFO - 测试用例地址：/Users/lilei/Desktop/pyAutoTest/test_case/pets/test_pets.py
2023-03-06 11:32:24,610 - root - INFO - 加密前字符串：sys=mini&timestamp=1678073544&token=fec2628becebb3d02a1c60df20ad4552&version=1.0.0A7C9A58F6EAD57ABB2E1C67269164DEB
2023-03-06 11:32:24,610 - root - INFO - 加密后字符串:062ecfa2bc877160c8e19243138d932c
2023-03-06 11:32:24,666 - root - INFO - 【SQL】：SELECT count(*) FROM pets.pf_pets WHERE user_id IN (SELECT pf_user_weixin.user_id FROM pets.pf_user_weixin WHERE open_id = 'oLmiT5Fu1K0PueT8_QZfKC6QwLOw');
2023-03-06 11:32:24,666 - root - INFO - total ：1
2023-03-06 11:32:24,667 - root - INFO - 查询结果：((1,),)
2023-03-06 11:32:24,667 - root - INFO - total:1
2023-03-06 11:32:24,668 - root - INFO - ------------TEST RESULT-------------
2023-03-06 11:32:24,668 - root - INFO - reponse_data{'code': 201, 'msg': '该用户已有宠物主页,进行下一步，创建动态'}
2023-03-06 11:32:24,735 - root - INFO - 加密前字符串：sys=mini&timestamp=1678073544&token=fec2628becebb3d02a1c60df20ad4552&version=1.0.0A7C9A58F6EAD57ABB2E1C67269164DEB
2023-03-06 11:32:24,735 - root - INFO - 加密后字符串:062ecfa2bc877160c8e19243138d932c
2023-03-06 11:32:24,801 - root - INFO - 【SQL】：SELECT user_id FROM pets.pf_user_weixin WHERE open_id = 'oLmiT5Fu1K0PueT8_QZfKC6QwLOw';
2023-03-06 11:32:24,802 - root - INFO - total ：1
2023-03-06 11:32:24,802 - root - INFO - 查询结果：((381,),)
2023-03-06 11:32:24,945 - root - INFO - 【SQL】： SELECT id FROM pets.pf_pets WHERE user_id IN (SELECT user_id FROM pets.pf_user_weixin WHERE open_id = 'oLmiT5Fu1K0PueT8_QZfKC6QwLOw');
2023-03-06 11:32:24,946 - root - INFO - total ：1
2023-03-06 11:32:24,946 - root - INFO - 查询结果：((201,),)
2023-03-06 11:32:24,948 - root - INFO - 请求参数：{'fileType': 1, 'fileList': [{'fileUrl': 'https://static.yunduoke.cn/2023011019113646b531263.png', 'width': '868', 'height': '1194'}, {'fileUrl': 'https://static.yunduoke.cn/2023011019113646b531263.png', 'width': '868', 'height': '1194'}], 'dynamicTitle': 'test图片标题', 'dynamicDescribe': 'test图片内容', 'petsId': 201, 'wxapp_id': 'wx330d694f32e35d94', 'sys': 'mini', 'token': 'fec2628becebb3d02a1c60df20ad4552', 'version': '1.0.0', 'timestamp': 1678073544, 'sign': '062ecfa2bc877160c8e19243138d932c', 'visitor': 'false'}
2023-03-06 11:32:24,948 - root - INFO - 请求信息头：{'appKey': 'A7C9A58F6EAD57ABB2E1C67269164DEB', 'openId': 'oLmiT5Fu1K0PueT8_QZfKC6QwLOw', 'sys': 'mini', 'token': 'fec2628becebb3d02a1c60df20ad4552', 'version': '1.0.0', 'timestamp': '1678073544', 'sign': '062ecfa2bc877160c8e19243138d932c'}
2023-03-06 11:32:25,437 - root - INFO - 返回参数:{'code': 200, 'msg': '成功', 'data': {'isReceive': 1, 'pointQuantity': 20}}
2023-03-06 11:32:25,438 - root - INFO - ------------TEST RESULT-------------
2023-03-06 11:32:25,438 - root - INFO - reponse_data:{'code': 200, 'msg': '成功', 'data': {'isReceive': 1, 'pointQuantity': 20}}
2023-03-06 11:32:25,448 - root - INFO - 加密前字符串：sys=mini&timestamp=1678073545&token=fec2628becebb3d02a1c60df20ad4552&version=1.0.0A7C9A58F6EAD57ABB2E1C67269164DEB
2023-03-06 11:32:25,448 - root - INFO - 加密后字符串:6e7d3300672d343eeca98c55f0c3cc2c
2023-03-06 11:32:25,511 - root - INFO - 【SQL】：SELECT user_id FROM pets.pf_user_weixin WHERE open_id = 'oLmiT5Fu1K0PueT8_QZfKC6QwLOw';
2023-03-06 11:32:25,511 - root - INFO - total ：1
2023-03-06 11:32:25,512 - root - INFO - 查询结果：((381,),)
2023-03-06 11:32:25,569 - root - INFO - 【SQL】： SELECT id FROM pets.pf_pets WHERE user_id IN (SELECT user_id FROM pets.pf_user_weixin WHERE open_id = 'oLmiT5Fu1K0PueT8_QZfKC6QwLOw');
2023-03-06 11:32:25,569 - root - INFO - total ：1
2023-03-06 11:32:25,570 - root - INFO - 查询结果：((201,),)
2023-03-06 11:32:25,571 - root - INFO - 请求参数：{'fileType': '2', 'fileList': [{'fileUrl': 'https://static.yctmt.com/26/226/video/20232/16757571201871.mp4', 'width': 1280, 'height': 704}], 'dynamicTitle': 'test视频标题', 'dynamicDescribe': 'test视频内容', 'petsId': 201, 'wxapp_id': 'wx330d694f32e35d94', 'sys': 'mini', 'token': 'fec2628becebb3d02a1c60df20ad4552', 'version': '1.0.0', 'timestamp': 1678073545, 'sign': '6e7d3300672d343eeca98c55f0c3cc2c', 'visitor': 'false'}
2023-03-06 11:32:25,571 - root - INFO - 请求信息头：{'appKey': 'A7C9A58F6EAD57ABB2E1C67269164DEB', 'openId': 'oLmiT5Fu1K0PueT8_QZfKC6QwLOw', 'sys': 'mini', 'token': 'fec2628becebb3d02a1c60df20ad4552', 'version': '1.0.0', 'timestamp': '1678073545', 'sign': '6e7d3300672d343eeca98c55f0c3cc2c'}
2023-03-06 11:32:25,794 - root - INFO - 返回参数:{'code': 200, 'msg': '成功', 'data': {'isReceive': 1, 'pointQuantity': 20}}
2023-03-06 11:32:25,794 - root - INFO - ------------TEST RESULT-------------
2023-03-06 11:32:25,795 - root - INFO - reponse_data:{'code': 200, 'msg': '成功', 'data': {'isReceive': 1, 'pointQuantity': 20}}
2023-03-06 11:32:25,805 - root - INFO - 加密前字符串：sys=mini&timestamp=1678073545&token=fec2628becebb3d02a1c60df20ad4552&version=1.0.0A7C9A58F6EAD57ABB2E1C67269164DEB
2023-03-06 11:32:25,805 - root - INFO - 加密后字符串:6e7d3300672d343eeca98c55f0c3cc2c
2023-03-06 11:32:25,857 - root - INFO - 【SQL】：SELECT user_id FROM pets.pf_user_weixin WHERE open_id = 'oLmiT5Fu1K0PueT8_QZfKC6QwLOw';
2023-03-06 11:32:25,857 - root - INFO - total ：1
2023-03-06 11:32:25,860 - root - INFO - 查询结果：((381,),)
2023-03-06 11:32:25,916 - root - INFO - 【SQL】： SELECT id FROM pets.pf_pets WHERE user_id IN (SELECT user_id FROM pets.pf_user_weixin WHERE open_id = 'oLmiT5Fu1K0PueT8_QZfKC6QwLOw');
2023-03-06 11:32:25,916 - root - INFO - total ：1
2023-03-06 11:32:25,916 - root - INFO - 查询结果：((201,),)
2023-03-06 11:32:25,974 - root - INFO - 【SQL】：SELECT quantity FROM pets.pf_pets_action_quantity WHERE user_id = '381' AND pets_id = '201' AND type = 1;
2023-03-06 11:32:25,975 - root - INFO - total ：1
2023-03-06 11:32:25,975 - root - INFO - 查询结果：((39,),)
2023-03-06 11:32:25,976 - root - INFO - 请求参数：{'petsId': 201}
2023-03-06 11:32:25,977 - root - INFO - 请求信息头：{'appKey': 'A7C9A58F6EAD57ABB2E1C67269164DEB', 'openId': 'oLmiT5Fu1K0PueT8_QZfKC6QwLOw', 'sys': 'mini', 'token': 'fec2628becebb3d02a1c60df20ad4552', 'version': '1.0.0', 'timestamp': '1678073545', 'sign': '6e7d3300672d343eeca98c55f0c3cc2c'}
2023-03-06 11:32:26,197 - root - INFO - 返回参数:{'code': 200, 'msg': '成功', 'data': {'isReceive': 0, 'pointQuantity': 0}}
2023-03-06 11:32:26,198 - root - INFO - 点赞1次成功
2023-03-06 11:32:26,198 - root - INFO - 请求参数：{'petsId': 201}
2023-03-06 11:32:26,198 - root - INFO - 请求信息头：{'appKey': 'A7C9A58F6EAD57ABB2E1C67269164DEB', 'openId': 'oLmiT5Fu1K0PueT8_QZfKC6QwLOw', 'sys': 'mini', 'token': 'fec2628becebb3d02a1c60df20ad4552', 'version': '1.0.0', 'timestamp': '1678073545', 'sign': '6e7d3300672d343eeca98c55f0c3cc2c'}
2023-03-06 11:32:26,411 - root - INFO - 返回参数:{'code': 200, 'msg': '成功', 'data': {'isReceive': 0, 'pointQuantity': 0}}
2023-03-06 11:32:26,411 - root - INFO - 点赞2次成功
2023-03-06 11:32:26,412 - root - INFO - 请求参数：{'petsId': 201}
2023-03-06 11:32:26,412 - root - INFO - 请求信息头：{'appKey': 'A7C9A58F6EAD57ABB2E1C67269164DEB', 'openId': 'oLmiT5Fu1K0PueT8_QZfKC6QwLOw', 'sys': 'mini', 'token': 'fec2628becebb3d02a1c60df20ad4552', 'version': '1.0.0', 'timestamp': '1678073545', 'sign': '6e7d3300672d343eeca98c55f0c3cc2c'}
2023-03-06 11:32:26,631 - root - INFO - 返回参数:{'code': 200, 'msg': '成功', 'data': {'isReceive': 0, 'pointQuantity': 0}}
2023-03-06 11:32:26,631 - root - INFO - 点赞3次成功
2023-03-06 11:32:26,688 - root - INFO - 【SQL】：SELECT quantity FROM pets.pf_pets_action_quantity WHERE user_id = '381' AND pets_id = '201' AND type = 1;
2023-03-06 11:32:26,688 - root - INFO - total ：1
2023-03-06 11:32:26,689 - root - INFO - 查询结果：((42,),)
2023-03-06 11:32:26,689 - root - INFO - ------------TEST RESULT-------------
2023-03-06 11:32:26,690 - root - INFO - 点赞前数量：39
2023-03-06 11:32:26,690 - root - INFO - 点赞后点赞数量：42
2023-03-06 11:32:26,691 - root - INFO - 总共点赞了3次
2023-03-06 11:42:56,983 - root - INFO - 端口对应的pid:['29593', '']
2023-03-06 11:42:56,984 - root - INFO - pid数量:5
2023-03-06 11:42:56,984 - root - INFO - pid:29593
2023-03-06 11:42:56,984 - root - INFO - kill -s 9 29593
2023-03-06 11:42:56,987 - root - INFO - kill 29593 success
2023-03-06 11:42:57,036 - root - INFO - 端口对应的pid:['']
2023-03-06 11:42:57,036 - root - INFO - pid数量:0
2023-03-06 11:42:57,037 - root - INFO - pid:
2023-03-06 11:42:57,037 - root - INFO - 未查到端口-65535进程:
2023-03-06 11:42:57,083 - root - INFO - 端口对应的pid:['']
2023-03-06 11:42:57,083 - root - INFO - pid数量:0
2023-03-06 11:42:57,083 - root - INFO - pid:
2023-03-06 11:42:57,083 - root - INFO - 未查到端口-65535进程:
2023-03-06 11:42:57,094 - root - INFO - 临时文件存放路径：/Users/lilei/Desktop/pyAutoTest/output/report/temporaryAllureFile/2023-03-06/11:42:57
2023-03-06 11:42:57,094 - root - INFO - 报告文件：：/Users/lilei/Desktop/pyAutoTest/output/report/allureResult/2023-03-06/11:42:57
2023-03-06 11:42:57,095 - root - INFO - 测试用例地址：/Users/lilei/Desktop/pyAutoTest/test_case/pets/test_pets.py
2023-03-06 11:42:57,347 - root - INFO - 加密前字符串：sys=mini&timestamp=1678074177&token=fec2628becebb3d02a1c60df20ad4552&version=1.0.0A7C9A58F6EAD57ABB2E1C67269164DEB
2023-03-06 11:42:57,347 - root - INFO - 加密后字符串:04a9a3174964025ae3a336cb5eef156c
2023-03-06 11:42:58,553 - root - INFO - 【SQL】：SELECT count(*) FROM pets.pf_pets WHERE user_id IN (SELECT pf_user_weixin.user_id FROM pets.pf_user_weixin WHERE open_id = 'oLmiT5Fu1K0PueT8_QZfKC6QwLOw');
2023-03-06 11:42:58,554 - root - INFO - total ：1
2023-03-06 11:42:58,554 - root - INFO - 查询结果：((1,),)
2023-03-06 11:42:58,555 - root - INFO - total:1
2023-03-06 11:42:58,555 - root - INFO - ------------TEST RESULT-------------
2023-03-06 11:42:58,556 - root - INFO - reponse_data{'code': 201, 'msg': '该用户已有宠物主页,进行下一步，创建动态'}
2023-03-06 11:42:58,622 - root - INFO - 加密前字符串：sys=mini&timestamp=1678074178&token=fec2628becebb3d02a1c60df20ad4552&version=1.0.0A7C9A58F6EAD57ABB2E1C67269164DEB
2023-03-06 11:42:58,623 - root - INFO - 加密后字符串:b78fe83b025dc188b9d7381db3e01e16
2023-03-06 11:42:59,063 - root - INFO - 【SQL】：SELECT user_id FROM pets.pf_user_weixin WHERE open_id = 'oLmiT5Fu1K0PueT8_QZfKC6QwLOw';
2023-03-06 11:42:59,063 - root - INFO - total ：1
2023-03-06 11:42:59,064 - root - INFO - 查询结果：((381,),)
2023-03-06 11:43:00,260 - root - INFO - 【SQL】： SELECT id FROM pets.pf_pets WHERE user_id IN (SELECT user_id FROM pets.pf_user_weixin WHERE open_id = 'oLmiT5Fu1K0PueT8_QZfKC6QwLOw');
2023-03-06 11:43:00,261 - root - INFO - total ：1
2023-03-06 11:43:00,261 - root - INFO - 查询结果：((201,),)
2023-03-06 11:43:00,262 - root - INFO - 请求参数：{'fileType': 1, 'fileList': [{'fileUrl': 'https://static.yunduoke.cn/2023011019113646b531263.png', 'width': '868', 'height': '1194'}, {'fileUrl': 'https://static.yunduoke.cn/2023011019113646b531263.png', 'width': '868', 'height': '1194'}], 'dynamicTitle': 'test图片标题', 'dynamicDescribe': 'test图片内容', 'petsId': 201, 'wxapp_id': 'wx330d694f32e35d94', 'sys': 'mini', 'token': 'fec2628becebb3d02a1c60df20ad4552', 'version': '1.0.0', 'timestamp': 1678074178, 'sign': 'b78fe83b025dc188b9d7381db3e01e16', 'visitor': 'false'}
2023-03-06 11:43:00,263 - root - INFO - 请求信息头：{'appKey': 'A7C9A58F6EAD57ABB2E1C67269164DEB', 'openId': 'oLmiT5Fu1K0PueT8_QZfKC6QwLOw', 'sys': 'mini', 'token': 'fec2628becebb3d02a1c60df20ad4552', 'version': '1.0.0', 'timestamp': '1678074178', 'sign': 'b78fe83b025dc188b9d7381db3e01e16'}
2023-03-06 11:43:00,687 - root - INFO - 返回参数:{'code': 200, 'msg': '成功', 'data': {'isReceive': 1, 'pointQuantity': 15}}
2023-03-06 11:43:00,688 - root - INFO - ------------TEST RESULT-------------
2023-03-06 11:43:00,689 - root - INFO - reponse_data:{'code': 200, 'msg': '成功', 'data': {'isReceive': 1, 'pointQuantity': 15}}
2023-03-06 11:43:00,699 - root - INFO - 加密前字符串：sys=mini&timestamp=1678074180&token=fec2628becebb3d02a1c60df20ad4552&version=1.0.0A7C9A58F6EAD57ABB2E1C67269164DEB
2023-03-06 11:43:00,700 - root - INFO - 加密后字符串:9b6926f0dd98d1904e82cdac63ae81e2
2023-03-06 11:43:00,939 - root - INFO - 【SQL】：SELECT user_id FROM pets.pf_user_weixin WHERE open_id = 'oLmiT5Fu1K0PueT8_QZfKC6QwLOw';
2023-03-06 11:43:00,940 - root - INFO - total ：1
2023-03-06 11:43:00,940 - root - INFO - 查询结果：((381,),)
2023-03-06 11:43:01,129 - root - INFO - 【SQL】： SELECT id FROM pets.pf_pets WHERE user_id IN (SELECT user_id FROM pets.pf_user_weixin WHERE open_id = 'oLmiT5Fu1K0PueT8_QZfKC6QwLOw');
2023-03-06 11:43:01,129 - root - INFO - total ：1
2023-03-06 11:43:01,130 - root - INFO - 查询结果：((201,),)
2023-03-06 11:43:01,131 - root - INFO - 请求参数：{'fileType': '2', 'fileList': [{'fileUrl': 'https://static.yctmt.com/26/226/video/20232/16757571201871.mp4', 'width': 1280, 'height': 704}], 'dynamicTitle': 'test视频标题', 'dynamicDescribe': 'test视频内容', 'petsId': 201, 'wxapp_id': 'wx330d694f32e35d94', 'sys': 'mini', 'token': 'fec2628becebb3d02a1c60df20ad4552', 'version': '1.0.0', 'timestamp': 1678074180, 'sign': '9b6926f0dd98d1904e82cdac63ae81e2', 'visitor': 'false'}
2023-03-06 11:43:01,132 - root - INFO - 请求信息头：{'appKey': 'A7C9A58F6EAD57ABB2E1C67269164DEB', 'openId': 'oLmiT5Fu1K0PueT8_QZfKC6QwLOw', 'sys': 'mini', 'token': 'fec2628becebb3d02a1c60df20ad4552', 'version': '1.0.0', 'timestamp': '1678074180', 'sign': '9b6926f0dd98d1904e82cdac63ae81e2'}
2023-03-06 11:43:01,394 - root - INFO - 返回参数:{'code': 200, 'msg': '成功', 'data': {'isReceive': 0, 'pointQuantity': 0}}
2023-03-06 11:43:01,395 - root - INFO - ------------TEST RESULT-------------
2023-03-06 11:43:01,395 - root - INFO - reponse_data:{'code': 200, 'msg': '成功', 'data': {'isReceive': 0, 'pointQuantity': 0}}
2023-03-06 11:43:01,405 - root - INFO - 加密前字符串：sys=mini&timestamp=1678074181&token=fec2628becebb3d02a1c60df20ad4552&version=1.0.0A7C9A58F6EAD57ABB2E1C67269164DEB
2023-03-06 11:43:01,405 - root - INFO - 加密后字符串:42b807dc6b8e28e4ca4359206755ecbd
2023-03-06 11:43:01,585 - root - INFO - 【SQL】：SELECT user_id FROM pets.pf_user_weixin WHERE open_id = 'oLmiT5Fu1K0PueT8_QZfKC6QwLOw';
2023-03-06 11:43:01,585 - root - INFO - total ：1
2023-03-06 11:43:01,586 - root - INFO - 查询结果：((381,),)
2023-03-06 11:43:01,792 - root - INFO - 【SQL】： SELECT id FROM pets.pf_pets WHERE user_id IN (SELECT user_id FROM pets.pf_user_weixin WHERE open_id = 'oLmiT5Fu1K0PueT8_QZfKC6QwLOw');
2023-03-06 11:43:01,792 - root - INFO - total ：1
2023-03-06 11:43:01,792 - root - INFO - 查询结果：((201,),)
2023-03-06 11:43:02,982 - root - INFO - 【SQL】：SELECT quantity FROM pets.pf_pets_action_quantity WHERE user_id = '381' AND pets_id = '201' AND type = 1;
2023-03-06 11:43:02,982 - root - INFO - total ：1
2023-03-06 11:43:02,983 - root - INFO - 查询结果：((42,),)
2023-03-06 11:43:02,983 - root - INFO - 请求参数：{'petsId': 201}
2023-03-06 11:43:02,984 - root - INFO - 请求信息头：{'appKey': 'A7C9A58F6EAD57ABB2E1C67269164DEB', 'openId': 'oLmiT5Fu1K0PueT8_QZfKC6QwLOw', 'sys': 'mini', 'token': 'fec2628becebb3d02a1c60df20ad4552', 'version': '1.0.0', 'timestamp': '1678074181', 'sign': '42b807dc6b8e28e4ca4359206755ecbd'}
2023-03-06 11:43:03,274 - root - INFO - 返回参数:{'code': 200, 'msg': '成功', 'data': {'isReceive': 0, 'pointQuantity': 0}}
2023-03-06 11:43:03,274 - root - INFO - 点赞1次成功
2023-03-06 11:43:03,275 - root - INFO - 请求参数：{'petsId': 201}
2023-03-06 11:43:03,275 - root - INFO - 请求信息头：{'appKey': 'A7C9A58F6EAD57ABB2E1C67269164DEB', 'openId': 'oLmiT5Fu1K0PueT8_QZfKC6QwLOw', 'sys': 'mini', 'token': 'fec2628becebb3d02a1c60df20ad4552', 'version': '1.0.0', 'timestamp': '1678074181', 'sign': '42b807dc6b8e28e4ca4359206755ecbd'}
2023-03-06 11:43:03,538 - root - INFO - 返回参数:{'code': 200, 'msg': '成功', 'data': {'isReceive': 0, 'pointQuantity': 0}}
2023-03-06 11:43:03,539 - root - INFO - 点赞2次成功
2023-03-06 11:43:03,540 - root - INFO - 请求参数：{'petsId': 201}
2023-03-06 11:43:03,540 - root - INFO - 请求信息头：{'appKey': 'A7C9A58F6EAD57ABB2E1C67269164DEB', 'openId': 'oLmiT5Fu1K0PueT8_QZfKC6QwLOw', 'sys': 'mini', 'token': 'fec2628becebb3d02a1c60df20ad4552', 'version': '1.0.0', 'timestamp': '1678074181', 'sign': '42b807dc6b8e28e4ca4359206755ecbd'}
2023-03-06 11:43:03,881 - root - INFO - 返回参数:{'code': 200, 'msg': '成功', 'data': {'isReceive': 0, 'pointQuantity': 0}}
2023-03-06 11:43:03,882 - root - INFO - 点赞3次成功
2023-03-06 11:43:04,299 - root - INFO - 【SQL】：SELECT quantity FROM pets.pf_pets_action_quantity WHERE user_id = '381' AND pets_id = '201' AND type = 1;
2023-03-06 11:43:04,300 - root - INFO - total ：1
2023-03-06 11:43:04,300 - root - INFO - 查询结果：((45,),)
2023-03-06 11:43:04,301 - root - INFO - ------------TEST RESULT-------------
2023-03-06 11:43:04,301 - root - INFO - 点赞前数量：42
2023-03-06 11:43:04,302 - root - INFO - 点赞后点赞数量：45
2023-03-06 11:43:04,302 - root - INFO - 总共点赞了3次
2023-03-06 11:43:10,705 - root - INFO - 请求参数：{"msg_type": "text", "content": {"msg": "zeppelin0.9\u544a\u8b66\u901a\u77e5", "text": "pets/test_pets\u811a\u672c\u8fd0\u884c\u5b8c\u6210\uff0c\u6d4b\u8bd5\u62a5\u544a\u5730\u5740\uff1ahttp://123.125.172.123:65535"}}
2023-03-06 11:43:10,705 - root - INFO - 请求信息头：{'Content-Type': 'application/json;charset=utf-8'}
2023-03-06 11:43:11,132 - root - INFO - 返回参数:{'StatusCode': 0, 'StatusMessage': 'success', 'code': 0, 'data': {}, 'msg': 'success'}
2023-03-06 11:43:11,132 - root - INFO - 发送飞书消息。返回结果：{'StatusCode': 0, 'StatusMessage': 'success', 'code': 0, 'data': {}, 'msg': 'success'}
2023-03-06 11:44:32,149 - root - INFO - 临时文件存放路径：/Users/lilei/Desktop/pyAutoTest/output/report/temporaryAllureFile/2023-03-06/11:44:32
2023-03-06 11:44:32,149 - root - INFO - 报告文件：：/Users/lilei/Desktop/pyAutoTest/output/report/allureResult/2023-03-06/11:44:32
2023-03-06 11:44:32,149 - root - INFO - 测试用例地址：/Users/lilei/Desktop/pyAutoTest/test_case/pets/test_pets.py
2023-03-06 11:44:32,414 - root - INFO - 加密前字符串：sys=mini&timestamp=1678074272&token=fec2628becebb3d02a1c60df20ad4552&version=1.0.0A7C9A58F6EAD57ABB2E1C67269164DEB
2023-03-06 11:44:32,414 - root - INFO - 加密后字符串:bd2afa41c086fd92160f9bcc6a495748
2023-03-06 11:44:33,558 - root - INFO - 【SQL】：SELECT count(*) FROM pets.pf_pets WHERE user_id IN (SELECT pf_user_weixin.user_id FROM pets.pf_user_weixin WHERE open_id = 'oLmiT5Fu1K0PueT8_QZfKC6QwLOw');
2023-03-06 11:44:33,558 - root - INFO - total ：1
2023-03-06 11:44:33,559 - root - INFO - 查询结果：((1,),)
2023-03-06 11:44:33,559 - root - INFO - total:1
2023-03-06 11:44:33,560 - root - INFO - ------------TEST RESULT-------------
2023-03-06 11:44:33,560 - root - INFO - reponse_data{'code': 201, 'msg': '该用户已有宠物主页,进行下一步，创建动态'}
2023-03-06 11:44:33,630 - root - INFO - 加密前字符串：sys=mini&timestamp=1678074273&token=fec2628becebb3d02a1c60df20ad4552&version=1.0.0A7C9A58F6EAD57ABB2E1C67269164DEB
2023-03-06 11:44:33,631 - root - INFO - 加密后字符串:41ad39f810987a024b49738c3ffe037f
2023-03-06 11:44:35,822 - root - INFO - 【SQL】：SELECT user_id FROM pets.pf_user_weixin WHERE open_id = 'oLmiT5Fu1K0PueT8_QZfKC6QwLOw';
2023-03-06 11:44:35,822 - root - INFO - total ：1
2023-03-06 11:44:35,823 - root - INFO - 查询结果：((381,),)
2023-03-06 11:44:36,256 - root - INFO - 【SQL】： SELECT id FROM pets.pf_pets WHERE user_id IN (SELECT user_id FROM pets.pf_user_weixin WHERE open_id = 'oLmiT5Fu1K0PueT8_QZfKC6QwLOw');
2023-03-06 11:44:36,257 - root - INFO - total ：1
2023-03-06 11:44:36,258 - root - INFO - 查询结果：((201,),)
2023-03-06 11:44:36,259 - root - INFO - 请求参数：{'fileType': 1, 'fileList': [{'fileUrl': 'https://static.yunduoke.cn/2023011019113646b531263.png', 'width': '868', 'height': '1194'}, {'fileUrl': 'https://static.yunduoke.cn/2023011019113646b531263.png', 'width': '868', 'height': '1194'}], 'dynamicTitle': 'test图片标题', 'dynamicDescribe': 'test图片内容', 'petsId': 201, 'wxapp_id': 'wx330d694f32e35d94', 'sys': 'mini', 'token': 'fec2628becebb3d02a1c60df20ad4552', 'version': '1.0.0', 'timestamp': 1678074273, 'sign': '41ad39f810987a024b49738c3ffe037f', 'visitor': 'false'}
2023-03-06 11:44:36,259 - root - INFO - 请求信息头：{'appKey': 'A7C9A58F6EAD57ABB2E1C67269164DEB', 'openId': 'oLmiT5Fu1K0PueT8_QZfKC6QwLOw', 'sys': 'mini', 'token': 'fec2628becebb3d02a1c60df20ad4552', 'version': '1.0.0', 'timestamp': '1678074273', 'sign': '41ad39f810987a024b49738c3ffe037f'}
2023-03-06 11:44:36,530 - root - INFO - 返回参数:{'code': 200, 'msg': '成功', 'data': {'isReceive': 0, 'pointQuantity': 0}}
2023-03-06 11:44:36,530 - root - INFO - ------------TEST RESULT-------------
2023-03-06 11:44:36,530 - root - INFO - reponse_data:{'code': 200, 'msg': '成功', 'data': {'isReceive': 0, 'pointQuantity': 0}}
2023-03-06 11:44:36,542 - root - INFO - 加密前字符串：sys=mini&timestamp=1678074276&token=fec2628becebb3d02a1c60df20ad4552&version=1.0.0A7C9A58F6EAD57ABB2E1C67269164DEB
2023-03-06 11:44:36,542 - root - INFO - 加密后字符串:9f2efa8581c982bf1205e7593da0a251
2023-03-06 11:44:36,739 - root - INFO - 【SQL】：SELECT user_id FROM pets.pf_user_weixin WHERE open_id = 'oLmiT5Fu1K0PueT8_QZfKC6QwLOw';
2023-03-06 11:44:36,740 - root - INFO - total ：1
2023-03-06 11:44:36,740 - root - INFO - 查询结果：((381,),)
2023-03-06 11:44:37,875 - root - INFO - 【SQL】： SELECT id FROM pets.pf_pets WHERE user_id IN (SELECT user_id FROM pets.pf_user_weixin WHERE open_id = 'oLmiT5Fu1K0PueT8_QZfKC6QwLOw');
2023-03-06 11:44:37,876 - root - INFO - total ：1
2023-03-06 11:44:37,876 - root - INFO - 查询结果：((201,),)
2023-03-06 11:44:37,877 - root - INFO - 请求参数：{'fileType': '2', 'fileList': [{'fileUrl': 'https://static.yctmt.com/26/226/video/20232/16757571201871.mp4', 'width': 1280, 'height': 704}], 'dynamicTitle': 'test视频标题', 'dynamicDescribe': 'test视频内容', 'petsId': 201, 'wxapp_id': 'wx330d694f32e35d94', 'sys': 'mini', 'token': 'fec2628becebb3d02a1c60df20ad4552', 'version': '1.0.0', 'timestamp': 1678074276, 'sign': '9f2efa8581c982bf1205e7593da0a251', 'visitor': 'false'}
2023-03-06 11:44:37,878 - root - INFO - 请求信息头：{'appKey': 'A7C9A58F6EAD57ABB2E1C67269164DEB', 'openId': 'oLmiT5Fu1K0PueT8_QZfKC6QwLOw', 'sys': 'mini', 'token': 'fec2628becebb3d02a1c60df20ad4552', 'version': '1.0.0', 'timestamp': '1678074276', 'sign': '9f2efa8581c982bf1205e7593da0a251'}
2023-03-06 11:44:38,134 - root - INFO - 返回参数:{'code': 200, 'msg': '成功', 'data': {'isReceive': 0, 'pointQuantity': 0}}
2023-03-06 11:44:38,134 - root - INFO - ------------TEST RESULT-------------
2023-03-06 11:44:38,135 - root - INFO - reponse_data:{'code': 200, 'msg': '成功', 'data': {'isReceive': 0, 'pointQuantity': 0}}
2023-03-06 11:44:38,145 - root - INFO - 加密前字符串：sys=mini&timestamp=1678074278&token=fec2628becebb3d02a1c60df20ad4552&version=1.0.0A7C9A58F6EAD57ABB2E1C67269164DEB
2023-03-06 11:44:38,145 - root - INFO - 加密后字符串:b29903c69d153abee53e0e3856779c83
2023-03-06 11:44:38,319 - root - INFO - 【SQL】：SELECT user_id FROM pets.pf_user_weixin WHERE open_id = 'oLmiT5Fu1K0PueT8_QZfKC6QwLOw';
2023-03-06 11:44:38,319 - root - INFO - total ：1
2023-03-06 11:44:38,320 - root - INFO - 查询结果：((381,),)
2023-03-06 11:44:38,487 - root - INFO - 【SQL】： SELECT id FROM pets.pf_pets WHERE user_id IN (SELECT user_id FROM pets.pf_user_weixin WHERE open_id = 'oLmiT5Fu1K0PueT8_QZfKC6QwLOw');
2023-03-06 11:44:38,487 - root - INFO - total ：1
2023-03-06 11:44:38,487 - root - INFO - 查询结果：((201,),)
2023-03-06 11:44:38,624 - root - INFO - 【SQL】：SELECT quantity FROM pets.pf_pets_action_quantity WHERE user_id = '381' AND pets_id = '201' AND type = 1;
2023-03-06 11:44:38,624 - root - INFO - total ：1
2023-03-06 11:44:38,625 - root - INFO - 查询结果：((45,),)
2023-03-06 11:44:38,625 - root - INFO - 请求参数：{'petsId': 201}
2023-03-06 11:44:38,625 - root - INFO - 请求信息头：{'appKey': 'A7C9A58F6EAD57ABB2E1C67269164DEB', 'openId': 'oLmiT5Fu1K0PueT8_QZfKC6QwLOw', 'sys': 'mini', 'token': 'fec2628becebb3d02a1c60df20ad4552', 'version': '1.0.0', 'timestamp': '1678074278', 'sign': 'b29903c69d153abee53e0e3856779c83'}
2023-03-06 11:44:39,011 - root - INFO - 返回参数:{'code': 200, 'msg': '成功', 'data': {'isReceive': 0, 'pointQuantity': 0}}
2023-03-06 11:44:39,012 - root - INFO - 点赞1次成功
2023-03-06 11:44:39,012 - root - INFO - 请求参数：{'petsId': 201}
2023-03-06 11:44:39,013 - root - INFO - 请求信息头：{'appKey': 'A7C9A58F6EAD57ABB2E1C67269164DEB', 'openId': 'oLmiT5Fu1K0PueT8_QZfKC6QwLOw', 'sys': 'mini', 'token': 'fec2628becebb3d02a1c60df20ad4552', 'version': '1.0.0', 'timestamp': '1678074278', 'sign': 'b29903c69d153abee53e0e3856779c83'}
2023-03-06 11:44:40,495 - root - INFO - 返回参数:{'code': 200, 'msg': '成功', 'data': {'isReceive': 0, 'pointQuantity': 0}}
2023-03-06 11:44:40,495 - root - INFO - 点赞2次成功
2023-03-06 11:44:40,496 - root - INFO - 请求参数：{'petsId': 201}
2023-03-06 11:44:40,496 - root - INFO - 请求信息头：{'appKey': 'A7C9A58F6EAD57ABB2E1C67269164DEB', 'openId': 'oLmiT5Fu1K0PueT8_QZfKC6QwLOw', 'sys': 'mini', 'token': 'fec2628becebb3d02a1c60df20ad4552', 'version': '1.0.0', 'timestamp': '1678074278', 'sign': 'b29903c69d153abee53e0e3856779c83'}
2023-03-06 11:44:41,003 - root - INFO - 返回参数:{'code': 200, 'msg': '成功', 'data': {'isReceive': 0, 'pointQuantity': 0}}
2023-03-06 11:44:41,004 - root - INFO - 点赞3次成功
2023-03-06 11:44:41,438 - root - INFO - 【SQL】：SELECT quantity FROM pets.pf_pets_action_quantity WHERE user_id = '381' AND pets_id = '201' AND type = 1;
2023-03-06 11:44:41,438 - root - INFO - total ：1
2023-03-06 11:44:41,439 - root - INFO - 查询结果：((48,),)
2023-03-06 11:44:41,439 - root - INFO - ------------TEST RESULT-------------
2023-03-06 11:44:41,440 - root - INFO - 点赞前数量：45
2023-03-06 11:44:41,440 - root - INFO - 点赞后点赞数量：48
2023-03-06 11:44:41,440 - root - INFO - 总共点赞了3次
2023-03-06 11:44:48,996 - root - INFO - 请求参数：{"msg_type": "text", "content": {"msg": "zeppelin0.9\u544a\u8b66\u901a\u77e5", "text": "pets/test_pets\u811a\u672c\u8fd0\u884c\u5b8c\u6210\uff0c\u6d4b\u8bd5\u62a5\u544a\u5730\u5740\uff1ahttp://123.125.172.123:65535"}}
2023-03-06 11:44:48,997 - root - INFO - 请求信息头：{'Content-Type': 'application/json;charset=utf-8'}
2023-03-06 11:44:49,504 - root - INFO - 返回参数:{'StatusCode': 0, 'StatusMessage': 'success', 'code': 0, 'data': {}, 'msg': 'success'}
2023-03-06 11:44:49,504 - root - INFO - 发送飞书消息。返回结果：{'StatusCode': 0, 'StatusMessage': 'success', 'code': 0, 'data': {}, 'msg': 'success'}
