2023-03-30 18:18:47,110 - root - INFO - 临时文件存放路径：/Users/lilei/Desktop/AutoTestDome/output/report/temporaryAllureFile/2023-03-30/18:18:47
2023-03-30 18:18:47,110 - root - INFO - 报告文件：：/Users/lilei/Desktop/AutoTestDome/output/report/allureResult/2023-03-30/18:18:47
2023-03-30 18:18:47,110 - root - INFO - 测试用例地址：/Users/lilei/Desktop/AutoTestDome/test_case/pets/test_dome.py
2023-03-30 18:18:49,708 - root - INFO - 请求参数：{"msg_type": "text", "content": {"msg": "zeppelin0.9\u544a\u8b66\u901a\u77e5", "text": "pets/test_dome\u811a\u672c\u8fd0\u884c\u5b8c\u6210\uff0c\u6d4b\u8bd5\u62a5\u544a\u5730\u5740\uff1ahttp://123.125.172.123:65535"}}
2023-03-30 18:18:49,709 - root - INFO - 请求信息头：{'Content-Type': 'application/json;charset=utf-8'}
2023-03-30 18:18:49,710 - root - INFO - 发送飞书消息。返回结果：None
2023-03-30 18:19:48,506 - root - INFO - 临时文件存放路径：/Users/lilei/Desktop/AutoTestDome/output/report/temporaryAllureFile/2023-03-30/18:19:48
2023-03-30 18:19:48,506 - root - INFO - 报告文件：：/Users/lilei/Desktop/AutoTestDome/output/report/allureResult/2023-03-30/18:19:48
2023-03-30 18:19:48,507 - root - INFO - 测试用例地址：/Users/lilei/Desktop/AutoTestDome/test_case/pets/test_dome.py
2023-03-30 18:19:50,379 - root - INFO - 请求参数：{"msg_type": "text", "content": {"msg": "zeppelin0.9\u544a\u8b66\u901a\u77e5", "text": "pets/test_dome\u811a\u672c\u8fd0\u884c\u5b8c\u6210\uff0c\u6d4b\u8bd5\u62a5\u544a\u5730\u5740\uff1ahttp://123.125.172.124:65535"}}
2023-03-30 18:19:50,379 - root - INFO - 请求信息头：{'Content-Type': 'application/json;charset=utf-8'}
2023-03-30 18:19:50,381 - root - INFO - 发送飞书消息。返回结果：None
2023-03-30 18:20:27,479 - root - INFO - 临时文件存放路径：/Users/lilei/Desktop/AutoTestDome/output/report/temporaryAllureFile/2023-03-30/18:20:27
2023-03-30 18:20:27,479 - root - INFO - 报告文件：：/Users/lilei/Desktop/AutoTestDome/output/report/allureResult/2023-03-30/18:20:27
2023-03-30 18:20:27,480 - root - INFO - 测试用例地址：/Users/lilei/Desktop/AutoTestDome/test_case/pets/test_dome.py
2023-03-30 18:20:29,392 - root - INFO - 请求参数：{"msg_type": "text", "content": {"msg": "zeppelin0.9\u544a\u8b66\u901a\u77e5", "text": "pets/test_dome\u811a\u672c\u8fd0\u884c\u5b8c\u6210\uff0c\u6d4b\u8bd5\u62a5\u544a\u5730\u5740\uff1ahttp://123.125.172.124:65535"}}
2023-03-30 18:20:29,393 - root - INFO - 请求信息头：{'Content-Type': 'application/json;charset=utf-8'}
2023-03-30 18:20:29,394 - root - INFO - 发送飞书消息。返回结果：None
2023-03-30 18:23:02,717 - root - INFO - 临时文件存放路径：/Users/lilei/Desktop/AutoTestDome/output/report/temporaryAllureFile/2023-03-30/18:23:02
2023-03-30 18:23:02,717 - root - INFO - 报告文件：：/Users/lilei/Desktop/AutoTestDome/output/report/allureResult/2023-03-30/18:23:02
2023-03-30 18:23:02,717 - root - INFO - 测试用例地址：/Users/lilei/Desktop/AutoTestDome/test_case/test_dome.py
2023-03-30 18:23:04,592 - root - INFO - 请求参数：{"msg_type": "text", "content": {"msg": "zeppelin0.9\u544a\u8b66\u901a\u77e5", "text": "test_dome\u811a\u672c\u8fd0\u884c\u5b8c\u6210\uff0c\u6d4b\u8bd5\u62a5\u544a\u5730\u5740\uff1ahttp://123.125.172.123:65535"}}
2023-03-30 18:23:04,592 - root - INFO - 请求信息头：{'Content-Type': 'application/json;charset=utf-8'}
2023-03-30 18:23:04,593 - root - INFO - 发送飞书消息。返回结果：None
2023-03-30 18:23:27,215 - root - INFO - 临时文件存放路径：/Users/lilei/Desktop/AutoTestDome/output/report/temporaryAllureFile/2023-03-30/18:23:27
2023-03-30 18:23:27,216 - root - INFO - 报告文件：：/Users/lilei/Desktop/AutoTestDome/output/report/allureResult/2023-03-30/18:23:27
2023-03-30 18:23:27,216 - root - INFO - 测试用例地址：/Users/lilei/Desktop/AutoTestDome/test_case/test_dome.py
2023-03-30 18:23:29,093 - root - INFO - 请求参数：{"msg_type": "text", "content": {"msg": "zeppelin0.9\u544a\u8b66\u901a\u77e5", "text": "test_dome\u811a\u672c\u8fd0\u884c\u5b8c\u6210\uff0c\u6d4b\u8bd5\u62a5\u544a\u5730\u5740\uff1ahttp://123.125.172.124:65535"}}
2023-03-30 18:23:29,093 - root - INFO - 请求信息头：{'Content-Type': 'application/json;charset=utf-8'}
2023-03-30 18:23:29,094 - root - INFO - 发送飞书消息。返回结果：None
2023-03-30 18:23:45,984 - root - INFO - 临时文件存放路径：/Users/lilei/Desktop/AutoTestDome/output/report/temporaryAllureFile/2023-03-30/18:23:45
2023-03-30 18:23:45,984 - root - INFO - 报告文件：：/Users/lilei/Desktop/AutoTestDome/output/report/allureResult/2023-03-30/18:23:45
2023-03-30 18:23:45,985 - root - INFO - 测试用例地址：/Users/lilei/Desktop/AutoTestDome/test_case/test_dome.py
2023-03-30 18:23:47,960 - root - INFO - 请求参数：{"msg_type": "text", "content": {"msg": "zeppelin0.9\u544a\u8b66\u901a\u77e5", "text": "test_dome\u811a\u672c\u8fd0\u884c\u5b8c\u6210\uff0c\u6d4b\u8bd5\u62a5\u544a\u5730\u5740\uff1ahttp://123.125.172.123:65535"}}
2023-03-30 18:23:47,961 - root - INFO - 请求信息头：{'Content-Type': 'application/json;charset=utf-8'}
2023-03-30 18:23:47,962 - root - INFO - 发送飞书消息。返回结果：None
2023-03-30 18:24:08,675 - root - INFO - 临时文件存放路径：/Users/lilei/Desktop/AutoTestDome/output/report/temporaryAllureFile/2023-03-30/18:24:08
2023-03-30 18:24:08,675 - root - INFO - 报告文件：：/Users/lilei/Desktop/AutoTestDome/output/report/allureResult/2023-03-30/18:24:08
2023-03-30 18:24:08,676 - root - INFO - 测试用例地址：/Users/lilei/Desktop/AutoTestDome/test_case/test_dome.py
2023-03-30 18:24:10,643 - root - INFO - 请求参数：{"msg_type": "text", "content": {"msg": "zeppelin0.9\u544a\u8b66\u901a\u77e5", "text": "test_dome\u811a\u672c\u8fd0\u884c\u5b8c\u6210\uff0c\u6d4b\u8bd5\u62a5\u544a\u5730\u5740\uff1ahttp://123.125.172.123:65535"}}
2023-03-30 18:24:10,644 - root - INFO - 请求信息头：{'Content-Type': 'application/json;charset=utf-8'}
2023-03-30 18:24:10,645 - root - INFO - 发送飞书消息。返回结果：None
2023-03-30 18:25:44,844 - root - INFO - 临时文件存放路径：/Users/lilei/Desktop/AutoTestDome/output/report/temporaryAllureFile/2023-03-30/18:25:44
2023-03-30 18:25:44,844 - root - INFO - 报告文件：：/Users/lilei/Desktop/AutoTestDome/output/report/allureResult/2023-03-30/18:25:44
2023-03-30 18:25:44,845 - root - INFO - 测试用例地址：/Users/lilei/Desktop/AutoTestDome/test_case/test_dome.py
2023-03-30 18:25:52,617 - root - INFO - 请求参数：{"msg_type": "text", "content": {"msg": "zeppelin0.9\u544a\u8b66\u901a\u77e5", "text": "test_dome\u811a\u672c\u8fd0\u884c\u5b8c\u6210\uff0c\u6d4b\u8bd5\u62a5\u544a\u5730\u5740\uff1ahttp://123.125.172.124:65535"}}
2023-03-30 18:25:52,618 - root - INFO - 请求信息头：{'Content-Type': 'application/json;charset=utf-8'}
2023-03-30 18:25:52,620 - root - INFO - 发送飞书消息。返回结果：None
2023-03-30 18:27:08,676 - root - INFO - 临时文件存放路径：/Users/lilei/Desktop/AutoTestDome/output/report/temporaryAllureFile/2023-03-30/18:27:08
2023-03-30 18:27:08,677 - root - INFO - 报告文件：：/Users/lilei/Desktop/AutoTestDome/output/report/allureResult/2023-03-30/18:27:08
2023-03-30 18:27:08,677 - root - INFO - 测试用例地址：/Users/lilei/Desktop/AutoTestDome/test_case/test_dome.py
2023-03-30 18:27:44,033 - root - INFO - 临时文件存放路径：/Users/lilei/Desktop/AutoTestDome/output/report/temporaryAllureFile/2023-03-30/18:27:44
2023-03-30 18:27:44,034 - root - INFO - 报告文件：：/Users/lilei/Desktop/AutoTestDome/output/report/allureResult/2023-03-30/18:27:44
2023-03-30 18:27:44,034 - root - INFO - 测试用例地址：/Users/lilei/Desktop/AutoTestDome/test_case/test_dome.py
2023-03-30 18:27:53,294 - root - INFO - 请求参数：{"msg_type": "text", "content": {"msg": "zeppelin0.9\u544a\u8b66\u901a\u77e5", "text": "test_dome\u811a\u672c\u8fd0\u884c\u5b8c\u6210\uff0c\u6d4b\u8bd5\u62a5\u544a\u5730\u5740\uff1ahttp://123.125.172.124:65535"}}
2023-03-30 18:27:53,295 - root - INFO - 请求信息头：{'Content-Type': 'application/json;charset=utf-8'}
2023-03-30 18:27:53,297 - root - INFO - 发送飞书消息。返回结果：None
2023-03-30 18:28:03,776 - root - INFO - 临时文件存放路径：/Users/lilei/Desktop/AutoTestDome/output/report/temporaryAllureFile/2023-03-30/18:28:03
2023-03-30 18:28:03,776 - root - INFO - 报告文件：：/Users/lilei/Desktop/AutoTestDome/output/report/allureResult/2023-03-30/18:28:03
2023-03-30 18:28:03,777 - root - INFO - 测试用例地址：/Users/lilei/Desktop/AutoTestDome/test_case/test_dome.py
2023-03-30 18:29:03,417 - root - INFO - 请求参数：{"msg_type": "text", "content": {"msg": "zeppelin0.9\u544a\u8b66\u901a\u77e5", "text": "test_dome\u811a\u672c\u8fd0\u884c\u5b8c\u6210\uff0c\u6d4b\u8bd5\u62a5\u544a\u5730\u5740\uff1ahttp://123.125.172.123:65535"}}
2023-03-30 18:29:03,417 - root - INFO - 请求信息头：{'Content-Type': 'application/json;charset=utf-8'}
2023-03-30 18:29:03,419 - root - INFO - 发送飞书消息。返回结果：None
2023-03-30 18:30:13,696 - root - INFO - 临时文件存放路径：/Users/lilei/Desktop/AutoTestDome/output/report/temporaryAllureFile/2023-03-30/18:30:13
2023-03-30 18:30:13,696 - root - INFO - 报告文件：：/Users/lilei/Desktop/AutoTestDome/output/report/allureResult/2023-03-30/18:30:13
2023-03-30 18:30:13,697 - root - INFO - 测试用例地址：/Users/lilei/Desktop/AutoTestDome/test_case/test_dome.py
2023-03-30 18:30:43,786 - root - INFO - 请求参数：{"msg_type": "text", "content": {"msg": "zeppelin0.9\u544a\u8b66\u901a\u77e5", "text": "test_dome\u811a\u672c\u8fd0\u884c\u5b8c\u6210\uff0c\u6d4b\u8bd5\u62a5\u544a\u5730\u5740\uff1ahttp://123.125.172.124:65535"}}
2023-03-30 18:30:43,787 - root - INFO - 请求信息头：{'Content-Type': 'application/json;charset=utf-8'}
2023-03-30 18:30:43,789 - root - INFO - 发送飞书消息。返回结果：None
2023-03-30 18:31:11,381 - root - INFO - 临时文件存放路径：/Users/lilei/Desktop/AutoTestDome/output/report/temporaryAllureFile/2023-03-30/18:31:11
2023-03-30 18:31:11,381 - root - INFO - 报告文件：：/Users/lilei/Desktop/AutoTestDome/output/report/allureResult/2023-03-30/18:31:11
2023-03-30 18:31:11,382 - root - INFO - 测试用例地址：/Users/lilei/Desktop/AutoTestDome/test_case/test_dome.py
2023-03-30 18:31:48,353 - root - INFO - 临时文件存放路径：/Users/lilei/Desktop/AutoTestDome/output/report/temporaryAllureFile/2023-03-30/18:31:48
2023-03-30 18:31:48,354 - root - INFO - 报告文件：：/Users/lilei/Desktop/AutoTestDome/output/report/allureResult/2023-03-30/18:31:48
2023-03-30 18:31:48,354 - root - INFO - 测试用例地址：/Users/lilei/Desktop/AutoTestDome/test_case/test_dome.py
2023-03-30 18:32:25,231 - root - INFO - 临时文件存放路径：/Users/lilei/Desktop/AutoTestDome/output/report/temporaryAllureFile/2023-03-30/18:32:25
2023-03-30 18:32:25,232 - root - INFO - 报告文件：：/Users/lilei/Desktop/AutoTestDome/output/report/allureResult/2023-03-30/18:32:25
2023-03-30 18:32:25,232 - root - INFO - 测试用例地址：/Users/lilei/Desktop/AutoTestDome/test_case/test_dome.py
2023-03-30 18:32:45,037 - root - INFO - 临时文件存放路径：/Users/lilei/Desktop/AutoTestDome/output/report/temporaryAllureFile/2023-03-30/18:32:45
2023-03-30 18:32:45,038 - root - INFO - 报告文件：：/Users/lilei/Desktop/AutoTestDome/output/report/allureResult/2023-03-30/18:32:45
2023-03-30 18:32:45,038 - root - INFO - 测试用例地址：/Users/lilei/Desktop/AutoTestDome/test_case/test_dome.py
2023-03-30 18:33:28,277 - root - INFO - 临时文件存放路径：/Users/lilei/Desktop/AutoTestDome/output/report/temporaryAllureFile/2023-03-30/18:33:28
2023-03-30 18:33:28,278 - root - INFO - 报告文件：：/Users/lilei/Desktop/AutoTestDome/output/report/allureResult/2023-03-30/18:33:28
2023-03-30 18:33:28,278 - root - INFO - 测试用例地址：/Users/lilei/Desktop/AutoTestDome/test_case/test_dome.py
2023-03-30 18:37:14,807 - root - INFO - 临时文件存放路径：/Users/lilei/Desktop/AutoTestDome/output/report/temporaryAllureFile/2023-03-30/18:37:14
2023-03-30 18:37:14,807 - root - INFO - 报告文件：：/Users/lilei/Desktop/AutoTestDome/output/report/allureResult/2023-03-30/18:37:14
2023-03-30 18:37:14,808 - root - INFO - 测试用例地址：/Users/lilei/Desktop/AutoTestDome/test_case/test_dome.py
2023-03-30 18:37:44,917 - root - INFO - 临时文件存放路径：/Users/lilei/Desktop/AutoTestDome/output/report/temporaryAllureFile/2023-03-30/18:37:44
2023-03-30 18:37:44,917 - root - INFO - 报告文件：：/Users/lilei/Desktop/AutoTestDome/output/report/allureResult/2023-03-30/18:37:44
2023-03-30 18:37:44,918 - root - INFO - 测试用例地址：/Users/lilei/Desktop/AutoTestDome/test_case/test_dome.py
2023-03-30 18:38:42,329 - root - INFO - 临时文件存放路径：/Users/lilei/Desktop/AutoTestDome/output/report/temporaryAllureFile/2023-03-30/18:38:42
2023-03-30 18:38:42,330 - root - INFO - 报告文件：：/Users/lilei/Desktop/AutoTestDome/output/report/allureResult/2023-03-30/18:38:42
2023-03-30 18:38:42,330 - root - INFO - 测试用例地址：/Users/lilei/Desktop/AutoTestDome/test_case/test_dome.py
2023-03-30 18:39:02,566 - root - INFO - 临时文件存放路径：/Users/lilei/Desktop/AutoTestDome/output/report/temporaryAllureFile/2023-03-30/18:39:02
2023-03-30 18:39:02,566 - root - INFO - 报告文件：：/Users/lilei/Desktop/AutoTestDome/output/report/allureResult/2023-03-30/18:39:02
2023-03-30 18:39:02,567 - root - INFO - 测试用例地址：/Users/lilei/Desktop/AutoTestDome/test_case/test_dome.py
2023-03-30 18:40:54,332 - root - INFO - 临时文件存放路径：/Users/lilei/Desktop/AutoTestDome/output/report/temporaryAllureFile/2023-03-30/18:40:54
2023-03-30 18:40:54,333 - root - INFO - 报告文件：：/Users/lilei/Desktop/AutoTestDome/output/report/allureResult/2023-03-30/18:40:54
2023-03-30 18:40:54,333 - root - INFO - 测试用例地址：/Users/lilei/Desktop/AutoTestDome/test_case/test_dome.py
2023-03-30 18:41:15,779 - root - INFO - 临时文件存放路径：/Users/lilei/Desktop/AutoTestDome/output/report/temporaryAllureFile/2023-03-30/18:41:15
2023-03-30 18:41:15,780 - root - INFO - 报告文件：：/Users/lilei/Desktop/AutoTestDome/output/report/allureResult/2023-03-30/18:41:15
2023-03-30 18:41:15,780 - root - INFO - 测试用例地址：/Users/lilei/Desktop/AutoTestDome/test_case/test_dome.py
2023-03-30 18:41:27,857 - root - INFO - 请求参数：{'tel': 11111111111}
2023-03-30 18:41:27,857 - root - INFO - 请求信息头：{'Content-Type': 'application/json'}
2023-03-30 18:41:27,889 - root - INFO - ------------TEST RESULT-------------
2023-03-30 18:41:27,890 - root - INFO - reponse_dataNone
2023-03-30 18:42:34,689 - root - INFO - 临时文件存放路径：/Users/lilei/Desktop/AutoTestDome/output/report/temporaryAllureFile/2023-03-30/18:42:34
2023-03-30 18:42:34,690 - root - INFO - 报告文件：：/Users/lilei/Desktop/AutoTestDome/output/report/allureResult/2023-03-30/18:42:34
2023-03-30 18:42:34,691 - root - INFO - 测试用例地址：/Users/lilei/Desktop/AutoTestDome/test_case/test_dome.py
2023-03-30 18:42:51,434 - root - INFO - 请求参数：{'tel': 11111111111}
2023-03-30 18:43:00,385 - root - INFO - 请求信息头：{'Content-Type': 'application/json'}
2023-03-30 18:43:20,293 - root - INFO - ------------TEST RESULT-------------
2023-03-30 18:43:23,342 - root - INFO - reponse_dataNone
2023-03-30 18:46:07,159 - root - INFO - 临时文件存放路径：/Users/lilei/Desktop/AutoTestDome/output/report/temporaryAllureFile/2023-03-30/18:46:07
2023-03-30 18:46:07,160 - root - INFO - 报告文件：：/Users/lilei/Desktop/AutoTestDome/output/report/allureResult/2023-03-30/18:46:07
2023-03-30 18:46:07,160 - root - INFO - 测试用例地址：/Users/lilei/Desktop/AutoTestDome/test_case/test_dome.py
2023-03-30 18:46:46,520 - root - INFO - 临时文件存放路径：/Users/lilei/Desktop/AutoTestDome/output/report/temporaryAllureFile/2023-03-30/18:46:46
2023-03-30 18:46:46,520 - root - INFO - 报告文件：：/Users/lilei/Desktop/AutoTestDome/output/report/allureResult/2023-03-30/18:46:46
2023-03-30 18:46:46,521 - root - INFO - 测试用例地址：/Users/lilei/Desktop/AutoTestDome/test_case/test_dome.py
2023-03-30 18:47:06,428 - root - INFO - 临时文件存放路径：/Users/lilei/Desktop/AutoTestDome/output/report/temporaryAllureFile/2023-03-30/18:47:06
2023-03-30 18:47:06,429 - root - INFO - 报告文件：：/Users/lilei/Desktop/AutoTestDome/output/report/allureResult/2023-03-30/18:47:06
2023-03-30 18:47:06,429 - root - INFO - 测试用例地址：/Users/lilei/Desktop/AutoTestDome/test_case/test_dome.py
2023-03-30 18:47:43,050 - root - INFO - 临时文件存放路径：/Users/lilei/Desktop/AutoTestDome/output/report/temporaryAllureFile/2023-03-30/18:47:43
2023-03-30 18:47:43,050 - root - INFO - 报告文件：：/Users/lilei/Desktop/AutoTestDome/output/report/allureResult/2023-03-30/18:47:43
2023-03-30 18:47:43,051 - root - INFO - 测试用例地址：/Users/lilei/Desktop/AutoTestDome/test_case/test_dome.py
2023-03-30 18:52:35,768 - root - INFO - 临时文件存放路径：/Users/lilei/Desktop/AutoTestDome/output/report/temporaryAllureFile/2023-03-30/18:52:35
2023-03-30 18:52:35,768 - root - INFO - 报告文件：：/Users/lilei/Desktop/AutoTestDome/output/report/allureResult/2023-03-30/18:52:35
2023-03-30 18:52:35,768 - root - INFO - 测试用例地址：/Users/lilei/Desktop/AutoTestDome/test_case/test_dome.py
2023-03-30 18:52:45,026 - root - INFO - 临时文件存放路径：/Users/lilei/Desktop/AutoTestDome/output/report/temporaryAllureFile/2023-03-30/18:52:45
2023-03-30 18:52:45,027 - root - INFO - 报告文件：：/Users/lilei/Desktop/AutoTestDome/output/report/allureResult/2023-03-30/18:52:45
2023-03-30 18:52:45,027 - root - INFO - 测试用例地址：/Users/lilei/Desktop/AutoTestDome/test_case/test_dome.py
2023-03-30 18:54:28,716 - root - INFO - 临时文件存放路径：/Users/lilei/Desktop/AutoTestDome/output/report/temporaryAllureFile/2023-03-30/18:54:28
2023-03-30 18:54:28,716 - root - INFO - 报告文件：：/Users/lilei/Desktop/AutoTestDome/output/report/allureResult/2023-03-30/18:54:28
2023-03-30 18:54:28,717 - root - INFO - 测试用例地址：/Users/lilei/Desktop/AutoTestDome/test_case/test_dome.py
2023-03-30 18:54:56,449 - root - INFO - 临时文件存放路径：/Users/lilei/Desktop/AutoTestDome/output/report/temporaryAllureFile/2023-03-30/18:54:56
2023-03-30 18:54:56,449 - root - INFO - 报告文件：：/Users/lilei/Desktop/AutoTestDome/output/report/allureResult/2023-03-30/18:54:56
2023-03-30 18:54:56,450 - root - INFO - 测试用例地址：/Users/lilei/Desktop/AutoTestDome/test_case/test_dome.py
2023-03-30 18:55:29,092 - root - INFO - 临时文件存放路径：/Users/lilei/Desktop/AutoTestDome/output/report/temporaryAllureFile/2023-03-30/18:55:29
2023-03-30 18:55:29,092 - root - INFO - 报告文件：：/Users/lilei/Desktop/AutoTestDome/output/report/allureResult/2023-03-30/18:55:29
2023-03-30 18:55:29,093 - root - INFO - 测试用例地址：/Users/lilei/Desktop/AutoTestDome/test_case/test_dome.py
2023-03-30 18:55:32,061 - root - INFO - reqData:{'tel': 11111111111}
2023-03-30 18:56:22,598 - root - INFO - 临时文件存放路径：/Users/lilei/Desktop/AutoTestDome/output/report/temporaryAllureFile/2023-03-30/18:56:22
2023-03-30 18:56:22,598 - root - INFO - 报告文件：：/Users/lilei/Desktop/AutoTestDome/output/report/allureResult/2023-03-30/18:56:22
2023-03-30 18:56:22,599 - root - INFO - 测试用例地址：/Users/lilei/Desktop/AutoTestDome/test_case/test_dome.py
2023-03-30 18:56:27,390 - root - INFO - tel:11111111111
2023-03-30 18:56:51,408 - root - INFO - 临时文件存放路径：/Users/lilei/Desktop/AutoTestDome/output/report/temporaryAllureFile/2023-03-30/18:56:51
2023-03-30 18:56:51,408 - root - INFO - 报告文件：：/Users/lilei/Desktop/AutoTestDome/output/report/allureResult/2023-03-30/18:56:51
2023-03-30 18:56:51,409 - root - INFO - 测试用例地址：/Users/lilei/Desktop/AutoTestDome/test_case/test_dome.py
2023-03-30 18:57:21,380 - root - INFO - 临时文件存放路径：/Users/lilei/Desktop/AutoTestDome/output/report/temporaryAllureFile/2023-03-30/18:57:21
2023-03-30 18:57:21,381 - root - INFO - 报告文件：：/Users/lilei/Desktop/AutoTestDome/output/report/allureResult/2023-03-30/18:57:21
2023-03-30 18:57:21,382 - root - INFO - 测试用例地址：/Users/lilei/Desktop/AutoTestDome/test_case/test_dome.py
2023-03-30 18:57:38,209 - root - INFO - 临时文件存放路径：/Users/lilei/Desktop/AutoTestDome/output/report/temporaryAllureFile/2023-03-30/18:57:38
2023-03-30 18:57:38,210 - root - INFO - 报告文件：：/Users/lilei/Desktop/AutoTestDome/output/report/allureResult/2023-03-30/18:57:38
2023-03-30 18:57:38,211 - root - INFO - 测试用例地址：/Users/lilei/Desktop/AutoTestDome/test_case/test_dome.py
2023-03-30 18:57:44,656 - root - INFO - 请求URL：http://8.140.20.209:8877/updateUserInfo?tel=11111111111
2023-03-30 18:57:44,656 - root - INFO - 请求信息头：{'Content-Type': 'application/json'}
2023-03-30 18:57:45,228 - root - INFO - ------------TEST RESULT-------------
2023-03-30 18:57:47,405 - root - INFO - reponse_dataNone
2023-03-30 18:59:52,937 - root - INFO - 临时文件存放路径：/Users/lilei/Desktop/AutoTestDome/output/report/temporaryAllureFile/2023-03-30/18:59:52
2023-03-30 18:59:52,937 - root - INFO - 报告文件：：/Users/lilei/Desktop/AutoTestDome/output/report/allureResult/2023-03-30/18:59:52
2023-03-30 18:59:52,938 - root - INFO - 测试用例地址：/Users/lilei/Desktop/AutoTestDome/test_case/test_dome.py
2023-03-30 19:00:19,344 - root - INFO - 请求URL：http://8.140.20.209:8877/updateUserInfo?tel=11111111111
2023-03-30 19:00:23,320 - root - INFO - 请求信息头：{'Content-Type': 'application/json'}
2023-03-30 19:01:10,702 - root - INFO - 临时文件存放路径：/Users/lilei/Desktop/AutoTestDome/output/report/temporaryAllureFile/2023-03-30/19:01:10
2023-03-30 19:01:10,702 - root - INFO - 报告文件：：/Users/lilei/Desktop/AutoTestDome/output/report/allureResult/2023-03-30/19:01:10
2023-03-30 19:01:10,703 - root - INFO - 测试用例地址：/Users/lilei/Desktop/AutoTestDome/test_case/test_dome.py
2023-03-30 19:01:10,844 - root - INFO - 请求URL：http://8.140.20.209:8877/updateUserInfo?tel=11111111111
2023-03-30 19:01:10,845 - root - INFO - 请求信息头：{'Content-Type': 'application/json'}
2023-03-30 19:01:10,908 - root - INFO - 返回参数:{'code': 1, 'msg': '请检查手机号是否正确'}
2023-03-30 19:01:10,909 - root - INFO - ------------TEST RESULT-------------
2023-03-30 19:01:10,909 - root - INFO - reponse_data:{'code': 1, 'msg': '请检查手机号是否正确'}
